=== QCA-AID Console Log gestartet: 2025-11-17 22:32:04 ===
Log-Datei: C:\Users\justu\OneDrive\Projekte\Forschung\R-Projects\QCA-AID\output\console_log_20251117_223204.txt
============================================================
=== Qualitative Inhaltsanalyse nach Mayring ===
Versuche Konfiguration zu laden von: C:\Users\justu\OneDrive\Projekte\Forschung\R-Projects\QCA-AID\QCA-AID-Codebook.xlsx

Ã–ffne Excel-Datei...
Excel-Datei erfolgreich geladen. VerfÃ¼gbare Sheets: ['FORSCHUNGSFRAGE', 'DEDUKTIVE_KATEGORIEN', 'KODIERREGELN', 'CONFIG']

Lese DEDUKTIVE_KATEGORIEN Sheet...

Kodierregeln geladen:
- Allgemeine Regeln: 5
- Formatregeln: 3
- Ausschlussregeln: 3
[CONFIG] EXPORT_ANNOTATED_PDFS geladen: True
[CONFIG] SIMILARITY_THRESHOLD geladen: 0.7
[CONFIG] ANALYSIS_MODE geladen: abductive
[CONFIG] REVIEW_MODE geladen: consensus
[SANITIZE] Ausgabeverzeichnis: C:\Users\justu\OneDrive\Projekte\Forschung\R-Projects\QCA-AID\output
[SANITIZE] Verzeichnis: C:\Users\justu\OneDrive\Projekte\Forschung\R-Projects\QCA-AID\input
[SANITIZE] Verzeichnis: C:\Users\justu\OneDrive\Projekte\Forschung\R-Projects\QCA-AID\output
[SANITIZE] CHUNK_SIZE = 1000
[SANITIZE] CHUNK_OVERLAP = 40
[SANITIZE] CODE_WITH_CONTEXT = False
[SANITIZE] MULTIPLE_CODINGS = True
[SANITIZE] MULTIPLE_CODING_THRESHOLD = 0.85
[SANITIZE] BATCH_SIZE = 5

Starte Laden der deduktiven Kategorien...

Lade deduktive Kategorien...
Erfolgreich 8 Kategorien geladen

Kategorien erfolgreich in Config gespeichert

Konfiguration erfolgreich geladen
No existing revision history found - starting fresh

2. Lese Dokumente ein...

DocumentReader initialisiert:
Verzeichnis: C:\Users\justu\OneDrive\Projekte\Forschung\R-Projects\QCA-AID\input
UnterstÃ¼tzte Formate: .pdf, .docx, .txt

Dateianalyse:

Gefundene Dateien:
[ERROR] .input-dir
[OK] dummy_solar_media.txt
[OK] text_demo_wiss.pdf
[OK] trial_case_iv_2.pdf

Verarbeite Dateien:

Lese: dummy_solar_media.txt
[OK] Erfolgreich eingelesen: 441 Zeichen

Lese: text_demo_wiss.pdf

Lese PDF: text_demo_wiss.pdf
  Gefundene Seiten: 1
  Seite 1/1: 4126 Zeichen extrahiert

Ergebnis:
  [OK] 1 Textabschnitte extrahiert
  [OK] GesamtlÃ¤nge: 4126 Zeichen
[OK] Erfolgreich eingelesen: 4126 Zeichen

Lese: trial_case_iv_2.pdf

Lese PDF: trial_case_iv_2.pdf
  Gefundene Seiten: 1
  Seite 1/1: 4320 Zeichen extrahiert

Ergebnis:
  [OK] 1 Textabschnitte extrahiert
  [OK] GesamtlÃ¤nge: 4320 Zeichen
[OK] Erfolgreich eingelesen: 4320 Zeichen

Verarbeitungsstatistik:
- Dateien im Verzeichnis: 4
- UnterstÃ¼tzte Dateien: 3
- Erfolgreich eingelesen: 3

3. Induktive Kodierung konfigurieren...

Gespeichertes induktives Codebook gefunden.
Automatische FortfÃœhrung in 10 Sekunden...

MÃ–chten Sie das gespeicherte erweiterte Kodesystem laden? (j/N) (10s): 
MÃ–chten Sie das gespeicherte erweiterte Kodesystem laden? (j/N) (9s): 
MÃ–chten Sie das gespeicherte erweiterte Kodesystem laden? (j/N) (8s): 
MÃ–chten Sie das gespeicherte erweiterte Kodesystem laden? (j/N) (7s): 
MÃ–chten Sie das gespeicherte erweiterte Kodesystem laden? (j/N) (6s): 
MÃ–chten Sie das gespeicherte erweiterte Kodesystem laden? (j/N) (5s): 
MÃ–chten Sie das gespeicherte erweiterte Kodesystem laden? (j/N) (4s): 

Aktueller Analysemodus aus Codebook: {default_mode}
Sie haben 10 Sekunden Zeit fuer die Eingabe.
Optionen:
1 = inductive (volle induktive Analyse)
2 = abductive (nur Subkategorien entwickeln)
3 = deductive (nur deduktiv)
4 = grounded (Subkategorien sammeln, spaeter Hauptkategorien generieren)

Welchen Analysemodus moechten Sie verwenden? [1/2/3/4] (Standard: abductive) (10s): 
Welchen Analysemodus moechten Sie verwenden? [1/2/3/4] (Standard: abductive) (9s): 
Welchen Analysemodus moechten Sie verwenden? [1/2/3/4] (Standard: abductive) (8s): 

Analysemodus: deductive (Skip induktiv)

4. Konfiguriere Kodierer...
ğŸ§¾ Kodierer auto_1: 8 deduktive Kategorien geladen (deductive mode)
ğŸ”§ Initialisiere LLM Provider: openai
âœ… OpenAI Client erfolgreich initialisiert
ğŸ¤– LLM Provider 'openai' fuer Kodierer auto_1 initialisiert
ğŸ§¾ Kodierer auto_2: 8 deduktive Kategorien geladen (deductive mode)
ğŸ”§ Initialisiere LLM Provider: openai
âœ… OpenAI Client erfolgreich initialisiert
ğŸ¤– LLM Provider 'openai' fuer Kodierer auto_2 initialisiert

Konfiguriere manuelle Kodierung...
Sie haben 10 Sekunden Zeit fuer die Eingabe.
Druecken Sie 'j' fuer manuelle Kodierung oder 'n' zum Ãœberspringen.

MÃ–chten Sie manuell kodieren? (j/N) (10s): 
MÃ–chten Sie manuell kodieren? (j/N) (9s): 
MÃ–chten Sie manuell kodieren? (j/N) (8s): 

[INFO] Keine manuelle Kodierung - nur automatische Kodierung wird durchgefÃœhrt

5. Bereite Material vor...

Chunking Ergebnis:
- Anzahl Chunks: 1
- Durchschnittliche Chunk-LÃ¤nge: 441 Zeichen
- dummy_solar_media.txt: 1 Chunks erstellt

Chunking Ergebnis:
- Anzahl Chunks: 5
- Durchschnittliche Chunk-LÃ¤nge: 831 Zeichen
- text_demo_wiss.pdf: 5 Chunks erstellt

Chunking Ergebnis:
- Anzahl Chunks: 5
- Durchschnittliche Chunk-LÃ¤nge: 867 Zeichen
- trial_case_iv_2.pdf: 5 Chunks erstellt

7. Starte integrierte Analyse...

Kodierungsmodus: Mit progressivem Kontext
ğŸ”§ Initialisiere LLM Provider: openai
âœ… OpenAI Client erfolgreich initialisiert

RelevanceChecker initialisiert:
- 0 Ausschlussregeln geladen

RelevanceChecker initialisiert:
- 0 Ausschlussregeln geladen
- Mehrfachkodierung: Aktiviert
- Mehrfachkodierung-Schwellenwert: 0.85
ğŸ”§ Initialisiere LLM Provider: openai
âœ… OpenAI Client erfolgreich initialisiert

Ã°Å¸â€Â¬ Induktive Kodierung initialisiert:
- Min. Batches vor SÃ„ttigung: 5
- Min. Materialabdeckung: 80%
- StabilitÃ„tsschwelle: 3 Batches
ğŸ§¾ Kodierer auto_1: 8 deduktive Kategorien geladen (deductive mode)
ğŸ”§ Initialisiere LLM Provider: openai
âœ… OpenAI Client erfolgreich initialisiert
ğŸ¤– LLM Provider 'openai' fuer Kodierer auto_1 initialisiert
ğŸ§¾ Kodierer auto_2: 8 deduktive Kategorien geladen (deductive mode)
ğŸ”§ Initialisiere LLM Provider: openai
âœ… OpenAI Client erfolgreich initialisiert
ğŸ¤– LLM Provider 'openai' fuer Kodierer auto_2 initialisiert

Kontextuelle Kodierung: Aktiviert

Ã°Å¸â€Â¬ IntegratedAnalysisManager initialisiert:
   - Analysemodus: deductive
[OK] Session statistics reset

[TIP] Tipp: Druecken Sie ESC um die Kodierung sicher zu unterbrechen und Zwischenergebnisse zu speichern

Analyse gestartet um 22:32:17
Verarbeite 11 Segmente mit Batch-GrÃ–áºe 5...
Verarbeite 11 Segmente mit Batch-GrÃ–áºe 5...

============================================================
ğŸ§¾ BATCH 1: 5 Segmente
â„¹ï¸ Material verarbeitet: 0.0%
============================================================

ğŸ•µï¸ Schritt 1: Erweiterte RelevanzprÃœfung fuer Forschungsfrage...
[REVIEW] Erweiterte Relevanzpruefung mit Kategorie-Vorauswahl fuer 5 Segmente...

--- Analysefortschritt ---
Verarbeitet: 0 Segmente
Geschwindigkeit: 0.0 Segmente/Stunde
------------------------
âœ… Model gpt-4o-mini unterstÃ¼tzt temperature-Parameter
[OK] Erweiterte Relevanzpruefung abgeschlossen: 5 relevante Segmente
ğŸ§¾ Erweiterte Relevanz: 5 von 5 Segmenten relevant
ğŸ¯ Kategorie-PrÃ„ferenzen: {'Akteure': 3, 'Kontextfaktoren': 2, 'Prozesse': 3, 'Outcomes': 1}

ğŸ“ NÃ„chster Schritt: Deduktive Kodierung aller 5 Segmente...
ğŸ¯ Kontext-Kodierung: 5 Segmente haben Kategorie-PrÃ„ferenzen
ğŸ¯ HÃ„ufigste PrÃ„ferenzen: {'Akteure': 3, 'Prozesse': 3, 'Kontextfaktoren': 2}
[SEARCH] Relevanzpruefung: 5 neue Segmente
   ğŸ“¦ Verwende normale Batch-Methode fÃ¼r 5 Segmente
   [STATS] Relevanz-Ergebnisse: 0/5 als relevant eingestuft

ğŸ•µï¸ Verarbeite Segment dummy_solar_media.txt_chunk_0 mit Kontext ([TARGET] Fokus auf 2 Kategorien: Akteure, Kontextfaktoren)
  ğŸ—‘ï¸ Segment als nicht relevant markiert - wird Ãœbersprungen

ğŸ•µï¸ Verarbeite Segment text_demo_wiss.pdf_chunk_0 mit Kontext ([TARGET] Fokus auf 1 Kategorien: Kontextfaktoren)
  ğŸ—‘ï¸ Segment als nicht relevant markiert - wird Ãœbersprungen

ğŸ•µï¸ Verarbeite Segment text_demo_wiss.pdf_chunk_1 mit Kontext ([TARGET] Fokus auf 2 Kategorien: Akteure, Prozesse)
  ğŸ—‘ï¸ Segment als nicht relevant markiert - wird Ãœbersprungen

ğŸ•µï¸ Verarbeite Segment text_demo_wiss.pdf_chunk_2 mit Kontext ([TARGET] Fokus auf 2 Kategorien: Akteure, Prozesse)
  ğŸ—‘ï¸ Segment als nicht relevant markiert - wird Ãœbersprungen

ğŸ•µï¸ Verarbeite Segment text_demo_wiss.pdf_chunk_3 mit Kontext ([TARGET] Fokus auf 2 Kategorien: Prozesse, Outcomes)
  ğŸ—‘ï¸ Segment als nicht relevant markiert - wird Ãœbersprungen

ğŸ§¾ SÃ„ttigungsstatus:
   [TARGET] Theoretische SÃ„ttigung: 53.6%
   â„¹ï¸ Materialabdeckung: 45.5%

â„¹ï¸ Fortschritt:
   - Verarbeitete Segmente: 5/11
   - Aktuelle Kategorien: 8
   - Kodierungen: 10
   - Batch-Zeit: 22.42s

============================================================
ğŸ§¾ BATCH 2: 5 Segmente
â„¹ï¸ Material verarbeitet: 45.5%
============================================================

ğŸ•µï¸ Schritt 1: Erweiterte RelevanzprÃœfung fuer Forschungsfrage...
[REVIEW] Erweiterte Relevanzpruefung mit Kategorie-Vorauswahl fuer 5 Segmente...

--- Analysefortschritt ---
Verarbeitet: 5 Segmente
Geschwindigkeit: 599.4 Segmente/Stunde
------------------------
[OK] Erweiterte Relevanzpruefung abgeschlossen: 5 relevante Segmente
ğŸ§¾ Erweiterte Relevanz: 5 von 5 Segmenten relevant
ğŸ¯ Kategorie-PrÃ„ferenzen: {'Kontextfaktoren': 2, 'Akteure': 2, 'Prozesse': 2, 'Herausforderungen': 1, 'Strategien': 2}

ğŸ“ NÃ„chster Schritt: Deduktive Kodierung aller 5 Segmente...
ğŸ¯ Kontext-Kodierung: 5 Segmente haben Kategorie-PrÃ„ferenzen
ğŸ¯ HÃ„ufigste PrÃ„ferenzen: {'Kontextfaktoren': 2, 'Akteure': 2, 'Prozesse': 2}
[SEARCH] Relevanzpruefung: 5 neue Segmente
   ğŸ“¦ Verwende normale Batch-Methode fÃ¼r 5 Segmente
   [STATS] Relevanz-Ergebnisse: 4/5 als relevant eingestuft
  â„¹ï¸ PrÃœfe 4 relevante Segmente auf Mehrfachkodierung...
[LAUNCH] Parallele Mehrfachkodierungs-Pruefung: 4 Segmente
[WARN] Fehler bei Mehrfachkodierungs-Pruefung trial_case_iv_2.pdf_chunk_3: '>=' not supported between instances of 'float' and 'str'

--- Analysefortschritt ---
Verarbeitet: 10 Segmente
Geschwindigkeit: 599.7 Segmente/Stunde
------------------------
[WARN] Fehler bei Mehrfachkodierungs-Pruefung trial_case_iv_2.pdf_chunk_2: '>=' not supported between instances of 'float' and 'str'
[WARN] Fehler bei Mehrfachkodierungs-Pruefung trial_case_iv_2.pdf_chunk_0: '>=' not supported between instances of 'float' and 'str'
[WARN] Fehler bei Mehrfachkodierungs-Pruefung trial_case_iv_2.pdf_chunk_1: '>=' not supported between instances of 'float' and 'str'
âš¡ 4 Mehrfachkodierungs-PrÃ¼fungen in 14.01s
ğŸ”„ 0 Segmente mit Mehrfachkodierung identifiziert

ğŸ•µï¸ Verarbeite Segment text_demo_wiss.pdf_chunk_4 mit Kontext ([TARGET] Fokus auf 1 Kategorien: Kontextfaktoren)
  ğŸ—‘ï¸ Segment als nicht relevant markiert - wird Ãœbersprungen

ğŸ•µï¸ Verarbeite Segment trial_case_iv_2.pdf_chunk_0 mit Kontext ([TARGET] Fokus auf 2 Kategorien: Akteure, Kontextfaktoren)

Deduktiver Kodierer ğŸ¤– **auto_1** verarbeitet Chunk mit progressivem Kontext...
Dokumentfortschritt: ca. 0.0%
Summary-Reifephase: PHASE 1 (Sammlung), max. Ã„nderung: 50%

Ã°Å¸â€”â€™Ã¯Â¸Â  Paraphrase: Die Befragten diskutieren die Forschungsbedingungen an einer Hochschule, insbesondere die Anzahl der Projekte und mÃ¶gliche Anreize wie Boni fÃ¼r Ãœberstunden, wobei eine kritische Haltung gegenÃ¼ber diesen Anreizen geÃ¤uÃŸert wird.
  âœ… Kodierung von auto_1: ğŸ“  Akteure
  âœ… Subkategorien von auto_1: ğŸ“  Individuelle_Akteure, Kollektive_Akteure
  âœ… Keywords von auto_1: ğŸ“  Forschungsbedingungen, Anreize, Boni

ğŸ”€Â Summary fuer trial_case_iv_2.pdf aktualisiert (18 WÃ–rter):
Akteure: Diskussion Ã¼ber Forschungsbedingungen und Anreize; Boni fÃ¼r Ãœberstunden werden kritisch betrachtet. Kontextfaktoren: Forschungsprojekte Ã¼bersteigen KapazitÃ¤ten der Kollegen....
â„¹ï¸ Summary aktualisiert: 18 WÃ–rter
  âœ… Kodierer auto_1: Akteure [TARGET]

Deduktiver Kodierer ğŸ¤– **auto_2** verarbeitet Chunk mit progressivem Kontext...
Dokumentfortschritt: ca. 0.0%
Summary-Reifephase: PHASE 1 (Sammlung), max. Ã„nderung: 50%

Ã°Å¸â€”â€™Ã¯Â¸Â  Paraphrase: In der Diskussion wird nach den Forschungsbedingungen und Anreizen fÃ¼r Projekte gefragt. Es wird erwÃ¤hnt, dass es Boni fÃ¼r Ãœberstunden gibt, jedoch auch Bedenken hinsichtlich dieser Praxis geÃ¤uÃŸert werden.
  âœ… Kodierung von auto_2: ğŸ“  Akteure
  âœ… Subkategorien von auto_2: ğŸ“  Individuelle_Akteure, Kollektive_Akteure
  âœ… Keywords von auto_2: ğŸ“  Forschung, Boni, Anreize

ğŸ”€Â Summary fuer trial_case_iv_2.pdf aktualisiert (18 WÃ–rter):
Akteure: Forschung wird durch Anreize und Boni beeinflusst; Bedenken hinsichtlich Ãœberstunden geÃ¤uÃŸert. Kontextfaktoren: Bedingungen fÃ¼r Forschung werden hinterfragt....
  âœ… Kodierer auto_2: Akteure [TARGET]

ğŸ•µï¸ Verarbeite Segment trial_case_iv_2.pdf_chunk_1 mit Kontext ([TARGET] Fokus auf 2 Kategorien: Prozesse, Herausforderungen)

Deduktiver Kodierer ğŸ¤– **auto_1** verarbeitet Chunk mit progressivem Kontext...
Dokumentfortschritt: ca. 5.0%
Summary-Reifephase: PHASE 1 (Sammlung), max. Ã„nderung: 50%

--- Analysefortschritt ---
Verarbeitet: 10 Segmente
Geschwindigkeit: 399.8 Segmente/Stunde
------------------------
Summary Ã„nderung: 34.6% (Ziel: max. 50%)

Ã°Å¸â€”â€™Ã¯Â¸Â  Paraphrase: Der Autor rÃ¤t neuen Kollegen von bezahlter Zusatzarbeit ab, da dies die LehrqualitÃ¤t beeintrÃ¤chtigt und zu Burnout fÃ¼hren kann. Die Hochschule HS1 betont die Bedeutung der LehrqualitÃ¤t, die bei zusÃ¤tzlicher Arbeit nicht gewÃ¤hrleistet werden kann.
  âœ… Kodierung von auto_1: ğŸ“  Herausforderungen
  âœ… Subkategorien von auto_1: ğŸ“  Individuell
  âœ… Keywords von auto_1: ğŸ“  LehrqualitÃ¤t, Burnout, Zusatzarbeit

ğŸ”€Â Summary fuer trial_case_iv_2.pdf aktualisiert (26 WÃ–rter):
Akteure: Diskussion Ã¼ber Forschungsbedingungen und Anreize; Boni fÃ¼r Ãœberstunden kritisch betrachtet. Herausforderungen: Bezahlte Zusatzarbeit gefÃ¤hrdet LehrqualitÃ¤t und fÃ¼hrt zu Burnout. Kontextfaktoren: Forschungsprojekte Ã¼bersteigen KapazitÃ¤ten der Kollegen....
â„¹ï¸ Summary aktualisiert: 26 WÃ–rter
  âœ… Kodierer auto_1: Herausforderungen [TARGET]

Deduktiver Kodierer ğŸ¤– **auto_2** verarbeitet Chunk mit progressivem Kontext...
Dokumentfortschritt: ca. 5.0%
Summary-Reifephase: PHASE 1 (Sammlung), max. Ã„nderung: 50%
Summary Ã„nderung: 78.8% (Ziel: max. 50%)

Ã°Å¸â€”â€™Ã¯Â¸Â  Paraphrase: Der Sprecher rÃ¤t neuen Kollegen von bezahlter Zusatzarbeit ab, da dies die QualitÃ¤t der Lehre beeintrÃ¤chtigt und zu Burnout fÃ¼hren kann. Die Hochschule HS1 betont die Wichtigkeit der LehrqualitÃ¤t.
  âœ… Kodierung von auto_2: ğŸ“  Herausforderungen
  âœ… Subkategorien von auto_2: ğŸ“  Individuell
  âœ… Keywords von auto_2: ğŸ“  Zusatzarbeit, Lehre, Burnout

ğŸ”€Â Summary fuer trial_case_iv_2.pdf aktualisiert (24 WÃ–rter):
Akteure: Diskussion Ã¼ber Boni fÃ¼r Ãœberstunden; Herausforderungen: Ãœberlastung durch Zusatzarbeit fÃ¼hrt zu QualitÃ¤tsverlust in der Lehre und Burnout; Prozesse: Entscheidungsfindung Ã¼ber Arbeitsbelastung und Lehre....
  âœ… Kodierer auto_2: Herausforderungen [TARGET]

ğŸ•µï¸ Verarbeite Segment trial_case_iv_2.pdf_chunk_2 mit Kontext ([TARGET] Fokus auf 2 Kategorien: Prozesse, Strategien)

Deduktiver Kodierer ğŸ¤– **auto_1** verarbeitet Chunk mit progressivem Kontext...
Dokumentfortschritt: ca. 10.0%
Summary-Reifephase: PHASE 1 (Sammlung), max. Ã„nderung: 50%
Summary Ã„nderung: 80.0% (Ziel: max. 50%)

Ã°Å¸â€”â€™Ã¯Â¸Â  Paraphrase: Der Sprecher findet das Modell, Unterrichtseinheiten zu erlassen und Projekte zu Ã¼bernehmen, attraktiv, da es die MÃ¶glichkeit bietet, Neues zu lernen und in die Vorlesung zu integrieren. Gleichzeitig wird die Mehrarbeit durch Projekte als Herausforderung wahrgenommen.
  âœ… Kodierung von auto_1: ğŸ“  Prozesse
  âœ… Subkategorien von auto_1: ğŸ“  Entwicklungsprozesse
  âœ… Keywords von auto_1: ğŸ“  Unterrichtseinheiten, Projekte, Mehrarbeit

ğŸ”€Â Summary fuer trial_case_iv_2.pdf aktualisiert (18 WÃ–rter):
Akteure: Diskussion Ã¼ber Forschungsbedingungen; Herausforderungen: Bezahlte Zusatzarbeit gefÃ¤hrdet LehrqualitÃ¤t; Prozesse: Austausch durch Projekte; Strategien: Anreize durch innovative Lehrmodelle....
â„¹ï¸ Summary aktualisiert: 18 WÃ–rter
  âœ… Kodierer auto_1: Prozesse [TARGET]

Deduktiver Kodierer ğŸ¤– **auto_2** verarbeitet Chunk mit progressivem Kontext...
Dokumentfortschritt: ca. 10.0%
Summary-Reifephase: PHASE 1 (Sammlung), max. Ã„nderung: 50%

--- Analysefortschritt ---
Verarbeitet: 10 Segmente
Geschwindigkeit: 299.9 Segmente/Stunde
------------------------
Summary Ã„nderung: 80.5% (Ziel: max. 50%)

Ã°Å¸â€”â€™Ã¯Â¸Â  Paraphrase: Der Sprecher findet das Modell, Unterrichtseinheiten zu erlassen und Projekte zu Ã¼bernehmen, attraktiv, da es den Austausch und das Lernen fÃ¶rdert. Gleichzeitig wird die Mehrarbeit durch Projekte als belastend wahrgenommen.
  âœ… Kodierung von auto_2: ğŸ“  Prozesse
  âœ… Subkategorien von auto_2: ğŸ“  Entwicklungsprozesse
  âœ… Keywords von auto_2: ğŸ“  Unterrichtseinheiten, Projekte, Mehrarbeit

ğŸ”€Â Summary fuer trial_case_iv_2.pdf aktualisiert (24 WÃ–rter):
Akteure: Diskussion Ã¼ber Forschungsbedingungen; Herausforderungen: Bezahlte Zusatzarbeit gefÃ¤hrdet LehrqualitÃ¤t; Prozesse: Erlass von Unterrichtseinheiten fÃ¶rdert Austausch und Lernen; Strategien: Mehrarbeit durch Projekte als belastend wahrgenommen....
  âœ… Kodierer auto_2: Prozesse [TARGET]

ğŸ•µï¸ Verarbeite Segment trial_case_iv_2.pdf_chunk_3 mit Kontext ([TARGET] Fokus auf 2 Kategorien: Akteure, Strategien)

Deduktiver Kodierer ğŸ¤– **auto_1** verarbeitet Chunk mit progressivem Kontext...
Dokumentfortschritt: ca. 15.0%
Summary-Reifephase: PHASE 1 (Sammlung), max. Ã„nderung: 50%
Summary Ã„nderung: 86.8% (Ziel: max. 50%)

Ã°Å¸â€”â€™Ã¯Â¸Â  Paraphrase: Die individuelle Motivation der Lehrenden wird durch externe Anreize wie Erlass von Unterrichtsstunden oder hÃ¶here Bezahlung beeinflusst. Es wird empfohlen, sich in Forschungsprojekte einzubringen, um die eigene Expertise zu erweitern und veraltete Inhalte zu vermeiden.
  âœ… Kodierung von auto_1: ğŸ“  Akteure
  âœ… Subkategorien von auto_1: ğŸ“  Individuelle_Akteure
  âœ… Keywords von auto_1: ğŸ“  individuelle Motivation, Anreize, Forschungsprojekte

ğŸ”€Â Summary fuer trial_case_iv_2.pdf aktualisiert (28 WÃ–rter):
Akteure: Lehrende werden durch externe Anreize wie Unterrichtserlass und hÃ¶here Bezahlung motiviert. Strategien: Empfehlungen zur Teilnahme an Forschungsprojekten zur Erweiterung der Expertise. Herausforderungen: Veraltete Inhalte durch mangelnde ForschungstÃ¤tigkeit....
â„¹ï¸ Summary aktualisiert: 28 WÃ–rter
  âœ… Kodierer auto_1: Akteure [TARGET]

Deduktiver Kodierer ğŸ¤– **auto_2** verarbeitet Chunk mit progressivem Kontext...
Dokumentfortschritt: ca. 15.0%
Summary-Reifephase: PHASE 1 (Sammlung), max. Ã„nderung: 50%


============================================================
ğŸ›‘ ESCAPE-TASTE GEDRÃœCKT - KODIERUNG UNTERBRECHEN?
============================================================

Aktueller Status:
- Verarbeitete Segmente: 10
- Erstellte Kodierungen: 10
- Verstrichene Zeit: 143.1 Sekunden

âœ… 10 Kodierungen wurden bereits erstellt
   Diese kÃ¶nnen als Zwischenergebnisse exportiert werden.

============================================================
OPTIONEN:
j + ENTER = Kodierung beenden und Zwischenergebnisse exportieren
n + ENTER = Kodierung fortsetzen
ESC       = Sofort beenden ohne Export
============================================================

Ihre Wahl (Timeout in 30 Sekunden): 
ESC

ğŸ›‘ Sofortiger Abbruch ohne Export...
[ABORT] Abbruch-Signal gesendet...
Summary Ã„nderung: 88.2% (Ziel: max. 50%)

Ã°Å¸â€”â€™Ã¯Â¸Â  Paraphrase: Die Motivation zur Teilnahme an Forschungsprojekten hÃ¤ngt von externen Anreizen wie weniger Unterrichtsstunden oder hÃ¶herer Bezahlung ab. ZusÃ¤tzlich wird empfohlen, sich als Experte im Bereich Nachhaltigkeit zu positionieren, um relevante Inhalte zu vermeiden.
  âœ… Kodierung von auto_2: ğŸ“  Akteure
  âœ… Subkategorien von auto_2: ğŸ“  Individuelle_Akteure
  âœ… Keywords von auto_2: ğŸ“  Motivation, Anreize, Nachhaltigkeit

ğŸ”€Â Summary fuer trial_case_iv_2.pdf aktualisiert (22 WÃ–rter):
Akteure: Externe Anreize motivieren zur Teilnahme an Forschungsprojekten; Strategien: Erlass von Unterrichtsstunden, hÃ¶here Bezahlung; Herausforderungen: Gefahr der Veralterung von Inhalten ohne Forschungserfahrung....
  âœ… Kodierer auto_2: Akteure [TARGET]

ğŸ§¾ SÃ„ttigungsstatus:
   [TARGET] Theoretische SÃ„ttigung: 53.6%
   â„¹ï¸ Materialabdeckung: 90.9%

â„¹ï¸ Fortschritt:
   - Verarbeitete Segmente: 10/11
   - Aktuelle Kategorien: 8
   - Kodierungen: 20
   - Batch-Zeit: 123.49s

ğŸ Abbruch durch Benutzer erkannt...

ğŸ§¾ Exportiere Zwischenergebnisse...

Codebook gespeichert unter: C:\Users\justu\OneDrive\Projekte\Forschung\R-Projects\QCA-AID\output\codebook_intermediate_20251117_223443.json
- Deduktive Kategorien: 8
- Induktive Kategorien: 0
- Grounded Kategorien: 0
ğŸ”€Â Zwischenkategorien gespeichert: 8 Kategorien
ğŸ§¾ Exportiere 20 Zwischenkodierungen...
No existing revision history found - starting fresh
ğŸ§¾ Exportiere Zwischenergebnisse bei Abbruch...
ğŸ§¾ Exportiere umfassende Ergebnisse mit consensus-Modus...
ğŸ”€â€¹ Exportiere Hauptergebnisse...
   - RelevanceChecker Details: {'confidence': 0.2, 'key_aspects': [], 'justification': 'Das Segment behandelt die Solarbranche und das Unternehmen Enpal, jedoch gibt es keinen Bezug zu einem spezifischen PhÃ¤nomen oder Setting, das in der Forschungsfrage angesprochen wird.', 'reasoning': 'Keine BegrÃ¼ndung verfÃ¼gbar', 'main_themes': [], 'exclusion_match': False}
âš ï¸ Fehler beim Export: At least one sheet must be visible
[22:34:43] Traceback (most recent call last):
[22:34:43]   File "C:\Users\justu\OneDrive\Projekte\Forschung\R-Projects\QCA-AID\QCA_AID_assets\export\results_exporter.py", line 947, in export_results
    self._export_main_results(writer, codings, original_categories)
[22:34:43]   File "C:\Users\justu\OneDrive\Projekte\Forschung\R-Projects\QCA-AID\QCA_AID_assets\export\results_exporter.py", line 1332, in _export_main_results
    'Dokument': _sanitize_text_for_excel(doc_name),  # FIX: Korrekte ParameterÃœbergabe
                ^^^^^^^^^^^^^^^^^^^^^^^^
[22:34:43] NameError: name '_sanitize_text_for_excel' is not defined
[22:34:43] 
During handling of the above exception, another exception occurred:

[22:34:43] Traceback (most recent call last):
[22:34:43]   File "C:\Users\justu\OneDrive\Projekte\Forschung\R-Projects\QCA-AID\QCA_AID_assets\export\results_exporter.py", line 942, in export_results
    with pd.ExcelWriter(filepath, engine='openpyxl') as writer:
[22:34:43]   File "C:\Users\justu\AppData\Local\Packages\PythonSoftwareFoundation.Python.3.11_qbz5n2kfra8p0\LocalCache\local-packages\Python311\site-packages\pandas\io\excel\_base.py", line 1353, in __exit__
    self.close()
[22:34:43]   File "C:\Users\justu\AppData\Local\Packages\PythonSoftwareFoundation.Python.3.11_qbz5n2kfra8p0\LocalCache\local-packages\Python311\site-packages\pandas\io\excel\_base.py", line 1357, in close
    self._save()
[22:34:43]   File "C:\Users\justu\AppData\Local\Packages\PythonSoftwareFoundation.Python.3.11_qbz5n2kfra8p0\LocalCache\local-packages\Python311\site-packages\pandas\io\excel\_openpyxl.py", line 110, in _save
    self.book.save(self._handles.handle)
[22:34:43]   File "C:\Users\justu\AppData\Local\Packages\PythonSoftwareFoundation.Python.3.11_qbz5n2kfra8p0\LocalCache\local-packages\Python311\site-packages\openpyxl\workbook\workbook.py", line 386, in save
    save_workbook(self, filename)
[22:34:43]   File "C:\Users\justu\AppData\Local\Packages\PythonSoftwareFoundation.Python.3.11_qbz5n2kfra8p0\LocalCache\local-packages\Python311\site-packages\openpyxl\writer\excel.py", line 294, in save_workbook
    writer.save()
[22:34:43]   File "C:\Users\justu\AppData\Local\Packages\PythonSoftwareFoundation.Python.3.11_qbz5n2kfra8p0\LocalCache\local-packages\Python311\site-packages\openpyxl\writer\excel.py", line 275, in save
    self.write_data()
[22:34:43]   File "C:\Users\justu\AppData\Local\Packages\PythonSoftwareFoundation.Python.3.11_qbz5n2kfra8p0\LocalCache\local-packages\Python311\site-packages\openpyxl\writer\excel.py", line 89, in write_data
    archive.writestr(ARC_WORKBOOK, writer.write())
                                   ^^^^^^^^^^^^^^
[22:34:43]   File "C:\Users\justu\AppData\Local\Packages\PythonSoftwareFoundation.Python.3.11_qbz5n2kfra8p0\LocalCache\local-packages\Python311\site-packages\openpyxl\workbook\_writer.py", line 150, in write
    self.write_views()
[22:34:43]   File "C:\Users\justu\AppData\Local\Packages\PythonSoftwareFoundation.Python.3.11_qbz5n2kfra8p0\LocalCache\local-packages\Python311\site-packages\openpyxl\workbook\_writer.py", line 137, in write_views
    active = get_active_sheet(self.wb)
             ^^^^^^^^^^^^^^^^^^^^^^^^^
[22:34:43]   File "C:\Users\justu\AppData\Local\Packages\PythonSoftwareFoundation.Python.3.11_qbz5n2kfra8p0\LocalCache\local-packages\Python311\site-packages\openpyxl\workbook\_writer.py", line 35, in get_active_sheet
    raise IndexError("At least one sheet must be visible")
[22:34:43] IndexError: At least one sheet must be visible
[OK] Zwischenergebnisse erfolgreich exportiert!
ğŸ”€â€š Dateien im Ordner: C:\Users\justu\OneDrive\Projekte\Forschung\R-Projects\QCA-AID\output
ğŸ”€â€ Export-Datei: QCA-AID_Analysis_INTERMEDIATE_20251117_223443.xlsx

FortschrittsÃœberwachung beendet.

FÃœge 20 automatische Kodierungen hinzu

Gesamtzahl Kodierungen: 20

8. Berechne korrekte Intercoder-ReliabilitÃ„t...

ğŸ§¾ Umfassende Krippendorff's Alpha Analyse...
ğŸ•µï¸ Gefilterte ursprÃœngliche Kodierungen: 20
ğŸ§¾ Overall Alpha Details:
   - Durchschnittliche Jaccard-Ãœbereinstimmung: 1.000
   - Erwartete ZufallsÃœbereinstimmung: 0.250
   - Overall Alpha (Jaccard-basiert): 1.000
ğŸ§¾ Hauptkategorien Alpha Details:
   - Durchschnittliche Ãœbereinstimmung: 1.000
   - Hauptkategorien Alpha (Jaccard): 1.000
ğŸ•µï¸ Debug Subkategorien: Analysiere 10 Segmente
  Vergleich 1: [] vs [] -> 1.000
  Vergleich 2: [] vs [] -> 1.000
  Vergleich 3: [] vs [] -> 1.000
ğŸ§¾ Subkategorien-Alpha Details:
   - Vergleiche durchgefÃœhrt: 10
   - Durchschnittliche Ãœbereinstimmung: 1.000
   - Erwartete ZufallsÃœbereinstimmung: 0.250
   - Partielle Ãœbereinstimmungs-Alpha: 1.000

â„¹ï¸ Krippendorff's Alpha ReliabilitÃ„ts-Analyse:
============================================================
Overall Alpha (Jaccard-basiert):       1.000
Hauptkategorien Alpha (Jaccard):       1.000
Subkategorien Alpha (Jaccard):         1.000
Vergleichbare Segmente:                10
Anzahl Kodierer:                       2

â„¹ï¸ Methodik:
   - Alle Alpha-Werte verwenden Jaccard-Ã„hnlichkeit
   - Konsistente Set-basierte Berechnung
   - Overall sollte zwischen Haupt- und Sub-Alpha liegen
   [OK] Mathematische Konsistenz: 1.000 Ã¢â€°Â¤ 1.000 Ã¢â€°Â¤ 1.000

Bewertung Overall Alpha:               Exzellent
ğŸ“ˆ Krippendorff's Alpha (korrigiert fuer Mehrfachkodierungen): 1.000

9. FÃœhre kategorie-zentrierten Review-Prozess durch...
ğŸ”€â€¹ Review-Modus: consensus
ğŸ“ˆ Eingabe: 20 ursprÃœngliche Kodierungen

=== REVIEW-PROZESS (CONSENSUS) ===
â„¹ï¸ Erstelle kategorie-spezifische Segmente...
[OK] 10 kategorie-spezifische Segmente erstellt
ğŸ•µï¸ FÃœhre Consensus-Review durch...
Review abgeschlossen: 10 finale Kodierungen
[OK] Review abgeschlossen: 10 finale Kodierungen
============================================================
=== QCA-AID Console Log beendet: 2025-11-17 22:34:43 ===
