=== QCA-AID Console Log gestartet: 2025-11-17 22:07:51 ===
Log-Datei: C:\Users\justu\OneDrive\Projekte\Forschung\R-Projects\QCA-AID\output\console_log_20251117_220751.txt
============================================================
=== Qualitative Inhaltsanalyse nach Mayring ===
Versuche Konfiguration zu laden von: C:\Users\justu\OneDrive\Projekte\Forschung\R-Projects\QCA-AID\QCA-AID-Codebook.xlsx

√ñffne Excel-Datei...
Excel-Datei erfolgreich geladen. Verf√ºgbare Sheets: ['FORSCHUNGSFRAGE', 'DEDUKTIVE_KATEGORIEN', 'KODIERREGELN', 'CONFIG']

Lese DEDUKTIVE_KATEGORIEN Sheet...

Kodierregeln geladen:
- Allgemeine Regeln: 5
- Formatregeln: 3
- Ausschlussregeln: 3
FIX: SIMILARITY_THRESHOLD aus Codebook geladen: 0.7
EXPORT_ANNOTATED_PDFS aus Codebook geladen: True (urspr√ºnglich: 'true')
ANALYSIS_MODE aus Codebook geladen: abductive
REVIEW_MODE aus Codebook geladen: consensus
Drittes Attribut-Label geladen: nan
Standard-Ausgabeverzeichnis gesichert: C:\Users\justu\OneDrive\Projekte\Forschung\R-Projects\QCA-AID\output
Verzeichnis gesichert: C:\Users\justu\OneDrive\Projekte\Forschung\R-Projects\QCA-AID\input
Verzeichnis gesichert: C:\Users\justu\OneDrive\Projekte\Forschung\R-Projects\QCA-AID\output
√úbernehme CHUNK_SIZE aus Codebook: 1000
√úbernehme CHUNK_OVERLAP aus Codebook: 40
√úbernehme CODE_WITH_CONTEXT aus Codebook: False
√úbernehme MULTIPLE_CODINGS aus Codebook: True
√úbernehme MULTIPLE_CODING_THRESHOLD aus Codebook: 0.85
Finale BATCH_SIZE: 5

Starte Laden der deduktiven Kategorien...

Lade deduktive Kategorien...
Erfolgreich 8 Kategorien geladen

Kategorien erfolgreich in Config gespeichert

Konfiguration erfolgreich geladen
No existing revision history found - starting fresh

2. Lese Dokumente ein...

DocumentReader initialisiert:
Verzeichnis: C:\Users\justu\OneDrive\Projekte\Forschung\R-Projects\QCA-AID\input
Unterst√ºtzte Formate: .txt, .docx, .pdf

Dateianalyse:

Gefundene Dateien:
[ERROR] .input-dir
[OK] dummy_solar_media.txt
[OK] text_demo_wiss.pdf
[OK] trial_case_iv_2.pdf

Verarbeite Dateien:

Lese: dummy_solar_media.txt
[OK] Erfolgreich eingelesen: 441 Zeichen

Lese: text_demo_wiss.pdf

Lese PDF: text_demo_wiss.pdf
  Gefundene Seiten: 1
  Seite 1/1: 4126 Zeichen extrahiert

Ergebnis:
  [OK] 1 Textabschnitte extrahiert
  [OK] Gesamtl√§nge: 4126 Zeichen
[OK] Erfolgreich eingelesen: 4126 Zeichen

Lese: trial_case_iv_2.pdf

Lese PDF: trial_case_iv_2.pdf
  Gefundene Seiten: 1
  Seite 1/1: 4320 Zeichen extrahiert

Ergebnis:
  [OK] 1 Textabschnitte extrahiert
  [OK] Gesamtl√§nge: 4320 Zeichen
[OK] Erfolgreich eingelesen: 4320 Zeichen

Verarbeitungsstatistik:
- Dateien im Verzeichnis: 4
- Unterst√ºtzte Dateien: 3
- Erfolgreich eingelesen: 3

3. Induktive Kodierung konfigurieren...

Gespeichertes induktives Codebook gefunden.
Automatische Fortf√úhrung in 10 Sekunden...

M√ñchten Sie das gespeicherte erweiterte Kodesystem laden? (j/N) (10s): 
M√ñchten Sie das gespeicherte erweiterte Kodesystem laden? (j/N) (9s): 
M√ñchten Sie das gespeicherte erweiterte Kodesystem laden? (j/N) (8s): 
M√ñchten Sie das gespeicherte erweiterte Kodesystem laden? (j/N) (7s): 
M√ñchten Sie das gespeicherte erweiterte Kodesystem laden? (j/N) (6s): 
M√ñchten Sie das gespeicherte erweiterte Kodesystem laden? (j/N) (5s): 
M√ñchten Sie das gespeicherte erweiterte Kodesystem laden? (j/N) (4s): 
M√ñchten Sie das gespeicherte erweiterte Kodesystem laden? (j/N) (3s): 
M√ñchten Sie das gespeicherte erweiterte Kodesystem laden? (j/N) (2s): 
M√ñchten Sie das gespeicherte erweiterte Kodesystem laden? (j/N) (1s): 
Keine Eingabe innerhalb von 10 Sekunden - verwende 'n'

Aktueller Analysemodus aus Codebook: {default_mode}
Sie haben 10 Sekunden Zeit fuer die Eingabe.
Optionen:
1 = inductive (volle induktive Analyse)
2 = abductive (nur Subkategorien entwickeln)
3 = deductive (nur deduktiv)
4 = grounded (Subkategorien sammeln, spaeter Hauptkategorien generieren)

Welchen Analysemodus moechten Sie verwenden? [1/2/3/4] (Standard: abductive) (10s): 
Welchen Analysemodus moechten Sie verwenden? [1/2/3/4] (Standard: abductive) (9s): 
Welchen Analysemodus moechten Sie verwenden? [1/2/3/4] (Standard: abductive) (8s): 
Welchen Analysemodus moechten Sie verwenden? [1/2/3/4] (Standard: abductive) (7s): 
Welchen Analysemodus moechten Sie verwenden? [1/2/3/4] (Standard: abductive) (6s): 
Welchen Analysemodus moechten Sie verwenden? [1/2/3/4] (Standard: abductive) (5s): 
Welchen Analysemodus moechten Sie verwenden? [1/2/3/4] (Standard: abductive) (4s): 
Welchen Analysemodus moechten Sie verwenden? [1/2/3/4] (Standard: abductive) (3s): 
Welchen Analysemodus moechten Sie verwenden? [1/2/3/4] (Standard: abductive) (2s): 
Welchen Analysemodus moechten Sie verwenden? [1/2/3/4] (Standard: abductive) (1s): 
Keine Eingabe innerhalb von 10 Sekunden - verwende 'n'

Ungueltiger Modus 'n'. Verwende Default-Modus 'abductive'.

Analysemodus: abductive 

4. Konfiguriere Kodierer...
Fehler in der Hauptausf√úhrung: 'charmap' codec can't encode character '\u274c' in position 106: character maps to <undefined>
[22:08:11] Traceback (most recent call last):
[22:08:11]   File "C:\Users\justu\OneDrive\Projekte\Forschung\R-Projects\QCA-AID\QCA_AID_assets\QCA_Utils.py", line 5792, in write
    self.stream1.write(data)
[22:08:11]   File "C:\Program Files\WindowsApps\PythonSoftwareFoundation.Python.3.11_3.11.2544.0_x64__qbz5n2kfra8p0\Lib\encodings\cp1252.py", line 19, in encode
    return codecs.charmap_encode(input,self.errors,encoding_table)[0]
           ^^^^^^^^^^^^^^^^^^^^^^^^^^^^^^^^^^^^^^^^^^^^^^^^^^^^^^^
[22:08:11] UnicodeEncodeError: 'charmap' codec can't encode character '\U0001f9fe' in position 0: character maps to <undefined>
[22:08:11] 
During handling of the above exception, another exception occurred:

[22:08:11] Traceback (most recent call last):
[22:08:11]   File "C:\Users\justu\OneDrive\Projekte\Forschung\R-Projects\QCA-AID\QCA_AID_assets\analysis\deductive_coding.py", line 102, in __init__
    print(f"üßæ Kodierer {coder_id}: {len(self.current_categories)} deduktive Kategorien geladen ({analysis_mode} mode)")
[22:08:11]   File "C:\Users\justu\OneDrive\Projekte\Forschung\R-Projects\QCA-AID\QCA_AID_assets\QCA_Utils.py", line 5813, in write
    self.stream1.write(f"[LOG ERROR: {e}] {data}")
[22:08:11]   File "C:\Program Files\WindowsApps\PythonSoftwareFoundation.Python.3.11_3.11.2544.0_x64__qbz5n2kfra8p0\Lib\encodings\cp1252.py", line 19, in encode
    return codecs.charmap_encode(input,self.errors,encoding_table)[0]
           ^^^^^^^^^^^^^^^^^^^^^^^^^^^^^^^^^^^^^^^^^^^^^^^^^^^^^^^
[22:08:11] UnicodeEncodeError: 'charmap' codec can't encode character '\U0001f9fe' in position 110: character maps to <undefined>
[22:08:11] 
During handling of the above exception, another exception occurred:

[22:08:11] Traceback (most recent call last):
[22:08:11]   File "C:\Users\justu\OneDrive\Projekte\Forschung\R-Projects\QCA-AID\QCA_AID_assets\QCA_Utils.py", line 5792, in write
    self.stream1.write(data)
[22:08:11]   File "C:\Program Files\WindowsApps\PythonSoftwareFoundation.Python.3.11_3.11.2544.0_x64__qbz5n2kfra8p0\Lib\encodings\cp1252.py", line 19, in encode
    return codecs.charmap_encode(input,self.errors,encoding_table)[0]
           ^^^^^^^^^^^^^^^^^^^^^^^^^^^^^^^^^^^^^^^^^^^^^^^^^^^^^^^
[22:08:11] UnicodeEncodeError: 'charmap' codec can't encode character '\u274c' in position 0: character maps to <undefined>
[22:08:11] 
During handling of the above exception, another exception occurred:

[22:08:11] Traceback (most recent call last):
[22:08:11]   File "C:\Users\justu\OneDrive\Projekte\Forschung\R-Projects\QCA-AID\QCA_AID_assets\main.py", line 344, in main
    auto_coders = [
                  ^
[22:08:11]   File "C:\Users\justu\OneDrive\Projekte\Forschung\R-Projects\QCA-AID\QCA_AID_assets\main.py", line 345, in <listcomp>
    DeductiveCoder(
[22:08:11]   File "C:\Users\justu\OneDrive\Projekte\Forschung\R-Projects\QCA-AID\QCA_AID_assets\analysis\deductive_coding.py", line 104, in __init__
    print(f"‚ùå Fehler beim Laden der Kategorien fuer Kodierer {coder_id}: {str(e)}")
[22:08:11]   File "C:\Users\justu\OneDrive\Projekte\Forschung\R-Projects\QCA-AID\QCA_AID_assets\QCA_Utils.py", line 5813, in write
    self.stream1.write(f"[LOG ERROR: {e}] {data}")
[22:08:11]   File "C:\Program Files\WindowsApps\PythonSoftwareFoundation.Python.3.11_3.11.2544.0_x64__qbz5n2kfra8p0\Lib\encodings\cp1252.py", line 19, in encode
    return codecs.charmap_encode(input,self.errors,encoding_table)[0]
           ^^^^^^^^^^^^^^^^^^^^^^^^^^^^^^^^^^^^^^^^^^^^^^^^^^^^^^^
[22:08:11] UnicodeEncodeError: 'charmap' codec can't encode character '\u274c' in position 106: character maps to <undefined>
============================================================
=== QCA-AID Console Log beendet: 2025-11-17 22:08:11 ===
