=== QCA-AID Console Log gestartet: 2025-11-17 18:34:52 ===
Log-Datei: C:\Users\justu\OneDrive\Projekte\Forschung\R-Projects\QCA-AID\output\console_log_20251117_183452.txt
============================================================
=== Qualitative Inhaltsanalyse nach Mayring ===
Versuche Konfiguration zu laden von: C:\Users\justu\OneDrive\Projekte\Forschung\R-Projects\QCA-AID\QCA-AID-Codebook.xlsx

√ñffne Excel-Datei...
Excel-Datei erfolgreich geladen. Verf√ºgbare Sheets: ['FORSCHUNGSFRAGE', 'DEDUKTIVE_KATEGORIEN', 'KODIERREGELN', 'CONFIG']

Lese DEDUKTIVE_KATEGORIEN Sheet...

Kodierregeln geladen:
- Allgemeine Regeln: 5
- Formatregeln: 3
- Ausschlussregeln: 3
EXPORT_ANNOTATED_PDFS aus Codebook geladen: True (urspr√ºnglich: 'true')
ANALYSIS_MODE aus Codebook geladen: abductive
REVIEW_MODE aus Codebook geladen: consensus
Drittes Attribut-Label geladen: nan
Standard-Ausgabeverzeichnis gesichert: C:\Users\justu\OneDrive\Projekte\Forschung\R-Projects\QCA-AID\output
Verzeichnis gesichert: C:\Users\justu\OneDrive\Projekte\Forschung\R-Projects\QCA-AID\input
Verzeichnis gesichert: C:\Users\justu\OneDrive\Projekte\Forschung\R-Projects\QCA-AID\output
√úbernehme CHUNK_SIZE aus Codebook: 1000
√úbernehme CHUNK_OVERLAP aus Codebook: 40
√úbernehme CODE_WITH_CONTEXT aus Codebook: False
√úbernehme MULTIPLE_CODINGS aus Codebook: True
√úbernehme MULTIPLE_CODING_THRESHOLD aus Codebook: 0.85
Finale BATCH_SIZE: 5

Starte Laden der deduktiven Kategorien...

Lade deduktive Kategorien...
Erfolgreich 8 Kategorien geladen

Kategorien erfolgreich in Config gespeichert

Konfiguration erfolgreich geladen
No existing revision history found - starting fresh

2. Lese Dokumente ein...

DocumentReader initialisiert:
Verzeichnis: C:\Users\justu\OneDrive\Projekte\Forschung\R-Projects\QCA-AID\input
Unterst√ºtzte Formate: .txt, .docx, .pdf

Dateianalyse:

Gefundene Dateien:
[ERROR] .input-dir
[OK] dummy_solar_media.txt
[OK] text_demo_wiss.pdf
[OK] trial_case_iv_2.pdf

Verarbeite Dateien:

Lese: dummy_solar_media.txt
[OK] Erfolgreich eingelesen: 441 Zeichen

Lese: text_demo_wiss.pdf

Lese PDF: text_demo_wiss.pdf
  Gefundene Seiten: 1
  Seite 1/1: 4126 Zeichen extrahiert

Ergebnis:
  [OK] 1 Textabschnitte extrahiert
  [OK] Gesamtl√§nge: 4126 Zeichen
[OK] Erfolgreich eingelesen: 4126 Zeichen

Lese: trial_case_iv_2.pdf

Lese PDF: trial_case_iv_2.pdf
  Gefundene Seiten: 1
  Seite 1/1: 4320 Zeichen extrahiert

Ergebnis:
  [OK] 1 Textabschnitte extrahiert
  [OK] Gesamtl√§nge: 4320 Zeichen
[OK] Erfolgreich eingelesen: 4320 Zeichen

Verarbeitungsstatistik:
- Dateien im Verzeichnis: 4
- Unterst√ºtzte Dateien: 3
- Erfolgreich eingelesen: 3

3. Induktive Kodierung konfigurieren...

Gespeichertes induktives Codebook gefunden.
Automatische Fortf√úhrung in 10 Sekunden...


M√ñchten Sie das gespeicherte erweiterte Kodesystem laden? (j/N) (10s): 

M√ñchten Sie das gespeicherte erweiterte Kodesystem laden? (j/N) (9s): 

M√ñchten Sie das gespeicherte erweiterte Kodesystem laden? (j/N) (8s): 

M√ñchten Sie das gespeicherte erweiterte Kodesystem laden? (j/N) (7s): 

M√ñchten Sie das gespeicherte erweiterte Kodesystem laden? (j/N) (6s): 

M√ñchten Sie das gespeicherte erweiterte Kodesystem laden? (j/N) (5s): 

M√ñchten Sie das gespeicherte erweiterte Kodesystem laden? (j/N) (4s): 

Aktueller Analysemodus aus Codebook: {default_mode}
Sie haben 10 Sekunden Zeit fuer die Eingabe.
Optionen:
1 = inductive (volle induktive Analyse)
2 = abductive (nur Subkategorien entwickeln)
3 = deductive (nur deduktiv)
4 = grounded (Subkategorien sammeln, spaeter Hauptkategorien generieren)


Welchen Analysemodus moechten Sie verwenden? [1/2/3/4] (Standard: abductive) (10s): 

Welchen Analysemodus moechten Sie verwenden? [1/2/3/4] (Standard: abductive) (9s): 

Welchen Analysemodus moechten Sie verwenden? [1/2/3/4] (Standard: abductive) (8s): 

Welchen Analysemodus moechten Sie verwenden? [1/2/3/4] (Standard: abductive) (7s): 

Welchen Analysemodus moechten Sie verwenden? [1/2/3/4] (Standard: abductive) (6s): 

Welchen Analysemodus moechten Sie verwenden? [1/2/3/4] (Standard: abductive) (5s): 

Welchen Analysemodus moechten Sie verwenden? [1/2/3/4] (Standard: abductive) (4s): 

Analysemodus: deductive (Skip induktiv)

4. Konfiguriere Kodierer...
üßæ Kodierer auto_1: 8 deduktive Kategorien geladen (deductive mode)
Initialisiere LLM Provider: openai
OpenAI Client erfolgreich initialisiert
ü§ñ LLM Provider 'openai' fuer Kodierer auto_1 initialisiert
üßæ Kodierer auto_2: 8 deduktive Kategorien geladen (deductive mode)
Initialisiere LLM Provider: openai
OpenAI Client erfolgreich initialisiert
ü§ñ LLM Provider 'openai' fuer Kodierer auto_2 initialisiert

Konfiguriere manuelle Kodierung...
Sie haben 10 Sekunden Zeit fuer die Eingabe.
Druecken Sie 'j' fuer manuelle Kodierung oder 'n' zum √úberspringen.


M√ñchten Sie manuell kodieren? (j/N) (10s): 

M√ñchten Sie manuell kodieren? (j/N) (9s): 

M√ñchten Sie manuell kodieren? (j/N) (8s): 

M√ñchten Sie manuell kodieren? (j/N) (7s): 

M√ñchten Sie manuell kodieren? (j/N) (6s): 

M√ñchten Sie manuell kodieren? (j/N) (5s): 

M√ñchten Sie manuell kodieren? (j/N) (4s): 

M√ñchten Sie manuell kodieren? (j/N) (3s): 

M√ñchten Sie manuell kodieren? (j/N) (2s): 

M√ñchten Sie manuell kodieren? (j/N) (1s): 

[INFO] Keine manuelle Kodierung - nur automatische Kodierung wird durchgef√úhrt

5. Bereite Material vor...

Chunking Ergebnis:
- Anzahl Chunks: 1
- Durchschnittliche Chunk-L√§nge: 441 Zeichen
- dummy_solar_media.txt: 1 Chunks erstellt

Chunking Ergebnis:
- Anzahl Chunks: 5
- Durchschnittliche Chunk-L√§nge: 831 Zeichen
- text_demo_wiss.pdf: 5 Chunks erstellt

Chunking Ergebnis:
- Anzahl Chunks: 5
- Durchschnittliche Chunk-L√§nge: 867 Zeichen
- trial_case_iv_2.pdf: 5 Chunks erstellt

7. Starte integrierte Analyse...

Kodierungsmodus: Mit progressivem Kontext
Initialisiere LLM Provider: openai
OpenAI Client erfolgreich initialisiert

RelevanceChecker initialisiert:
- 0 Ausschlussregeln geladen

RelevanceChecker initialisiert:
- 0 Ausschlussregeln geladen
- Mehrfachkodierung: Aktiviert
- Mehrfachkodierung-Schwellenwert: 0.85
Initialisiere LLM Provider: openai
OpenAI Client erfolgreich initialisiert

√∞≈∏‚Äù¬¨ Induktive Kodierung initialisiert:
- Min. Batches vor S√Ñttigung: 5
- Min. Materialabdeckung: 80%
- Stabilit√Ñtsschwelle: 3 Batches
üßæ Kodierer auto_1: 8 deduktive Kategorien geladen (deductive mode)
Initialisiere LLM Provider: openai
OpenAI Client erfolgreich initialisiert
ü§ñ LLM Provider 'openai' fuer Kodierer auto_1 initialisiert
üßæ Kodierer auto_2: 8 deduktive Kategorien geladen (deductive mode)
Initialisiere LLM Provider: openai
OpenAI Client erfolgreich initialisiert
ü§ñ LLM Provider 'openai' fuer Kodierer auto_2 initialisiert

Kontextuelle Kodierung: Aktiviert

√∞≈∏‚Äù¬¨ IntegratedAnalysisManager initialisiert:
   - Analysemodus: deductive
[OK] Session-Statistiken zurueckgesetzt

[TIP] Tipp: Druecken Sie ESC um die Kodierung sicher zu unterbrechen und Zwischenergebnisse zu speichern

Analyse gestartet um 18:35:16
Verarbeite 11 Segmente mit Batch-Gr√ñ·∫ûe 5...
Verarbeite 11 Segmente mit Batch-Gr√ñ·∫ûe 5...

============================================================
üßæ BATCH 1: 5 Segmente
‚ÑπÔ∏è Material verarbeitet: 0.0%
============================================================

üïµÔ∏è Schritt 1: Erweiterte Relevanzpr√úfung fuer Forschungsfrage...
[REVIEW] Erweiterte Relevanzpruefung mit Kategorie-Vorauswahl fuer 5 Segmente...
Fehler bei erweiterter Relevanzpr√ºfung: Expecting value: line 1 column 1 (char 0)
[SEARCH] Relevanzpruefung: 5 neue Segmente
   üì¶ Verwende normale Batch-Methode f√ºr 5 Segmente
Fehler bei paralleler Relevanzpr√ºfung: Expecting value: line 1 column 1 (char 0)
[18:35:16] Traceback (most recent call last):
[18:35:16]   File "C:\Users\justu\OneDrive\Projekte\Forschung\R-Projects\QCA-AID\QCA_AID_assets\analysis\relevance_checker.py", line 278, in check_relevance_batch
    results = json.loads(llm_response.content)
              ^^^^^^^^^^^^^^^^^^^^^^^^^^^^^^^^
[18:35:16]   File "C:\Program Files\WindowsApps\PythonSoftwareFoundation.Python.3.11_3.11.2544.0_x64__qbz5n2kfra8p0\Lib\json\__init__.py", line 346, in loads
    return _default_decoder.decode(s)
           ^^^^^^^^^^^^^^^^^^^^^^^^^^
[18:35:16]   File "C:\Program Files\WindowsApps\PythonSoftwareFoundation.Python.3.11_3.11.2544.0_x64__qbz5n2kfra8p0\Lib\json\decoder.py", line 337, in decode
    obj, end = self.raw_decode(s, idx=_w(s, 0).end())
               ^^^^^^^^^^^^^^^^^^^^^^^^^^^^^^^^^^^^^^
[18:35:16]   File "C:\Program Files\WindowsApps\PythonSoftwareFoundation.Python.3.11_3.11.2544.0_x64__qbz5n2kfra8p0\Lib\json\decoder.py", line 355, in raw_decode
    raise JSONDecodeError("Expecting value", s, err.value) from None
[18:35:16] json.decoder.JSONDecodeError: Expecting value: line 1 column 1 (char 0)
üßæ Erweiterte Relevanz: 5 von 5 Segmenten relevant
üéØ Kategorie-Pr√Ñferenzen: {}

üìù N√Ñchster Schritt: Deduktive Kodierung aller 5 Segmente...
üéØ Kontext-Kodierung: 5 Segmente haben Kategorie-Pr√Ñferenzen
[SEARCH] Relevanzpruefung: 5 neue Segmente
   üì¶ Verwende normale Batch-Methode f√ºr 5 Segmente
Fehler bei paralleler Relevanzpr√ºfung: Expecting value: line 1 column 1 (char 0)
[18:35:16] Traceback (most recent call last):
[18:35:16]   File "C:\Users\justu\OneDrive\Projekte\Forschung\R-Projects\QCA-AID\QCA_AID_assets\analysis\relevance_checker.py", line 278, in check_relevance_batch
    results = json.loads(llm_response.content)
              ^^^^^^^^^^^^^^^^^^^^^^^^^^^^^^^^
[18:35:16]   File "C:\Program Files\WindowsApps\PythonSoftwareFoundation.Python.3.11_3.11.2544.0_x64__qbz5n2kfra8p0\Lib\json\__init__.py", line 346, in loads
    return _default_decoder.decode(s)
           ^^^^^^^^^^^^^^^^^^^^^^^^^^
[18:35:16]   File "C:\Program Files\WindowsApps\PythonSoftwareFoundation.Python.3.11_3.11.2544.0_x64__qbz5n2kfra8p0\Lib\json\decoder.py", line 337, in decode
    obj, end = self.raw_decode(s, idx=_w(s, 0).end())
               ^^^^^^^^^^^^^^^^^^^^^^^^^^^^^^^^^^^^^^
[18:35:16]   File "C:\Program Files\WindowsApps\PythonSoftwareFoundation.Python.3.11_3.11.2544.0_x64__qbz5n2kfra8p0\Lib\json\decoder.py", line 355, in raw_decode
    raise JSONDecodeError("Expecting value", s, err.value) from None
[18:35:16] json.decoder.JSONDecodeError: Expecting value: line 1 column 1 (char 0)
  ‚ÑπÔ∏è Pr√úfe 5 relevante Segmente auf Mehrfachkodierung...
[LAUNCH] Parallele Mehrfachkodierungs-Pruefung: 5 Segmente
Fehler bei paralleler Mehrfachkodierungs-Pr√ºfung: 'set' object is not subscriptable
[18:35:16] Traceback (most recent call last):
[18:35:16]   File "C:\Users\justu\OneDrive\Projekte\Forschung\R-Projects\QCA-AID\QCA_AID_assets\analysis\relevance_checker.py", line 121, in check_multiple_category_relevance
    'examples': cat_def.examples[:2] if cat_def.examples else []
                ~~~~~~~~~~~~~~~~^^^^
[18:35:16] TypeError: 'set' object is not subscriptable

üïµÔ∏è Verarbeite Segment dummy_solar_media.txt_chunk_0 mit Kontext
[SEARCH] Relevanzpruefung: 1 neue Segmente
   üì¶ Verwende normale Batch-Methode f√ºr 1 Segmente
Fehler bei paralleler Relevanzpr√ºfung: Expecting value: line 1 column 1 (char 0)
[18:35:16] Traceback (most recent call last):
[18:35:16]   File "C:\Users\justu\OneDrive\Projekte\Forschung\R-Projects\QCA-AID\QCA_AID_assets\analysis\relevance_checker.py", line 278, in check_relevance_batch
    results = json.loads(llm_response.content)
              ^^^^^^^^^^^^^^^^^^^^^^^^^^^^^^^^
[18:35:16]   File "C:\Program Files\WindowsApps\PythonSoftwareFoundation.Python.3.11_3.11.2544.0_x64__qbz5n2kfra8p0\Lib\json\__init__.py", line 346, in loads
    return _default_decoder.decode(s)
           ^^^^^^^^^^^^^^^^^^^^^^^^^^
[18:35:16]   File "C:\Program Files\WindowsApps\PythonSoftwareFoundation.Python.3.11_3.11.2544.0_x64__qbz5n2kfra8p0\Lib\json\decoder.py", line 337, in decode
    obj, end = self.raw_decode(s, idx=_w(s, 0).end())
               ^^^^^^^^^^^^^^^^^^^^^^^^^^^^^^^^^^^^^^
[18:35:16]   File "C:\Program Files\WindowsApps\PythonSoftwareFoundation.Python.3.11_3.11.2544.0_x64__qbz5n2kfra8p0\Lib\json\decoder.py", line 355, in raw_decode
    raise JSONDecodeError("Expecting value", s, err.value) from None
[18:35:16] json.decoder.JSONDecodeError: Expecting value: line 1 column 1 (char 0)

Deduktiver Kodierer ü§ñ **auto_1** verarbeitet Chunk mit progressivem Kontext...
Dokumentfortschritt: ca. 0.0%
Summary-Reifephase: PHASE 1 (Sammlung), max. √Ñnderung: 50%
Fehler bei der Kodierung durch auto_1: Expecting value: line 1 column 1 (char 0)
Details:
[18:35:16] Traceback (most recent call last):
[18:35:16]   File "C:\Users\justu\OneDrive\Projekte\Forschung\R-Projects\QCA-AID\QCA_AID_assets\analysis\deductive_coding.py", line 574, in code_chunk_with_progressive_context
    result = json.loads(llm_response.content)
             ^^^^^^^^^^^^^^^^^^^^^^^^^^^^^^^^
[18:35:16]   File "C:\Program Files\WindowsApps\PythonSoftwareFoundation.Python.3.11_3.11.2544.0_x64__qbz5n2kfra8p0\Lib\json\__init__.py", line 346, in loads
    return _default_decoder.decode(s)
           ^^^^^^^^^^^^^^^^^^^^^^^^^^
[18:35:16]   File "C:\Program Files\WindowsApps\PythonSoftwareFoundation.Python.3.11_3.11.2544.0_x64__qbz5n2kfra8p0\Lib\json\decoder.py", line 337, in decode
    obj, end = self.raw_decode(s, idx=_w(s, 0).end())
               ^^^^^^^^^^^^^^^^^^^^^^^^^^^^^^^^^^^^^^
[18:35:16]   File "C:\Program Files\WindowsApps\PythonSoftwareFoundation.Python.3.11_3.11.2544.0_x64__qbz5n2kfra8p0\Lib\json\decoder.py", line 355, in raw_decode
    raise JSONDecodeError("Expecting value", s, err.value) from None
[18:35:16] json.decoder.JSONDecodeError: Expecting value: line 1 column 1 (char 0)
  √¢≈°¬† Keine Kodierung von auto_1 erhalten

Deduktiver Kodierer ü§ñ **auto_2** verarbeitet Chunk mit progressivem Kontext...
Dokumentfortschritt: ca. 0.0%
Summary-Reifephase: PHASE 1 (Sammlung), max. √Ñnderung: 50%
Fehler bei der Kodierung durch auto_2: Expecting value: line 1 column 1 (char 0)
Details:
[18:35:16] Traceback (most recent call last):
[18:35:16]   File "C:\Users\justu\OneDrive\Projekte\Forschung\R-Projects\QCA-AID\QCA_AID_assets\analysis\deductive_coding.py", line 574, in code_chunk_with_progressive_context
    result = json.loads(llm_response.content)
             ^^^^^^^^^^^^^^^^^^^^^^^^^^^^^^^^
[18:35:16]   File "C:\Program Files\WindowsApps\PythonSoftwareFoundation.Python.3.11_3.11.2544.0_x64__qbz5n2kfra8p0\Lib\json\__init__.py", line 346, in loads
    return _default_decoder.decode(s)
           ^^^^^^^^^^^^^^^^^^^^^^^^^^
[18:35:16]   File "C:\Program Files\WindowsApps\PythonSoftwareFoundation.Python.3.11_3.11.2544.0_x64__qbz5n2kfra8p0\Lib\json\decoder.py", line 337, in decode
    obj, end = self.raw_decode(s, idx=_w(s, 0).end())
               ^^^^^^^^^^^^^^^^^^^^^^^^^^^^^^^^^^^^^^
[18:35:16]   File "C:\Program Files\WindowsApps\PythonSoftwareFoundation.Python.3.11_3.11.2544.0_x64__qbz5n2kfra8p0\Lib\json\decoder.py", line 355, in raw_decode
    raise JSONDecodeError("Expecting value", s, err.value) from None
[18:35:16] json.decoder.JSONDecodeError: Expecting value: line 1 column 1 (char 0)
  √¢≈°¬† Keine Kodierung von auto_2 erhalten

üïµÔ∏è Verarbeite Segment text_demo_wiss.pdf_chunk_0 mit Kontext
[SEARCH] Relevanzpruefung: 1 neue Segmente
   üì¶ Verwende normale Batch-Methode f√ºr 1 Segmente
Fehler bei paralleler Relevanzpr√ºfung: Expecting value: line 1 column 1 (char 0)
[18:35:16] Traceback (most recent call last):
[18:35:16]   File "C:\Users\justu\OneDrive\Projekte\Forschung\R-Projects\QCA-AID\QCA_AID_assets\analysis\relevance_checker.py", line 278, in check_relevance_batch
    results = json.loads(llm_response.content)
              ^^^^^^^^^^^^^^^^^^^^^^^^^^^^^^^^
[18:35:16]   File "C:\Program Files\WindowsApps\PythonSoftwareFoundation.Python.3.11_3.11.2544.0_x64__qbz5n2kfra8p0\Lib\json\__init__.py", line 346, in loads
    return _default_decoder.decode(s)
           ^^^^^^^^^^^^^^^^^^^^^^^^^^
[18:35:16]   File "C:\Program Files\WindowsApps\PythonSoftwareFoundation.Python.3.11_3.11.2544.0_x64__qbz5n2kfra8p0\Lib\json\decoder.py", line 337, in decode
    obj, end = self.raw_decode(s, idx=_w(s, 0).end())
               ^^^^^^^^^^^^^^^^^^^^^^^^^^^^^^^^^^^^^^
[18:35:16]   File "C:\Program Files\WindowsApps\PythonSoftwareFoundation.Python.3.11_3.11.2544.0_x64__qbz5n2kfra8p0\Lib\json\decoder.py", line 355, in raw_decode
    raise JSONDecodeError("Expecting value", s, err.value) from None
[18:35:16] json.decoder.JSONDecodeError: Expecting value: line 1 column 1 (char 0)

Deduktiver Kodierer ü§ñ **auto_1** verarbeitet Chunk mit progressivem Kontext...
Dokumentfortschritt: ca. 0.0%
Summary-Reifephase: PHASE 1 (Sammlung), max. √Ñnderung: 50%
Fehler bei der Kodierung durch auto_1: Expecting value: line 1 column 1 (char 0)
Details:
[18:35:16] Traceback (most recent call last):
[18:35:16]   File "C:\Users\justu\OneDrive\Projekte\Forschung\R-Projects\QCA-AID\QCA_AID_assets\analysis\deductive_coding.py", line 574, in code_chunk_with_progressive_context
    result = json.loads(llm_response.content)
             ^^^^^^^^^^^^^^^^^^^^^^^^^^^^^^^^
[18:35:16]   File "C:\Program Files\WindowsApps\PythonSoftwareFoundation.Python.3.11_3.11.2544.0_x64__qbz5n2kfra8p0\Lib\json\__init__.py", line 346, in loads
    return _default_decoder.decode(s)
           ^^^^^^^^^^^^^^^^^^^^^^^^^^
[18:35:16]   File "C:\Program Files\WindowsApps\PythonSoftwareFoundation.Python.3.11_3.11.2544.0_x64__qbz5n2kfra8p0\Lib\json\decoder.py", line 337, in decode
    obj, end = self.raw_decode(s, idx=_w(s, 0).end())
               ^^^^^^^^^^^^^^^^^^^^^^^^^^^^^^^^^^^^^^
[18:35:16]   File "C:\Program Files\WindowsApps\PythonSoftwareFoundation.Python.3.11_3.11.2544.0_x64__qbz5n2kfra8p0\Lib\json\decoder.py", line 355, in raw_decode
    raise JSONDecodeError("Expecting value", s, err.value) from None
[18:35:16] json.decoder.JSONDecodeError: Expecting value: line 1 column 1 (char 0)
  √¢≈°¬† Keine Kodierung von auto_1 erhalten

Deduktiver Kodierer ü§ñ **auto_2** verarbeitet Chunk mit progressivem Kontext...
Dokumentfortschritt: ca. 0.0%
Summary-Reifephase: PHASE 1 (Sammlung), max. √Ñnderung: 50%
Fehler bei der Kodierung durch auto_2: Expecting value: line 1 column 1 (char 0)
Details:
[18:35:16] Traceback (most recent call last):
[18:35:16]   File "C:\Users\justu\OneDrive\Projekte\Forschung\R-Projects\QCA-AID\QCA_AID_assets\analysis\deductive_coding.py", line 574, in code_chunk_with_progressive_context
    result = json.loads(llm_response.content)
             ^^^^^^^^^^^^^^^^^^^^^^^^^^^^^^^^
[18:35:16]   File "C:\Program Files\WindowsApps\PythonSoftwareFoundation.Python.3.11_3.11.2544.0_x64__qbz5n2kfra8p0\Lib\json\__init__.py", line 346, in loads
    return _default_decoder.decode(s)
           ^^^^^^^^^^^^^^^^^^^^^^^^^^
[18:35:16]   File "C:\Program Files\WindowsApps\PythonSoftwareFoundation.Python.3.11_3.11.2544.0_x64__qbz5n2kfra8p0\Lib\json\decoder.py", line 337, in decode
    obj, end = self.raw_decode(s, idx=_w(s, 0).end())
               ^^^^^^^^^^^^^^^^^^^^^^^^^^^^^^^^^^^^^^
[18:35:16]   File "C:\Program Files\WindowsApps\PythonSoftwareFoundation.Python.3.11_3.11.2544.0_x64__qbz5n2kfra8p0\Lib\json\decoder.py", line 355, in raw_decode
    raise JSONDecodeError("Expecting value", s, err.value) from None
[18:35:16] json.decoder.JSONDecodeError: Expecting value: line 1 column 1 (char 0)
  √¢≈°¬† Keine Kodierung von auto_2 erhalten

üïµÔ∏è Verarbeite Segment text_demo_wiss.pdf_chunk_1 mit Kontext
[SEARCH] Relevanzpruefung: 1 neue Segmente
   üì¶ Verwende normale Batch-Methode f√ºr 1 Segmente
Fehler bei paralleler Relevanzpr√ºfung: Expecting value: line 1 column 1 (char 0)
[18:35:16] Traceback (most recent call last):
[18:35:16]   File "C:\Users\justu\OneDrive\Projekte\Forschung\R-Projects\QCA-AID\QCA_AID_assets\analysis\relevance_checker.py", line 278, in check_relevance_batch
    results = json.loads(llm_response.content)
              ^^^^^^^^^^^^^^^^^^^^^^^^^^^^^^^^
[18:35:16]   File "C:\Program Files\WindowsApps\PythonSoftwareFoundation.Python.3.11_3.11.2544.0_x64__qbz5n2kfra8p0\Lib\json\__init__.py", line 346, in loads
    return _default_decoder.decode(s)
           ^^^^^^^^^^^^^^^^^^^^^^^^^^
[18:35:16]   File "C:\Program Files\WindowsApps\PythonSoftwareFoundation.Python.3.11_3.11.2544.0_x64__qbz5n2kfra8p0\Lib\json\decoder.py", line 337, in decode
    obj, end = self.raw_decode(s, idx=_w(s, 0).end())
               ^^^^^^^^^^^^^^^^^^^^^^^^^^^^^^^^^^^^^^
[18:35:16]   File "C:\Program Files\WindowsApps\PythonSoftwareFoundation.Python.3.11_3.11.2544.0_x64__qbz5n2kfra8p0\Lib\json\decoder.py", line 355, in raw_decode
    raise JSONDecodeError("Expecting value", s, err.value) from None
[18:35:16] json.decoder.JSONDecodeError: Expecting value: line 1 column 1 (char 0)

Deduktiver Kodierer ü§ñ **auto_1** verarbeitet Chunk mit progressivem Kontext...
Dokumentfortschritt: ca. 5.0%
Summary-Reifephase: PHASE 1 (Sammlung), max. √Ñnderung: 50%
Fehler bei der Kodierung durch auto_1: Expecting value: line 1 column 1 (char 0)
Details:
[18:35:16] Traceback (most recent call last):
[18:35:16]   File "C:\Users\justu\OneDrive\Projekte\Forschung\R-Projects\QCA-AID\QCA_AID_assets\analysis\deductive_coding.py", line 574, in code_chunk_with_progressive_context
    result = json.loads(llm_response.content)
             ^^^^^^^^^^^^^^^^^^^^^^^^^^^^^^^^
[18:35:16]   File "C:\Program Files\WindowsApps\PythonSoftwareFoundation.Python.3.11_3.11.2544.0_x64__qbz5n2kfra8p0\Lib\json\__init__.py", line 346, in loads
    return _default_decoder.decode(s)
           ^^^^^^^^^^^^^^^^^^^^^^^^^^
[18:35:16]   File "C:\Program Files\WindowsApps\PythonSoftwareFoundation.Python.3.11_3.11.2544.0_x64__qbz5n2kfra8p0\Lib\json\decoder.py", line 337, in decode
    obj, end = self.raw_decode(s, idx=_w(s, 0).end())
               ^^^^^^^^^^^^^^^^^^^^^^^^^^^^^^^^^^^^^^
[18:35:16]   File "C:\Program Files\WindowsApps\PythonSoftwareFoundation.Python.3.11_3.11.2544.0_x64__qbz5n2kfra8p0\Lib\json\decoder.py", line 355, in raw_decode
    raise JSONDecodeError("Expecting value", s, err.value) from None
[18:35:16] json.decoder.JSONDecodeError: Expecting value: line 1 column 1 (char 0)
  √¢≈°¬† Keine Kodierung von auto_1 erhalten

Deduktiver Kodierer ü§ñ **auto_2** verarbeitet Chunk mit progressivem Kontext...
Dokumentfortschritt: ca. 5.0%
Summary-Reifephase: PHASE 1 (Sammlung), max. √Ñnderung: 50%
Fehler bei der Kodierung durch auto_2: Expecting value: line 1 column 1 (char 0)
Details:
[18:35:16] Traceback (most recent call last):
[18:35:16]   File "C:\Users\justu\OneDrive\Projekte\Forschung\R-Projects\QCA-AID\QCA_AID_assets\analysis\deductive_coding.py", line 574, in code_chunk_with_progressive_context
    result = json.loads(llm_response.content)
             ^^^^^^^^^^^^^^^^^^^^^^^^^^^^^^^^
[18:35:16]   File "C:\Program Files\WindowsApps\PythonSoftwareFoundation.Python.3.11_3.11.2544.0_x64__qbz5n2kfra8p0\Lib\json\__init__.py", line 346, in loads
    return _default_decoder.decode(s)
           ^^^^^^^^^^^^^^^^^^^^^^^^^^
[18:35:16]   File "C:\Program Files\WindowsApps\PythonSoftwareFoundation.Python.3.11_3.11.2544.0_x64__qbz5n2kfra8p0\Lib\json\decoder.py", line 337, in decode
    obj, end = self.raw_decode(s, idx=_w(s, 0).end())
               ^^^^^^^^^^^^^^^^^^^^^^^^^^^^^^^^^^^^^^
[18:35:16]   File "C:\Program Files\WindowsApps\PythonSoftwareFoundation.Python.3.11_3.11.2544.0_x64__qbz5n2kfra8p0\Lib\json\decoder.py", line 355, in raw_decode
    raise JSONDecodeError("Expecting value", s, err.value) from None
[18:35:16] json.decoder.JSONDecodeError: Expecting value: line 1 column 1 (char 0)
  √¢≈°¬† Keine Kodierung von auto_2 erhalten

üïµÔ∏è Verarbeite Segment text_demo_wiss.pdf_chunk_2 mit Kontext
[SEARCH] Relevanzpruefung: 1 neue Segmente
   üì¶ Verwende normale Batch-Methode f√ºr 1 Segmente
Fehler bei paralleler Relevanzpr√ºfung: Expecting value: line 1 column 1 (char 0)
[18:35:16] Traceback (most recent call last):
[18:35:16]   File "C:\Users\justu\OneDrive\Projekte\Forschung\R-Projects\QCA-AID\QCA_AID_assets\analysis\relevance_checker.py", line 278, in check_relevance_batch
    results = json.loads(llm_response.content)
              ^^^^^^^^^^^^^^^^^^^^^^^^^^^^^^^^
[18:35:16]   File "C:\Program Files\WindowsApps\PythonSoftwareFoundation.Python.3.11_3.11.2544.0_x64__qbz5n2kfra8p0\Lib\json\__init__.py", line 346, in loads
    return _default_decoder.decode(s)
           ^^^^^^^^^^^^^^^^^^^^^^^^^^
[18:35:16]   File "C:\Program Files\WindowsApps\PythonSoftwareFoundation.Python.3.11_3.11.2544.0_x64__qbz5n2kfra8p0\Lib\json\decoder.py", line 337, in decode
    obj, end = self.raw_decode(s, idx=_w(s, 0).end())
               ^^^^^^^^^^^^^^^^^^^^^^^^^^^^^^^^^^^^^^
[18:35:16]   File "C:\Program Files\WindowsApps\PythonSoftwareFoundation.Python.3.11_3.11.2544.0_x64__qbz5n2kfra8p0\Lib\json\decoder.py", line 355, in raw_decode
    raise JSONDecodeError("Expecting value", s, err.value) from None
[18:35:16] json.decoder.JSONDecodeError: Expecting value: line 1 column 1 (char 0)

Deduktiver Kodierer ü§ñ **auto_1** verarbeitet Chunk mit progressivem Kontext...
Dokumentfortschritt: ca. 10.0%
Summary-Reifephase: PHASE 1 (Sammlung), max. √Ñnderung: 50%
Fehler bei der Kodierung durch auto_1: Expecting value: line 1 column 1 (char 0)
Details:
[18:35:16] Traceback (most recent call last):
[18:35:16]   File "C:\Users\justu\OneDrive\Projekte\Forschung\R-Projects\QCA-AID\QCA_AID_assets\analysis\deductive_coding.py", line 574, in code_chunk_with_progressive_context
    result = json.loads(llm_response.content)
             ^^^^^^^^^^^^^^^^^^^^^^^^^^^^^^^^
[18:35:16]   File "C:\Program Files\WindowsApps\PythonSoftwareFoundation.Python.3.11_3.11.2544.0_x64__qbz5n2kfra8p0\Lib\json\__init__.py", line 346, in loads
    return _default_decoder.decode(s)
           ^^^^^^^^^^^^^^^^^^^^^^^^^^
[18:35:16]   File "C:\Program Files\WindowsApps\PythonSoftwareFoundation.Python.3.11_3.11.2544.0_x64__qbz5n2kfra8p0\Lib\json\decoder.py", line 337, in decode
    obj, end = self.raw_decode(s, idx=_w(s, 0).end())
               ^^^^^^^^^^^^^^^^^^^^^^^^^^^^^^^^^^^^^^
[18:35:16]   File "C:\Program Files\WindowsApps\PythonSoftwareFoundation.Python.3.11_3.11.2544.0_x64__qbz5n2kfra8p0\Lib\json\decoder.py", line 355, in raw_decode
    raise JSONDecodeError("Expecting value", s, err.value) from None
[18:35:16] json.decoder.JSONDecodeError: Expecting value: line 1 column 1 (char 0)
  √¢≈°¬† Keine Kodierung von auto_1 erhalten

Deduktiver Kodierer ü§ñ **auto_2** verarbeitet Chunk mit progressivem Kontext...
Dokumentfortschritt: ca. 10.0%
Summary-Reifephase: PHASE 1 (Sammlung), max. √Ñnderung: 50%
Fehler bei der Kodierung durch auto_2: Expecting value: line 1 column 1 (char 0)
Details:
[18:35:16] Traceback (most recent call last):
[18:35:16]   File "C:\Users\justu\OneDrive\Projekte\Forschung\R-Projects\QCA-AID\QCA_AID_assets\analysis\deductive_coding.py", line 574, in code_chunk_with_progressive_context
    result = json.loads(llm_response.content)
             ^^^^^^^^^^^^^^^^^^^^^^^^^^^^^^^^
[18:35:16]   File "C:\Program Files\WindowsApps\PythonSoftwareFoundation.Python.3.11_3.11.2544.0_x64__qbz5n2kfra8p0\Lib\json\__init__.py", line 346, in loads
    return _default_decoder.decode(s)
           ^^^^^^^^^^^^^^^^^^^^^^^^^^
[18:35:16]   File "C:\Program Files\WindowsApps\PythonSoftwareFoundation.Python.3.11_3.11.2544.0_x64__qbz5n2kfra8p0\Lib\json\decoder.py", line 337, in decode
    obj, end = self.raw_decode(s, idx=_w(s, 0).end())
               ^^^^^^^^^^^^^^^^^^^^^^^^^^^^^^^^^^^^^^
[18:35:16]   File "C:\Program Files\WindowsApps\PythonSoftwareFoundation.Python.3.11_3.11.2544.0_x64__qbz5n2kfra8p0\Lib\json\decoder.py", line 355, in raw_decode
    raise JSONDecodeError("Expecting value", s, err.value) from None
[18:35:16] json.decoder.JSONDecodeError: Expecting value: line 1 column 1 (char 0)
  √¢≈°¬† Keine Kodierung von auto_2 erhalten

üïµÔ∏è Verarbeite Segment text_demo_wiss.pdf_chunk_3 mit Kontext
[SEARCH] Relevanzpruefung: 1 neue Segmente
   üì¶ Verwende normale Batch-Methode f√ºr 1 Segmente
Fehler bei paralleler Relevanzpr√ºfung: Expecting value: line 1 column 1 (char 0)
[18:35:16] Traceback (most recent call last):
[18:35:16]   File "C:\Users\justu\OneDrive\Projekte\Forschung\R-Projects\QCA-AID\QCA_AID_assets\analysis\relevance_checker.py", line 278, in check_relevance_batch
    results = json.loads(llm_response.content)
              ^^^^^^^^^^^^^^^^^^^^^^^^^^^^^^^^
[18:35:16]   File "C:\Program Files\WindowsApps\PythonSoftwareFoundation.Python.3.11_3.11.2544.0_x64__qbz5n2kfra8p0\Lib\json\__init__.py", line 346, in loads
    return _default_decoder.decode(s)
           ^^^^^^^^^^^^^^^^^^^^^^^^^^
[18:35:16]   File "C:\Program Files\WindowsApps\PythonSoftwareFoundation.Python.3.11_3.11.2544.0_x64__qbz5n2kfra8p0\Lib\json\decoder.py", line 337, in decode
    obj, end = self.raw_decode(s, idx=_w(s, 0).end())
               ^^^^^^^^^^^^^^^^^^^^^^^^^^^^^^^^^^^^^^
[18:35:16]   File "C:\Program Files\WindowsApps\PythonSoftwareFoundation.Python.3.11_3.11.2544.0_x64__qbz5n2kfra8p0\Lib\json\decoder.py", line 355, in raw_decode
    raise JSONDecodeError("Expecting value", s, err.value) from None
[18:35:16] json.decoder.JSONDecodeError: Expecting value: line 1 column 1 (char 0)

Deduktiver Kodierer ü§ñ **auto_1** verarbeitet Chunk mit progressivem Kontext...
Dokumentfortschritt: ca. 15.0%
Summary-Reifephase: PHASE 1 (Sammlung), max. √Ñnderung: 50%
Fehler bei der Kodierung durch auto_1: Expecting value: line 1 column 1 (char 0)
Details:
[18:35:16] Traceback (most recent call last):
[18:35:16]   File "C:\Users\justu\OneDrive\Projekte\Forschung\R-Projects\QCA-AID\QCA_AID_assets\analysis\deductive_coding.py", line 574, in code_chunk_with_progressive_context
    result = json.loads(llm_response.content)
             ^^^^^^^^^^^^^^^^^^^^^^^^^^^^^^^^
[18:35:16]   File "C:\Program Files\WindowsApps\PythonSoftwareFoundation.Python.3.11_3.11.2544.0_x64__qbz5n2kfra8p0\Lib\json\__init__.py", line 346, in loads
    return _default_decoder.decode(s)
           ^^^^^^^^^^^^^^^^^^^^^^^^^^
[18:35:16]   File "C:\Program Files\WindowsApps\PythonSoftwareFoundation.Python.3.11_3.11.2544.0_x64__qbz5n2kfra8p0\Lib\json\decoder.py", line 337, in decode
    obj, end = self.raw_decode(s, idx=_w(s, 0).end())
               ^^^^^^^^^^^^^^^^^^^^^^^^^^^^^^^^^^^^^^
[18:35:16]   File "C:\Program Files\WindowsApps\PythonSoftwareFoundation.Python.3.11_3.11.2544.0_x64__qbz5n2kfra8p0\Lib\json\decoder.py", line 355, in raw_decode
    raise JSONDecodeError("Expecting value", s, err.value) from None
[18:35:16] json.decoder.JSONDecodeError: Expecting value: line 1 column 1 (char 0)
  √¢≈°¬† Keine Kodierung von auto_1 erhalten

Deduktiver Kodierer ü§ñ **auto_2** verarbeitet Chunk mit progressivem Kontext...
Dokumentfortschritt: ca. 15.0%
Summary-Reifephase: PHASE 1 (Sammlung), max. √Ñnderung: 50%
Fehler bei der Kodierung durch auto_2: Expecting value: line 1 column 1 (char 0)
Details:
[18:35:16] Traceback (most recent call last):
[18:35:16]   File "C:\Users\justu\OneDrive\Projekte\Forschung\R-Projects\QCA-AID\QCA_AID_assets\analysis\deductive_coding.py", line 574, in code_chunk_with_progressive_context
    result = json.loads(llm_response.content)
             ^^^^^^^^^^^^^^^^^^^^^^^^^^^^^^^^
[18:35:16]   File "C:\Program Files\WindowsApps\PythonSoftwareFoundation.Python.3.11_3.11.2544.0_x64__qbz5n2kfra8p0\Lib\json\__init__.py", line 346, in loads
    return _default_decoder.decode(s)
           ^^^^^^^^^^^^^^^^^^^^^^^^^^
[18:35:16]   File "C:\Program Files\WindowsApps\PythonSoftwareFoundation.Python.3.11_3.11.2544.0_x64__qbz5n2kfra8p0\Lib\json\decoder.py", line 337, in decode
    obj, end = self.raw_decode(s, idx=_w(s, 0).end())
               ^^^^^^^^^^^^^^^^^^^^^^^^^^^^^^^^^^^^^^
[18:35:16]   File "C:\Program Files\WindowsApps\PythonSoftwareFoundation.Python.3.11_3.11.2544.0_x64__qbz5n2kfra8p0\Lib\json\decoder.py", line 355, in raw_decode
    raise JSONDecodeError("Expecting value", s, err.value) from None
[18:35:16] json.decoder.JSONDecodeError: Expecting value: line 1 column 1 (char 0)
  √¢≈°¬† Keine Kodierung von auto_2 erhalten

üßæ S√Ñttigungsstatus:
   [TARGET] Theoretische S√Ñttigung: 53.6%
   ‚ÑπÔ∏è Materialabdeckung: 45.5%

‚ÑπÔ∏è Fortschritt:
   - Verarbeitete Segmente: 5/11
   - Aktuelle Kategorien: 8
   - Kodierungen: 0
   - Batch-Zeit: 0.04s

============================================================
üßæ BATCH 2: 5 Segmente
‚ÑπÔ∏è Material verarbeitet: 45.5%
============================================================

üïµÔ∏è Schritt 1: Erweiterte Relevanzpr√úfung fuer Forschungsfrage...
[REVIEW] Erweiterte Relevanzpruefung mit Kategorie-Vorauswahl fuer 5 Segmente...
Fehler bei erweiterter Relevanzpr√ºfung: Expecting value: line 1 column 1 (char 0)
[SEARCH] Relevanzpruefung: 5 neue Segmente
   üì¶ Verwende normale Batch-Methode f√ºr 5 Segmente
Fehler bei paralleler Relevanzpr√ºfung: Expecting value: line 1 column 1 (char 0)
[18:35:16] Traceback (most recent call last):
[18:35:16]   File "C:\Users\justu\OneDrive\Projekte\Forschung\R-Projects\QCA-AID\QCA_AID_assets\analysis\relevance_checker.py", line 278, in check_relevance_batch
    results = json.loads(llm_response.content)
              ^^^^^^^^^^^^^^^^^^^^^^^^^^^^^^^^
[18:35:16]   File "C:\Program Files\WindowsApps\PythonSoftwareFoundation.Python.3.11_3.11.2544.0_x64__qbz5n2kfra8p0\Lib\json\__init__.py", line 346, in loads
    return _default_decoder.decode(s)
           ^^^^^^^^^^^^^^^^^^^^^^^^^^
[18:35:16]   File "C:\Program Files\WindowsApps\PythonSoftwareFoundation.Python.3.11_3.11.2544.0_x64__qbz5n2kfra8p0\Lib\json\decoder.py", line 337, in decode
    obj, end = self.raw_decode(s, idx=_w(s, 0).end())
               ^^^^^^^^^^^^^^^^^^^^^^^^^^^^^^^^^^^^^^
[18:35:16]   File "C:\Program Files\WindowsApps\PythonSoftwareFoundation.Python.3.11_3.11.2544.0_x64__qbz5n2kfra8p0\Lib\json\decoder.py", line 355, in raw_decode
    raise JSONDecodeError("Expecting value", s, err.value) from None
[18:35:16] json.decoder.JSONDecodeError: Expecting value: line 1 column 1 (char 0)
üßæ Erweiterte Relevanz: 5 von 5 Segmenten relevant
üéØ Kategorie-Pr√Ñferenzen: {}

üìù N√Ñchster Schritt: Deduktive Kodierung aller 5 Segmente...
üéØ Kontext-Kodierung: 5 Segmente haben Kategorie-Pr√Ñferenzen
[SEARCH] Relevanzpruefung: 5 neue Segmente
   üì¶ Verwende normale Batch-Methode f√ºr 5 Segmente
Fehler bei paralleler Relevanzpr√ºfung: Expecting value: line 1 column 1 (char 0)
[18:35:16] Traceback (most recent call last):
[18:35:16]   File "C:\Users\justu\OneDrive\Projekte\Forschung\R-Projects\QCA-AID\QCA_AID_assets\analysis\relevance_checker.py", line 278, in check_relevance_batch
    results = json.loads(llm_response.content)
              ^^^^^^^^^^^^^^^^^^^^^^^^^^^^^^^^
[18:35:16]   File "C:\Program Files\WindowsApps\PythonSoftwareFoundation.Python.3.11_3.11.2544.0_x64__qbz5n2kfra8p0\Lib\json\__init__.py", line 346, in loads
    return _default_decoder.decode(s)
           ^^^^^^^^^^^^^^^^^^^^^^^^^^
[18:35:16]   File "C:\Program Files\WindowsApps\PythonSoftwareFoundation.Python.3.11_3.11.2544.0_x64__qbz5n2kfra8p0\Lib\json\decoder.py", line 337, in decode
    obj, end = self.raw_decode(s, idx=_w(s, 0).end())
               ^^^^^^^^^^^^^^^^^^^^^^^^^^^^^^^^^^^^^^
[18:35:16]   File "C:\Program Files\WindowsApps\PythonSoftwareFoundation.Python.3.11_3.11.2544.0_x64__qbz5n2kfra8p0\Lib\json\decoder.py", line 355, in raw_decode
    raise JSONDecodeError("Expecting value", s, err.value) from None
[18:35:16] json.decoder.JSONDecodeError: Expecting value: line 1 column 1 (char 0)
  ‚ÑπÔ∏è Pr√úfe 5 relevante Segmente auf Mehrfachkodierung...
[LAUNCH] Parallele Mehrfachkodierungs-Pruefung: 5 Segmente
Fehler bei paralleler Mehrfachkodierungs-Pr√ºfung: 'set' object is not subscriptable
[18:35:16] Traceback (most recent call last):
[18:35:16]   File "C:\Users\justu\OneDrive\Projekte\Forschung\R-Projects\QCA-AID\QCA_AID_assets\analysis\relevance_checker.py", line 121, in check_multiple_category_relevance
    'examples': cat_def.examples[:2] if cat_def.examples else []
                ~~~~~~~~~~~~~~~~^^^^
[18:35:16] TypeError: 'set' object is not subscriptable

üïµÔ∏è Verarbeite Segment text_demo_wiss.pdf_chunk_4 mit Kontext
[SEARCH] Relevanzpruefung: 1 neue Segmente
   üì¶ Verwende normale Batch-Methode f√ºr 1 Segmente
Fehler bei paralleler Relevanzpr√ºfung: Expecting value: line 1 column 1 (char 0)
[18:35:16] Traceback (most recent call last):
[18:35:16]   File "C:\Users\justu\OneDrive\Projekte\Forschung\R-Projects\QCA-AID\QCA_AID_assets\analysis\relevance_checker.py", line 278, in check_relevance_batch
    results = json.loads(llm_response.content)
              ^^^^^^^^^^^^^^^^^^^^^^^^^^^^^^^^
[18:35:16]   File "C:\Program Files\WindowsApps\PythonSoftwareFoundation.Python.3.11_3.11.2544.0_x64__qbz5n2kfra8p0\Lib\json\__init__.py", line 346, in loads
    return _default_decoder.decode(s)
           ^^^^^^^^^^^^^^^^^^^^^^^^^^
[18:35:16]   File "C:\Program Files\WindowsApps\PythonSoftwareFoundation.Python.3.11_3.11.2544.0_x64__qbz5n2kfra8p0\Lib\json\decoder.py", line 337, in decode
    obj, end = self.raw_decode(s, idx=_w(s, 0).end())
               ^^^^^^^^^^^^^^^^^^^^^^^^^^^^^^^^^^^^^^
[18:35:16]   File "C:\Program Files\WindowsApps\PythonSoftwareFoundation.Python.3.11_3.11.2544.0_x64__qbz5n2kfra8p0\Lib\json\decoder.py", line 355, in raw_decode
    raise JSONDecodeError("Expecting value", s, err.value) from None
[18:35:16] json.decoder.JSONDecodeError: Expecting value: line 1 column 1 (char 0)

Deduktiver Kodierer ü§ñ **auto_1** verarbeitet Chunk mit progressivem Kontext...
Dokumentfortschritt: ca. 20.0%
Summary-Reifephase: PHASE 1 (Sammlung), max. √Ñnderung: 50%
Fehler bei der Kodierung durch auto_1: Expecting value: line 1 column 1 (char 0)
Details:
[18:35:16] Traceback (most recent call last):
[18:35:16]   File "C:\Users\justu\OneDrive\Projekte\Forschung\R-Projects\QCA-AID\QCA_AID_assets\analysis\deductive_coding.py", line 574, in code_chunk_with_progressive_context
    result = json.loads(llm_response.content)
             ^^^^^^^^^^^^^^^^^^^^^^^^^^^^^^^^
[18:35:16]   File "C:\Program Files\WindowsApps\PythonSoftwareFoundation.Python.3.11_3.11.2544.0_x64__qbz5n2kfra8p0\Lib\json\__init__.py", line 346, in loads
    return _default_decoder.decode(s)
           ^^^^^^^^^^^^^^^^^^^^^^^^^^
[18:35:16]   File "C:\Program Files\WindowsApps\PythonSoftwareFoundation.Python.3.11_3.11.2544.0_x64__qbz5n2kfra8p0\Lib\json\decoder.py", line 337, in decode
    obj, end = self.raw_decode(s, idx=_w(s, 0).end())
               ^^^^^^^^^^^^^^^^^^^^^^^^^^^^^^^^^^^^^^
[18:35:16]   File "C:\Program Files\WindowsApps\PythonSoftwareFoundation.Python.3.11_3.11.2544.0_x64__qbz5n2kfra8p0\Lib\json\decoder.py", line 355, in raw_decode
    raise JSONDecodeError("Expecting value", s, err.value) from None
[18:35:16] json.decoder.JSONDecodeError: Expecting value: line 1 column 1 (char 0)
  √¢≈°¬† Keine Kodierung von auto_1 erhalten

Deduktiver Kodierer ü§ñ **auto_2** verarbeitet Chunk mit progressivem Kontext...
Dokumentfortschritt: ca. 20.0%
Summary-Reifephase: PHASE 1 (Sammlung), max. √Ñnderung: 50%
Fehler bei der Kodierung durch auto_2: Expecting value: line 1 column 1 (char 0)
Details:
[18:35:16] Traceback (most recent call last):
[18:35:16]   File "C:\Users\justu\OneDrive\Projekte\Forschung\R-Projects\QCA-AID\QCA_AID_assets\analysis\deductive_coding.py", line 574, in code_chunk_with_progressive_context
    result = json.loads(llm_response.content)
             ^^^^^^^^^^^^^^^^^^^^^^^^^^^^^^^^
[18:35:16]   File "C:\Program Files\WindowsApps\PythonSoftwareFoundation.Python.3.11_3.11.2544.0_x64__qbz5n2kfra8p0\Lib\json\__init__.py", line 346, in loads
    return _default_decoder.decode(s)
           ^^^^^^^^^^^^^^^^^^^^^^^^^^
[18:35:16]   File "C:\Program Files\WindowsApps\PythonSoftwareFoundation.Python.3.11_3.11.2544.0_x64__qbz5n2kfra8p0\Lib\json\decoder.py", line 337, in decode
    obj, end = self.raw_decode(s, idx=_w(s, 0).end())
               ^^^^^^^^^^^^^^^^^^^^^^^^^^^^^^^^^^^^^^
[18:35:16]   File "C:\Program Files\WindowsApps\PythonSoftwareFoundation.Python.3.11_3.11.2544.0_x64__qbz5n2kfra8p0\Lib\json\decoder.py", line 355, in raw_decode
    raise JSONDecodeError("Expecting value", s, err.value) from None
[18:35:16] json.decoder.JSONDecodeError: Expecting value: line 1 column 1 (char 0)
  √¢≈°¬† Keine Kodierung von auto_2 erhalten

üïµÔ∏è Verarbeite Segment trial_case_iv_2.pdf_chunk_0 mit Kontext
[SEARCH] Relevanzpruefung: 1 neue Segmente
   üì¶ Verwende normale Batch-Methode f√ºr 1 Segmente
Fehler bei paralleler Relevanzpr√ºfung: Expecting value: line 1 column 1 (char 0)
[18:35:16] Traceback (most recent call last):
[18:35:16]   File "C:\Users\justu\OneDrive\Projekte\Forschung\R-Projects\QCA-AID\QCA_AID_assets\analysis\relevance_checker.py", line 278, in check_relevance_batch
    results = json.loads(llm_response.content)
              ^^^^^^^^^^^^^^^^^^^^^^^^^^^^^^^^
[18:35:16]   File "C:\Program Files\WindowsApps\PythonSoftwareFoundation.Python.3.11_3.11.2544.0_x64__qbz5n2kfra8p0\Lib\json\__init__.py", line 346, in loads
    return _default_decoder.decode(s)
           ^^^^^^^^^^^^^^^^^^^^^^^^^^
[18:35:16]   File "C:\Program Files\WindowsApps\PythonSoftwareFoundation.Python.3.11_3.11.2544.0_x64__qbz5n2kfra8p0\Lib\json\decoder.py", line 337, in decode
    obj, end = self.raw_decode(s, idx=_w(s, 0).end())
               ^^^^^^^^^^^^^^^^^^^^^^^^^^^^^^^^^^^^^^
[18:35:16]   File "C:\Program Files\WindowsApps\PythonSoftwareFoundation.Python.3.11_3.11.2544.0_x64__qbz5n2kfra8p0\Lib\json\decoder.py", line 355, in raw_decode
    raise JSONDecodeError("Expecting value", s, err.value) from None
[18:35:16] json.decoder.JSONDecodeError: Expecting value: line 1 column 1 (char 0)

Deduktiver Kodierer ü§ñ **auto_1** verarbeitet Chunk mit progressivem Kontext...
Dokumentfortschritt: ca. 0.0%
Summary-Reifephase: PHASE 1 (Sammlung), max. √Ñnderung: 50%
Fehler bei der Kodierung durch auto_1: Expecting value: line 1 column 1 (char 0)
Details:
[18:35:16] Traceback (most recent call last):
[18:35:16]   File "C:\Users\justu\OneDrive\Projekte\Forschung\R-Projects\QCA-AID\QCA_AID_assets\analysis\deductive_coding.py", line 574, in code_chunk_with_progressive_context
    result = json.loads(llm_response.content)
             ^^^^^^^^^^^^^^^^^^^^^^^^^^^^^^^^
[18:35:16]   File "C:\Program Files\WindowsApps\PythonSoftwareFoundation.Python.3.11_3.11.2544.0_x64__qbz5n2kfra8p0\Lib\json\__init__.py", line 346, in loads
    return _default_decoder.decode(s)
           ^^^^^^^^^^^^^^^^^^^^^^^^^^
[18:35:16]   File "C:\Program Files\WindowsApps\PythonSoftwareFoundation.Python.3.11_3.11.2544.0_x64__qbz5n2kfra8p0\Lib\json\decoder.py", line 337, in decode
    obj, end = self.raw_decode(s, idx=_w(s, 0).end())
               ^^^^^^^^^^^^^^^^^^^^^^^^^^^^^^^^^^^^^^
[18:35:16]   File "C:\Program Files\WindowsApps\PythonSoftwareFoundation.Python.3.11_3.11.2544.0_x64__qbz5n2kfra8p0\Lib\json\decoder.py", line 355, in raw_decode
    raise JSONDecodeError("Expecting value", s, err.value) from None
[18:35:16] json.decoder.JSONDecodeError: Expecting value: line 1 column 1 (char 0)
  √¢≈°¬† Keine Kodierung von auto_1 erhalten

Deduktiver Kodierer ü§ñ **auto_2** verarbeitet Chunk mit progressivem Kontext...
Dokumentfortschritt: ca. 0.0%
Summary-Reifephase: PHASE 1 (Sammlung), max. √Ñnderung: 50%
Fehler bei der Kodierung durch auto_2: Expecting value: line 1 column 1 (char 0)
Details:
[18:35:16] Traceback (most recent call last):
[18:35:16]   File "C:\Users\justu\OneDrive\Projekte\Forschung\R-Projects\QCA-AID\QCA_AID_assets\analysis\deductive_coding.py", line 574, in code_chunk_with_progressive_context
    result = json.loads(llm_response.content)
             ^^^^^^^^^^^^^^^^^^^^^^^^^^^^^^^^
[18:35:16]   File "C:\Program Files\WindowsApps\PythonSoftwareFoundation.Python.3.11_3.11.2544.0_x64__qbz5n2kfra8p0\Lib\json\__init__.py", line 346, in loads
    return _default_decoder.decode(s)
           ^^^^^^^^^^^^^^^^^^^^^^^^^^
[18:35:16]   File "C:\Program Files\WindowsApps\PythonSoftwareFoundation.Python.3.11_3.11.2544.0_x64__qbz5n2kfra8p0\Lib\json\decoder.py", line 337, in decode
    obj, end = self.raw_decode(s, idx=_w(s, 0).end())
               ^^^^^^^^^^^^^^^^^^^^^^^^^^^^^^^^^^^^^^
[18:35:16]   File "C:\Program Files\WindowsApps\PythonSoftwareFoundation.Python.3.11_3.11.2544.0_x64__qbz5n2kfra8p0\Lib\json\decoder.py", line 355, in raw_decode
    raise JSONDecodeError("Expecting value", s, err.value) from None
[18:35:16] json.decoder.JSONDecodeError: Expecting value: line 1 column 1 (char 0)
  √¢≈°¬† Keine Kodierung von auto_2 erhalten

üïµÔ∏è Verarbeite Segment trial_case_iv_2.pdf_chunk_1 mit Kontext
[SEARCH] Relevanzpruefung: 1 neue Segmente
   üì¶ Verwende normale Batch-Methode f√ºr 1 Segmente
Fehler bei paralleler Relevanzpr√ºfung: Expecting value: line 1 column 1 (char 0)
[18:35:16] Traceback (most recent call last):
[18:35:16]   File "C:\Users\justu\OneDrive\Projekte\Forschung\R-Projects\QCA-AID\QCA_AID_assets\analysis\relevance_checker.py", line 278, in check_relevance_batch
    results = json.loads(llm_response.content)
              ^^^^^^^^^^^^^^^^^^^^^^^^^^^^^^^^
[18:35:16]   File "C:\Program Files\WindowsApps\PythonSoftwareFoundation.Python.3.11_3.11.2544.0_x64__qbz5n2kfra8p0\Lib\json\__init__.py", line 346, in loads
    return _default_decoder.decode(s)
           ^^^^^^^^^^^^^^^^^^^^^^^^^^
[18:35:16]   File "C:\Program Files\WindowsApps\PythonSoftwareFoundation.Python.3.11_3.11.2544.0_x64__qbz5n2kfra8p0\Lib\json\decoder.py", line 337, in decode
    obj, end = self.raw_decode(s, idx=_w(s, 0).end())
               ^^^^^^^^^^^^^^^^^^^^^^^^^^^^^^^^^^^^^^
[18:35:16]   File "C:\Program Files\WindowsApps\PythonSoftwareFoundation.Python.3.11_3.11.2544.0_x64__qbz5n2kfra8p0\Lib\json\decoder.py", line 355, in raw_decode
    raise JSONDecodeError("Expecting value", s, err.value) from None
[18:35:16] json.decoder.JSONDecodeError: Expecting value: line 1 column 1 (char 0)

Deduktiver Kodierer ü§ñ **auto_1** verarbeitet Chunk mit progressivem Kontext...
Dokumentfortschritt: ca. 5.0%
Summary-Reifephase: PHASE 1 (Sammlung), max. √Ñnderung: 50%
Fehler bei der Kodierung durch auto_1: Expecting value: line 1 column 1 (char 0)
Details:
[18:35:16] Traceback (most recent call last):
[18:35:16]   File "C:\Users\justu\OneDrive\Projekte\Forschung\R-Projects\QCA-AID\QCA_AID_assets\analysis\deductive_coding.py", line 574, in code_chunk_with_progressive_context
    result = json.loads(llm_response.content)
             ^^^^^^^^^^^^^^^^^^^^^^^^^^^^^^^^
[18:35:16]   File "C:\Program Files\WindowsApps\PythonSoftwareFoundation.Python.3.11_3.11.2544.0_x64__qbz5n2kfra8p0\Lib\json\__init__.py", line 346, in loads
    return _default_decoder.decode(s)
           ^^^^^^^^^^^^^^^^^^^^^^^^^^
[18:35:16]   File "C:\Program Files\WindowsApps\PythonSoftwareFoundation.Python.3.11_3.11.2544.0_x64__qbz5n2kfra8p0\Lib\json\decoder.py", line 337, in decode
    obj, end = self.raw_decode(s, idx=_w(s, 0).end())
               ^^^^^^^^^^^^^^^^^^^^^^^^^^^^^^^^^^^^^^
[18:35:16]   File "C:\Program Files\WindowsApps\PythonSoftwareFoundation.Python.3.11_3.11.2544.0_x64__qbz5n2kfra8p0\Lib\json\decoder.py", line 355, in raw_decode
    raise JSONDecodeError("Expecting value", s, err.value) from None
[18:35:16] json.decoder.JSONDecodeError: Expecting value: line 1 column 1 (char 0)
  √¢≈°¬† Keine Kodierung von auto_1 erhalten

Deduktiver Kodierer ü§ñ **auto_2** verarbeitet Chunk mit progressivem Kontext...
Dokumentfortschritt: ca. 5.0%
Summary-Reifephase: PHASE 1 (Sammlung), max. √Ñnderung: 50%
Fehler bei der Kodierung durch auto_2: Expecting value: line 1 column 1 (char 0)
Details:
[18:35:16] Traceback (most recent call last):
[18:35:16]   File "C:\Users\justu\OneDrive\Projekte\Forschung\R-Projects\QCA-AID\QCA_AID_assets\analysis\deductive_coding.py", line 574, in code_chunk_with_progressive_context
    result = json.loads(llm_response.content)
             ^^^^^^^^^^^^^^^^^^^^^^^^^^^^^^^^
[18:35:16]   File "C:\Program Files\WindowsApps\PythonSoftwareFoundation.Python.3.11_3.11.2544.0_x64__qbz5n2kfra8p0\Lib\json\__init__.py", line 346, in loads
    return _default_decoder.decode(s)
           ^^^^^^^^^^^^^^^^^^^^^^^^^^
[18:35:16]   File "C:\Program Files\WindowsApps\PythonSoftwareFoundation.Python.3.11_3.11.2544.0_x64__qbz5n2kfra8p0\Lib\json\decoder.py", line 337, in decode
    obj, end = self.raw_decode(s, idx=_w(s, 0).end())
               ^^^^^^^^^^^^^^^^^^^^^^^^^^^^^^^^^^^^^^
[18:35:16]   File "C:\Program Files\WindowsApps\PythonSoftwareFoundation.Python.3.11_3.11.2544.0_x64__qbz5n2kfra8p0\Lib\json\decoder.py", line 355, in raw_decode
    raise JSONDecodeError("Expecting value", s, err.value) from None
[18:35:16] json.decoder.JSONDecodeError: Expecting value: line 1 column 1 (char 0)
  √¢≈°¬† Keine Kodierung von auto_2 erhalten

üïµÔ∏è Verarbeite Segment trial_case_iv_2.pdf_chunk_2 mit Kontext
[SEARCH] Relevanzpruefung: 1 neue Segmente
   üì¶ Verwende normale Batch-Methode f√ºr 1 Segmente
Fehler bei paralleler Relevanzpr√ºfung: Expecting value: line 1 column 1 (char 0)
[18:35:16] Traceback (most recent call last):
[18:35:16]   File "C:\Users\justu\OneDrive\Projekte\Forschung\R-Projects\QCA-AID\QCA_AID_assets\analysis\relevance_checker.py", line 278, in check_relevance_batch
    results = json.loads(llm_response.content)
              ^^^^^^^^^^^^^^^^^^^^^^^^^^^^^^^^
[18:35:16]   File "C:\Program Files\WindowsApps\PythonSoftwareFoundation.Python.3.11_3.11.2544.0_x64__qbz5n2kfra8p0\Lib\json\__init__.py", line 346, in loads
    return _default_decoder.decode(s)
           ^^^^^^^^^^^^^^^^^^^^^^^^^^
[18:35:16]   File "C:\Program Files\WindowsApps\PythonSoftwareFoundation.Python.3.11_3.11.2544.0_x64__qbz5n2kfra8p0\Lib\json\decoder.py", line 337, in decode
    obj, end = self.raw_decode(s, idx=_w(s, 0).end())
               ^^^^^^^^^^^^^^^^^^^^^^^^^^^^^^^^^^^^^^
[18:35:16]   File "C:\Program Files\WindowsApps\PythonSoftwareFoundation.Python.3.11_3.11.2544.0_x64__qbz5n2kfra8p0\Lib\json\decoder.py", line 355, in raw_decode
    raise JSONDecodeError("Expecting value", s, err.value) from None
[18:35:16] json.decoder.JSONDecodeError: Expecting value: line 1 column 1 (char 0)

Deduktiver Kodierer ü§ñ **auto_1** verarbeitet Chunk mit progressivem Kontext...
Dokumentfortschritt: ca. 10.0%
Summary-Reifephase: PHASE 1 (Sammlung), max. √Ñnderung: 50%
Fehler bei der Kodierung durch auto_1: Expecting value: line 1 column 1 (char 0)
Details:
[18:35:16] Traceback (most recent call last):
[18:35:16]   File "C:\Users\justu\OneDrive\Projekte\Forschung\R-Projects\QCA-AID\QCA_AID_assets\analysis\deductive_coding.py", line 574, in code_chunk_with_progressive_context
    result = json.loads(llm_response.content)
             ^^^^^^^^^^^^^^^^^^^^^^^^^^^^^^^^
[18:35:16]   File "C:\Program Files\WindowsApps\PythonSoftwareFoundation.Python.3.11_3.11.2544.0_x64__qbz5n2kfra8p0\Lib\json\__init__.py", line 346, in loads
    return _default_decoder.decode(s)
           ^^^^^^^^^^^^^^^^^^^^^^^^^^
[18:35:16]   File "C:\Program Files\WindowsApps\PythonSoftwareFoundation.Python.3.11_3.11.2544.0_x64__qbz5n2kfra8p0\Lib\json\decoder.py", line 337, in decode
    obj, end = self.raw_decode(s, idx=_w(s, 0).end())
               ^^^^^^^^^^^^^^^^^^^^^^^^^^^^^^^^^^^^^^
[18:35:16]   File "C:\Program Files\WindowsApps\PythonSoftwareFoundation.Python.3.11_3.11.2544.0_x64__qbz5n2kfra8p0\Lib\json\decoder.py", line 355, in raw_decode
    raise JSONDecodeError("Expecting value", s, err.value) from None
[18:35:16] json.decoder.JSONDecodeError: Expecting value: line 1 column 1 (char 0)
  √¢≈°¬† Keine Kodierung von auto_1 erhalten

Deduktiver Kodierer ü§ñ **auto_2** verarbeitet Chunk mit progressivem Kontext...
Dokumentfortschritt: ca. 10.0%
Summary-Reifephase: PHASE 1 (Sammlung), max. √Ñnderung: 50%
Fehler bei der Kodierung durch auto_2: Expecting value: line 1 column 1 (char 0)
Details:
[18:35:16] Traceback (most recent call last):
[18:35:16]   File "C:\Users\justu\OneDrive\Projekte\Forschung\R-Projects\QCA-AID\QCA_AID_assets\analysis\deductive_coding.py", line 574, in code_chunk_with_progressive_context
    result = json.loads(llm_response.content)
             ^^^^^^^^^^^^^^^^^^^^^^^^^^^^^^^^
[18:35:16]   File "C:\Program Files\WindowsApps\PythonSoftwareFoundation.Python.3.11_3.11.2544.0_x64__qbz5n2kfra8p0\Lib\json\__init__.py", line 346, in loads
    return _default_decoder.decode(s)
           ^^^^^^^^^^^^^^^^^^^^^^^^^^
[18:35:16]   File "C:\Program Files\WindowsApps\PythonSoftwareFoundation.Python.3.11_3.11.2544.0_x64__qbz5n2kfra8p0\Lib\json\decoder.py", line 337, in decode
    obj, end = self.raw_decode(s, idx=_w(s, 0).end())
               ^^^^^^^^^^^^^^^^^^^^^^^^^^^^^^^^^^^^^^
[18:35:16]   File "C:\Program Files\WindowsApps\PythonSoftwareFoundation.Python.3.11_3.11.2544.0_x64__qbz5n2kfra8p0\Lib\json\decoder.py", line 355, in raw_decode
    raise JSONDecodeError("Expecting value", s, err.value) from None
[18:35:16] json.decoder.JSONDecodeError: Expecting value: line 1 column 1 (char 0)
  √¢≈°¬† Keine Kodierung von auto_2 erhalten

üïµÔ∏è Verarbeite Segment trial_case_iv_2.pdf_chunk_3 mit Kontext
[SEARCH] Relevanzpruefung: 1 neue Segmente
   üì¶ Verwende normale Batch-Methode f√ºr 1 Segmente
Fehler bei paralleler Relevanzpr√ºfung: Expecting value: line 1 column 1 (char 0)
[18:35:16] Traceback (most recent call last):
[18:35:16]   File "C:\Users\justu\OneDrive\Projekte\Forschung\R-Projects\QCA-AID\QCA_AID_assets\analysis\relevance_checker.py", line 278, in check_relevance_batch
    results = json.loads(llm_response.content)
              ^^^^^^^^^^^^^^^^^^^^^^^^^^^^^^^^
[18:35:16]   File "C:\Program Files\WindowsApps\PythonSoftwareFoundation.Python.3.11_3.11.2544.0_x64__qbz5n2kfra8p0\Lib\json\__init__.py", line 346, in loads
    return _default_decoder.decode(s)
           ^^^^^^^^^^^^^^^^^^^^^^^^^^
[18:35:16]   File "C:\Program Files\WindowsApps\PythonSoftwareFoundation.Python.3.11_3.11.2544.0_x64__qbz5n2kfra8p0\Lib\json\decoder.py", line 337, in decode
    obj, end = self.raw_decode(s, idx=_w(s, 0).end())
               ^^^^^^^^^^^^^^^^^^^^^^^^^^^^^^^^^^^^^^
[18:35:16]   File "C:\Program Files\WindowsApps\PythonSoftwareFoundation.Python.3.11_3.11.2544.0_x64__qbz5n2kfra8p0\Lib\json\decoder.py", line 355, in raw_decode
    raise JSONDecodeError("Expecting value", s, err.value) from None
[18:35:16] json.decoder.JSONDecodeError: Expecting value: line 1 column 1 (char 0)

Deduktiver Kodierer ü§ñ **auto_1** verarbeitet Chunk mit progressivem Kontext...
Dokumentfortschritt: ca. 15.0%
Summary-Reifephase: PHASE 1 (Sammlung), max. √Ñnderung: 50%
Fehler bei der Kodierung durch auto_1: Expecting value: line 1 column 1 (char 0)
Details:
[18:35:16] Traceback (most recent call last):
[18:35:16]   File "C:\Users\justu\OneDrive\Projekte\Forschung\R-Projects\QCA-AID\QCA_AID_assets\analysis\deductive_coding.py", line 574, in code_chunk_with_progressive_context
    result = json.loads(llm_response.content)
             ^^^^^^^^^^^^^^^^^^^^^^^^^^^^^^^^
[18:35:16]   File "C:\Program Files\WindowsApps\PythonSoftwareFoundation.Python.3.11_3.11.2544.0_x64__qbz5n2kfra8p0\Lib\json\__init__.py", line 346, in loads
    return _default_decoder.decode(s)
           ^^^^^^^^^^^^^^^^^^^^^^^^^^
[18:35:16]   File "C:\Program Files\WindowsApps\PythonSoftwareFoundation.Python.3.11_3.11.2544.0_x64__qbz5n2kfra8p0\Lib\json\decoder.py", line 337, in decode
    obj, end = self.raw_decode(s, idx=_w(s, 0).end())
               ^^^^^^^^^^^^^^^^^^^^^^^^^^^^^^^^^^^^^^
[18:35:16]   File "C:\Program Files\WindowsApps\PythonSoftwareFoundation.Python.3.11_3.11.2544.0_x64__qbz5n2kfra8p0\Lib\json\decoder.py", line 355, in raw_decode
    raise JSONDecodeError("Expecting value", s, err.value) from None
[18:35:16] json.decoder.JSONDecodeError: Expecting value: line 1 column 1 (char 0)
  √¢≈°¬† Keine Kodierung von auto_1 erhalten

Deduktiver Kodierer ü§ñ **auto_2** verarbeitet Chunk mit progressivem Kontext...
Dokumentfortschritt: ca. 15.0%
Summary-Reifephase: PHASE 1 (Sammlung), max. √Ñnderung: 50%
Fehler bei der Kodierung durch auto_2: Expecting value: line 1 column 1 (char 0)
Details:
[18:35:16] Traceback (most recent call last):
[18:35:16]   File "C:\Users\justu\OneDrive\Projekte\Forschung\R-Projects\QCA-AID\QCA_AID_assets\analysis\deductive_coding.py", line 574, in code_chunk_with_progressive_context
    result = json.loads(llm_response.content)
             ^^^^^^^^^^^^^^^^^^^^^^^^^^^^^^^^
[18:35:16]   File "C:\Program Files\WindowsApps\PythonSoftwareFoundation.Python.3.11_3.11.2544.0_x64__qbz5n2kfra8p0\Lib\json\__init__.py", line 346, in loads
    return _default_decoder.decode(s)
           ^^^^^^^^^^^^^^^^^^^^^^^^^^
[18:35:16]   File "C:\Program Files\WindowsApps\PythonSoftwareFoundation.Python.3.11_3.11.2544.0_x64__qbz5n2kfra8p0\Lib\json\decoder.py", line 337, in decode
    obj, end = self.raw_decode(s, idx=_w(s, 0).end())
               ^^^^^^^^^^^^^^^^^^^^^^^^^^^^^^^^^^^^^^
[18:35:16]   File "C:\Program Files\WindowsApps\PythonSoftwareFoundation.Python.3.11_3.11.2544.0_x64__qbz5n2kfra8p0\Lib\json\decoder.py", line 355, in raw_decode
    raise JSONDecodeError("Expecting value", s, err.value) from None
[18:35:16] json.decoder.JSONDecodeError: Expecting value: line 1 column 1 (char 0)
  √¢≈°¬† Keine Kodierung von auto_2 erhalten

üßæ S√Ñttigungsstatus:
   [TARGET] Theoretische S√Ñttigung: 53.6%
   ‚ÑπÔ∏è Materialabdeckung: 90.9%

‚ÑπÔ∏è Fortschritt:
   - Verarbeitete Segmente: 10/11
   - Aktuelle Kategorien: 8
   - Kodierungen: 0
   - Batch-Zeit: 0.04s

============================================================
üßæ BATCH 3: 1 Segmente
‚ÑπÔ∏è Material verarbeitet: 90.9%
============================================================

üïµÔ∏è Schritt 1: Erweiterte Relevanzpr√úfung fuer Forschungsfrage...
[REVIEW] Erweiterte Relevanzpruefung mit Kategorie-Vorauswahl fuer 1 Segmente...
Fehler bei erweiterter Relevanzpr√ºfung: Expecting value: line 1 column 1 (char 0)
[SEARCH] Relevanzpruefung: 1 neue Segmente
   üì¶ Verwende normale Batch-Methode f√ºr 1 Segmente
Fehler bei paralleler Relevanzpr√ºfung: Expecting value: line 1 column 1 (char 0)
[18:35:16] Traceback (most recent call last):
[18:35:16]   File "C:\Users\justu\OneDrive\Projekte\Forschung\R-Projects\QCA-AID\QCA_AID_assets\analysis\relevance_checker.py", line 278, in check_relevance_batch
    results = json.loads(llm_response.content)
              ^^^^^^^^^^^^^^^^^^^^^^^^^^^^^^^^
[18:35:16]   File "C:\Program Files\WindowsApps\PythonSoftwareFoundation.Python.3.11_3.11.2544.0_x64__qbz5n2kfra8p0\Lib\json\__init__.py", line 346, in loads
    return _default_decoder.decode(s)
           ^^^^^^^^^^^^^^^^^^^^^^^^^^
[18:35:16]   File "C:\Program Files\WindowsApps\PythonSoftwareFoundation.Python.3.11_3.11.2544.0_x64__qbz5n2kfra8p0\Lib\json\decoder.py", line 337, in decode
    obj, end = self.raw_decode(s, idx=_w(s, 0).end())
               ^^^^^^^^^^^^^^^^^^^^^^^^^^^^^^^^^^^^^^
[18:35:16]   File "C:\Program Files\WindowsApps\PythonSoftwareFoundation.Python.3.11_3.11.2544.0_x64__qbz5n2kfra8p0\Lib\json\decoder.py", line 355, in raw_decode
    raise JSONDecodeError("Expecting value", s, err.value) from None
[18:35:16] json.decoder.JSONDecodeError: Expecting value: line 1 column 1 (char 0)
üßæ Erweiterte Relevanz: 1 von 1 Segmenten relevant
üéØ Kategorie-Pr√Ñferenzen: {}

üìù N√Ñchster Schritt: Deduktive Kodierung aller 1 Segmente...
üéØ Kontext-Kodierung: 1 Segmente haben Kategorie-Pr√Ñferenzen
[SEARCH] Relevanzpruefung: 1 neue Segmente
   üì¶ Verwende normale Batch-Methode f√ºr 1 Segmente
Fehler bei paralleler Relevanzpr√ºfung: Expecting value: line 1 column 1 (char 0)
[18:35:16] Traceback (most recent call last):
[18:35:16]   File "C:\Users\justu\OneDrive\Projekte\Forschung\R-Projects\QCA-AID\QCA_AID_assets\analysis\relevance_checker.py", line 278, in check_relevance_batch
    results = json.loads(llm_response.content)
              ^^^^^^^^^^^^^^^^^^^^^^^^^^^^^^^^
[18:35:16]   File "C:\Program Files\WindowsApps\PythonSoftwareFoundation.Python.3.11_3.11.2544.0_x64__qbz5n2kfra8p0\Lib\json\__init__.py", line 346, in loads
    return _default_decoder.decode(s)
           ^^^^^^^^^^^^^^^^^^^^^^^^^^
[18:35:16]   File "C:\Program Files\WindowsApps\PythonSoftwareFoundation.Python.3.11_3.11.2544.0_x64__qbz5n2kfra8p0\Lib\json\decoder.py", line 337, in decode
    obj, end = self.raw_decode(s, idx=_w(s, 0).end())
               ^^^^^^^^^^^^^^^^^^^^^^^^^^^^^^^^^^^^^^
[18:35:16]   File "C:\Program Files\WindowsApps\PythonSoftwareFoundation.Python.3.11_3.11.2544.0_x64__qbz5n2kfra8p0\Lib\json\decoder.py", line 355, in raw_decode
    raise JSONDecodeError("Expecting value", s, err.value) from None
[18:35:16] json.decoder.JSONDecodeError: Expecting value: line 1 column 1 (char 0)
  ‚ÑπÔ∏è Pr√úfe 1 relevante Segmente auf Mehrfachkodierung...
[LAUNCH] Parallele Mehrfachkodierungs-Pruefung: 1 Segmente
Fehler bei paralleler Mehrfachkodierungs-Pr√ºfung: 'set' object is not subscriptable
[18:35:16] Traceback (most recent call last):
[18:35:16]   File "C:\Users\justu\OneDrive\Projekte\Forschung\R-Projects\QCA-AID\QCA_AID_assets\analysis\relevance_checker.py", line 121, in check_multiple_category_relevance
    'examples': cat_def.examples[:2] if cat_def.examples else []
                ~~~~~~~~~~~~~~~~^^^^
[18:35:16] TypeError: 'set' object is not subscriptable

üïµÔ∏è Verarbeite Segment trial_case_iv_2.pdf_chunk_4 mit Kontext
[SEARCH] Relevanzpruefung: 1 neue Segmente
   üì¶ Verwende normale Batch-Methode f√ºr 1 Segmente
Fehler bei paralleler Relevanzpr√ºfung: Expecting value: line 1 column 1 (char 0)
[18:35:16] Traceback (most recent call last):
[18:35:16]   File "C:\Users\justu\OneDrive\Projekte\Forschung\R-Projects\QCA-AID\QCA_AID_assets\analysis\relevance_checker.py", line 278, in check_relevance_batch
    results = json.loads(llm_response.content)
              ^^^^^^^^^^^^^^^^^^^^^^^^^^^^^^^^
[18:35:16]   File "C:\Program Files\WindowsApps\PythonSoftwareFoundation.Python.3.11_3.11.2544.0_x64__qbz5n2kfra8p0\Lib\json\__init__.py", line 346, in loads
    return _default_decoder.decode(s)
           ^^^^^^^^^^^^^^^^^^^^^^^^^^
[18:35:16]   File "C:\Program Files\WindowsApps\PythonSoftwareFoundation.Python.3.11_3.11.2544.0_x64__qbz5n2kfra8p0\Lib\json\decoder.py", line 337, in decode
    obj, end = self.raw_decode(s, idx=_w(s, 0).end())
               ^^^^^^^^^^^^^^^^^^^^^^^^^^^^^^^^^^^^^^
[18:35:16]   File "C:\Program Files\WindowsApps\PythonSoftwareFoundation.Python.3.11_3.11.2544.0_x64__qbz5n2kfra8p0\Lib\json\decoder.py", line 355, in raw_decode
    raise JSONDecodeError("Expecting value", s, err.value) from None
[18:35:16] json.decoder.JSONDecodeError: Expecting value: line 1 column 1 (char 0)

Deduktiver Kodierer ü§ñ **auto_1** verarbeitet Chunk mit progressivem Kontext...
Dokumentfortschritt: ca. 20.0%
Summary-Reifephase: PHASE 1 (Sammlung), max. √Ñnderung: 50%
Fehler bei der Kodierung durch auto_1: Expecting value: line 1 column 1 (char 0)
Details:
[18:35:16] Traceback (most recent call last):
[18:35:16]   File "C:\Users\justu\OneDrive\Projekte\Forschung\R-Projects\QCA-AID\QCA_AID_assets\analysis\deductive_coding.py", line 574, in code_chunk_with_progressive_context
    result = json.loads(llm_response.content)
             ^^^^^^^^^^^^^^^^^^^^^^^^^^^^^^^^
[18:35:16]   File "C:\Program Files\WindowsApps\PythonSoftwareFoundation.Python.3.11_3.11.2544.0_x64__qbz5n2kfra8p0\Lib\json\__init__.py", line 346, in loads
    return _default_decoder.decode(s)
           ^^^^^^^^^^^^^^^^^^^^^^^^^^
[18:35:16]   File "C:\Program Files\WindowsApps\PythonSoftwareFoundation.Python.3.11_3.11.2544.0_x64__qbz5n2kfra8p0\Lib\json\decoder.py", line 337, in decode
    obj, end = self.raw_decode(s, idx=_w(s, 0).end())
               ^^^^^^^^^^^^^^^^^^^^^^^^^^^^^^^^^^^^^^
[18:35:16]   File "C:\Program Files\WindowsApps\PythonSoftwareFoundation.Python.3.11_3.11.2544.0_x64__qbz5n2kfra8p0\Lib\json\decoder.py", line 355, in raw_decode
    raise JSONDecodeError("Expecting value", s, err.value) from None
[18:35:16] json.decoder.JSONDecodeError: Expecting value: line 1 column 1 (char 0)
  √¢≈°¬† Keine Kodierung von auto_1 erhalten

Deduktiver Kodierer ü§ñ **auto_2** verarbeitet Chunk mit progressivem Kontext...
Dokumentfortschritt: ca. 20.0%
Summary-Reifephase: PHASE 1 (Sammlung), max. √Ñnderung: 50%
Fehler bei der Kodierung durch auto_2: Expecting value: line 1 column 1 (char 0)
Details:
[18:35:16] Traceback (most recent call last):
[18:35:16]   File "C:\Users\justu\OneDrive\Projekte\Forschung\R-Projects\QCA-AID\QCA_AID_assets\analysis\deductive_coding.py", line 574, in code_chunk_with_progressive_context
    result = json.loads(llm_response.content)
             ^^^^^^^^^^^^^^^^^^^^^^^^^^^^^^^^
[18:35:16]   File "C:\Program Files\WindowsApps\PythonSoftwareFoundation.Python.3.11_3.11.2544.0_x64__qbz5n2kfra8p0\Lib\json\__init__.py", line 346, in loads
    return _default_decoder.decode(s)
           ^^^^^^^^^^^^^^^^^^^^^^^^^^
[18:35:16]   File "C:\Program Files\WindowsApps\PythonSoftwareFoundation.Python.3.11_3.11.2544.0_x64__qbz5n2kfra8p0\Lib\json\decoder.py", line 337, in decode
    obj, end = self.raw_decode(s, idx=_w(s, 0).end())
               ^^^^^^^^^^^^^^^^^^^^^^^^^^^^^^^^^^^^^^
[18:35:16]   File "C:\Program Files\WindowsApps\PythonSoftwareFoundation.Python.3.11_3.11.2544.0_x64__qbz5n2kfra8p0\Lib\json\decoder.py", line 355, in raw_decode
    raise JSONDecodeError("Expecting value", s, err.value) from None
[18:35:16] json.decoder.JSONDecodeError: Expecting value: line 1 column 1 (char 0)
  √¢≈°¬† Keine Kodierung von auto_2 erhalten

üßæ S√Ñttigungsstatus:
   [TARGET] Theoretische S√Ñttigung: 53.6%
   ‚ÑπÔ∏è Materialabdeckung: 100.0%

‚ÑπÔ∏è Fortschritt:
   - Verarbeitete Segmente: 11/11
   - Aktuelle Kategorien: 8
   - Kodierungen: 0
   - Batch-Zeit: 0.01s

üèÅ FINALISIERUNG (DEDUCTIVE MODE):

‚ÑπÔ∏è DEDUCTIVE MODE Finalisierung:
   - Kategorien: 8

================================================================================
üßæ KATEGORIENENTWICKLUNG ABGESCHLOSSEN
================================================================================
‚ÑπÔ∏è Entwicklungsbilanz:
   - Verarbeitete Batches: 3
   - Initial: 8 Kategorien
   - Neu entwickelt: 0 Kategorien
   - Final: 8 Kategorien
   - Subkategorien: 32

Analyse wurde abgebrochen.
============================================================
=== QCA-AID Console Log beendet: 2025-11-17 18:35:16 ===
