=== QCA-AID Console Log gestartet: 2025-11-17 18:49:22 ===
Log-Datei: C:\Users\justu\OneDrive\Projekte\Forschung\R-Projects\QCA-AID\output\console_log_20251117_184922.txt
============================================================
=== Qualitative Inhaltsanalyse nach Mayring ===
Versuche Konfiguration zu laden von: C:\Users\justu\OneDrive\Projekte\Forschung\R-Projects\QCA-AID\QCA-AID-Codebook.xlsx

√ñffne Excel-Datei...
Excel-Datei erfolgreich geladen. Verf√ºgbare Sheets: ['FORSCHUNGSFRAGE', 'DEDUKTIVE_KATEGORIEN', 'KODIERREGELN', 'CONFIG']

Lese DEDUKTIVE_KATEGORIEN Sheet...

Kodierregeln geladen:
- Allgemeine Regeln: 5
- Formatregeln: 3
- Ausschlussregeln: 3
EXPORT_ANNOTATED_PDFS aus Codebook geladen: True (urspr√ºnglich: 'true')
ANALYSIS_MODE aus Codebook geladen: abductive
REVIEW_MODE aus Codebook geladen: consensus
Drittes Attribut-Label geladen: nan
Standard-Ausgabeverzeichnis gesichert: C:\Users\justu\OneDrive\Projekte\Forschung\R-Projects\QCA-AID\output
Verzeichnis gesichert: C:\Users\justu\OneDrive\Projekte\Forschung\R-Projects\QCA-AID\input
Verzeichnis gesichert: C:\Users\justu\OneDrive\Projekte\Forschung\R-Projects\QCA-AID\output
√úbernehme CHUNK_SIZE aus Codebook: 1000
√úbernehme CHUNK_OVERLAP aus Codebook: 40
√úbernehme CODE_WITH_CONTEXT aus Codebook: False
√úbernehme MULTIPLE_CODINGS aus Codebook: True
√úbernehme MULTIPLE_CODING_THRESHOLD aus Codebook: 0.85
Finale BATCH_SIZE: 5

Starte Laden der deduktiven Kategorien...

Lade deduktive Kategorien...
Erfolgreich 8 Kategorien geladen

Kategorien erfolgreich in Config gespeichert

Konfiguration erfolgreich geladen
No existing revision history found - starting fresh

2. Lese Dokumente ein...

DocumentReader initialisiert:
Verzeichnis: C:\Users\justu\OneDrive\Projekte\Forschung\R-Projects\QCA-AID\input
Unterst√ºtzte Formate: .docx, .pdf, .txt

Dateianalyse:

Gefundene Dateien:
[ERROR] .input-dir
[OK] dummy_solar_media.txt
[OK] text_demo_wiss.pdf
[OK] trial_case_iv_2.pdf

Verarbeite Dateien:

Lese: dummy_solar_media.txt
[OK] Erfolgreich eingelesen: 441 Zeichen

Lese: text_demo_wiss.pdf

Lese PDF: text_demo_wiss.pdf
  Gefundene Seiten: 1
  Seite 1/1: 4126 Zeichen extrahiert

Ergebnis:
  [OK] 1 Textabschnitte extrahiert
  [OK] Gesamtl√§nge: 4126 Zeichen
[OK] Erfolgreich eingelesen: 4126 Zeichen

Lese: trial_case_iv_2.pdf

Lese PDF: trial_case_iv_2.pdf
  Gefundene Seiten: 1
  Seite 1/1: 4320 Zeichen extrahiert

Ergebnis:
  [OK] 1 Textabschnitte extrahiert
  [OK] Gesamtl√§nge: 4320 Zeichen
[OK] Erfolgreich eingelesen: 4320 Zeichen

Verarbeitungsstatistik:
- Dateien im Verzeichnis: 4
- Unterst√ºtzte Dateien: 3
- Erfolgreich eingelesen: 3

3. Induktive Kodierung konfigurieren...

Gespeichertes induktives Codebook gefunden.
Automatische Fortf√úhrung in 10 Sekunden...


M√ñchten Sie das gespeicherte erweiterte Kodesystem laden? (j/N) (10s): 

M√ñchten Sie das gespeicherte erweiterte Kodesystem laden? (j/N) (9s): 

M√ñchten Sie das gespeicherte erweiterte Kodesystem laden? (j/N) (8s): 

M√ñchten Sie das gespeicherte erweiterte Kodesystem laden? (j/N) (7s): 

M√ñchten Sie das gespeicherte erweiterte Kodesystem laden? (j/N) (6s): 

Aktueller Analysemodus aus Codebook: {default_mode}
Sie haben 10 Sekunden Zeit fuer die Eingabe.
Optionen:
1 = inductive (volle induktive Analyse)
2 = abductive (nur Subkategorien entwickeln)
3 = deductive (nur deduktiv)
4 = grounded (Subkategorien sammeln, spaeter Hauptkategorien generieren)


Welchen Analysemodus moechten Sie verwenden? [1/2/3/4] (Standard: abductive) (10s): 

Welchen Analysemodus moechten Sie verwenden? [1/2/3/4] (Standard: abductive) (9s): 

Welchen Analysemodus moechten Sie verwenden? [1/2/3/4] (Standard: abductive) (8s): 

Analysemodus: deductive (Skip induktiv)

4. Konfiguriere Kodierer...
üßæ Kodierer auto_1: 8 deduktive Kategorien geladen (deductive mode)
Initialisiere LLM Provider: openai
OpenAI Client erfolgreich initialisiert
ü§ñ LLM Provider 'openai' fuer Kodierer auto_1 initialisiert
üßæ Kodierer auto_2: 8 deduktive Kategorien geladen (deductive mode)
Initialisiere LLM Provider: openai
OpenAI Client erfolgreich initialisiert
ü§ñ LLM Provider 'openai' fuer Kodierer auto_2 initialisiert

Konfiguriere manuelle Kodierung...
Sie haben 10 Sekunden Zeit fuer die Eingabe.
Druecken Sie 'j' fuer manuelle Kodierung oder 'n' zum √úberspringen.


M√ñchten Sie manuell kodieren? (j/N) (10s): 

M√ñchten Sie manuell kodieren? (j/N) (9s): 

M√ñchten Sie manuell kodieren? (j/N) (8s): 

[INFO] Keine manuelle Kodierung - nur automatische Kodierung wird durchgef√úhrt

5. Bereite Material vor...

Chunking Ergebnis:
- Anzahl Chunks: 1
- Durchschnittliche Chunk-L√§nge: 441 Zeichen
- dummy_solar_media.txt: 1 Chunks erstellt

Chunking Ergebnis:
- Anzahl Chunks: 5
- Durchschnittliche Chunk-L√§nge: 831 Zeichen
- text_demo_wiss.pdf: 5 Chunks erstellt

Chunking Ergebnis:
- Anzahl Chunks: 5
- Durchschnittliche Chunk-L√§nge: 867 Zeichen
- trial_case_iv_2.pdf: 5 Chunks erstellt

7. Starte integrierte Analyse...

Kodierungsmodus: Mit progressivem Kontext
Initialisiere LLM Provider: openai
OpenAI Client erfolgreich initialisiert

RelevanceChecker initialisiert:
- 0 Ausschlussregeln geladen

RelevanceChecker initialisiert:
- 0 Ausschlussregeln geladen
- Mehrfachkodierung: Aktiviert
- Mehrfachkodierung-Schwellenwert: 0.85
Initialisiere LLM Provider: openai
OpenAI Client erfolgreich initialisiert

√∞≈∏‚Äù¬¨ Induktive Kodierung initialisiert:
- Min. Batches vor S√Ñttigung: 5
- Min. Materialabdeckung: 80%
- Stabilit√Ñtsschwelle: 3 Batches
üßæ Kodierer auto_1: 8 deduktive Kategorien geladen (deductive mode)
Initialisiere LLM Provider: openai
OpenAI Client erfolgreich initialisiert
ü§ñ LLM Provider 'openai' fuer Kodierer auto_1 initialisiert
üßæ Kodierer auto_2: 8 deduktive Kategorien geladen (deductive mode)
Initialisiere LLM Provider: openai
OpenAI Client erfolgreich initialisiert
ü§ñ LLM Provider 'openai' fuer Kodierer auto_2 initialisiert

Kontextuelle Kodierung: Aktiviert

√∞≈∏‚Äù¬¨ IntegratedAnalysisManager initialisiert:
   - Analysemodus: deductive
[OK] Session-Statistiken zurueckgesetzt

[TIP] Tipp: Druecken Sie ESC um die Kodierung sicher zu unterbrechen und Zwischenergebnisse zu speichern

Analyse gestartet um 18:49:33
Verarbeite 11 Segmente mit Batch-Gr√ñ·∫ûe 5...
Verarbeite 11 Segmente mit Batch-Gr√ñ·∫ûe 5...

============================================================
üßæ BATCH 1: 5 Segmente
‚ÑπÔ∏è Material verarbeitet: 0.0%
============================================================

üïµÔ∏è Schritt 1: Erweiterte Relevanzpr√úfung fuer Forschungsfrage...
[REVIEW] Erweiterte Relevanzpruefung mit Kategorie-Vorauswahl fuer 5 Segmente...

--- Analysefortschritt ---
Verarbeitet: 0 Segmente
Geschwindigkeit: 0.0 Segmente/Stunde
------------------------
Fehler bei erweiterter Relevanzpr√ºfung: 'TokenTracker' object has no attribute 'track_error'
[SEARCH] Relevanzpruefung: 5 neue Segmente
   üì¶ Verwende normale Batch-Methode f√ºr 5 Segmente
Fehler bei paralleler Relevanzpr√ºfung: 'TokenTracker' object has no attribute 'track_error'
[18:49:34] Traceback (most recent call last):
[18:49:34]   File "C:\Users\justu\OneDrive\Projekte\Forschung\R-Projects\QCA-AID\QCA_AID_assets\QCA_Utils.py", line 1599, in create_completion
    response = await self.client.chat.completions.create(**params)
               ^^^^^^^^^^^^^^^^^^^^^^^^^^^^^^^^^^^^^^^^^^^^^^^^^^^
[18:49:34]   File "C:\Users\justu\AppData\Local\Packages\PythonSoftwareFoundation.Python.3.11_qbz5n2kfra8p0\LocalCache\local-packages\Python311\site-packages\openai\resources\chat\completions\completions.py", line 2028, in create
    return await self._post(
           ^^^^^^^^^^^^^^^^^
[18:49:34]   File "C:\Users\justu\AppData\Local\Packages\PythonSoftwareFoundation.Python.3.11_qbz5n2kfra8p0\LocalCache\local-packages\Python311\site-packages\openai\_base_client.py", line 1742, in post
    return await self.request(cast_to, opts, stream=stream, stream_cls=stream_cls)
           ^^^^^^^^^^^^^^^^^^^^^^^^^^^^^^^^^^^^^^^^^^^^^^^^^^^^^^^^^^^^^^^^^^^^^^^
[18:49:34]   File "C:\Users\justu\AppData\Local\Packages\PythonSoftwareFoundation.Python.3.11_qbz5n2kfra8p0\LocalCache\local-packages\Python311\site-packages\openai\_base_client.py", line 1549, in request
    raise self._make_status_error_from_response(err.response) from None
[18:49:34] openai.BadRequestError: Error code: 400 - {'error': {'message': "Unsupported value: 'temperature' does not support 0.3 with this model. Only the default (1) value is supported.", 'type': 'invalid_request_error', 'param': 'temperature', 'code': 'unsupported_value'}}
[18:49:34] 
During handling of the above exception, another exception occurred:

[18:49:34] Traceback (most recent call last):
[18:49:34]   File "C:\Users\justu\OneDrive\Projekte\Forschung\R-Projects\QCA-AID\QCA_AID_assets\analysis\relevance_checker.py", line 273, in check_relevance_batch
    response = await self.llm_provider.create_completion(
               ^^^^^^^^^^^^^^^^^^^^^^^^^^^^^^^^^^^^^^^^^^
[18:49:34]   File "C:\Users\justu\OneDrive\Projekte\Forschung\R-Projects\QCA-AID\QCA_AID_assets\QCA_Utils.py", line 1602, in create_completion
    token_counter.track_error(self.model_name)
    ^^^^^^^^^^^^^^^^^^^^^^^^^
[18:49:34] AttributeError: 'TokenTracker' object has no attribute 'track_error'
üßæ Erweiterte Relevanz: 5 von 5 Segmenten relevant
üéØ Kategorie-Pr√Ñferenzen: {}

üìù N√Ñchster Schritt: Deduktive Kodierung aller 5 Segmente...
üéØ Kontext-Kodierung: 5 Segmente haben Kategorie-Pr√Ñferenzen
[SEARCH] Relevanzpruefung: 5 neue Segmente
   üì¶ Verwende normale Batch-Methode f√ºr 5 Segmente
Fehler bei paralleler Relevanzpr√ºfung: 'TokenTracker' object has no attribute 'track_error'
[18:49:34] Traceback (most recent call last):
[18:49:34]   File "C:\Users\justu\OneDrive\Projekte\Forschung\R-Projects\QCA-AID\QCA_AID_assets\QCA_Utils.py", line 1599, in create_completion
    response = await self.client.chat.completions.create(**params)
               ^^^^^^^^^^^^^^^^^^^^^^^^^^^^^^^^^^^^^^^^^^^^^^^^^^^
[18:49:34]   File "C:\Users\justu\AppData\Local\Packages\PythonSoftwareFoundation.Python.3.11_qbz5n2kfra8p0\LocalCache\local-packages\Python311\site-packages\openai\resources\chat\completions\completions.py", line 2028, in create
    return await self._post(
           ^^^^^^^^^^^^^^^^^
[18:49:34]   File "C:\Users\justu\AppData\Local\Packages\PythonSoftwareFoundation.Python.3.11_qbz5n2kfra8p0\LocalCache\local-packages\Python311\site-packages\openai\_base_client.py", line 1742, in post
    return await self.request(cast_to, opts, stream=stream, stream_cls=stream_cls)
           ^^^^^^^^^^^^^^^^^^^^^^^^^^^^^^^^^^^^^^^^^^^^^^^^^^^^^^^^^^^^^^^^^^^^^^^
[18:49:34]   File "C:\Users\justu\AppData\Local\Packages\PythonSoftwareFoundation.Python.3.11_qbz5n2kfra8p0\LocalCache\local-packages\Python311\site-packages\openai\_base_client.py", line 1549, in request
    raise self._make_status_error_from_response(err.response) from None
[18:49:34] openai.BadRequestError: Error code: 400 - {'error': {'message': "Unsupported value: 'temperature' does not support 0.3 with this model. Only the default (1) value is supported.", 'type': 'invalid_request_error', 'param': 'temperature', 'code': 'unsupported_value'}}
[18:49:34] 
During handling of the above exception, another exception occurred:

[18:49:34] Traceback (most recent call last):
[18:49:34]   File "C:\Users\justu\OneDrive\Projekte\Forschung\R-Projects\QCA-AID\QCA_AID_assets\analysis\relevance_checker.py", line 273, in check_relevance_batch
    response = await self.llm_provider.create_completion(
               ^^^^^^^^^^^^^^^^^^^^^^^^^^^^^^^^^^^^^^^^^^
[18:49:34]   File "C:\Users\justu\OneDrive\Projekte\Forschung\R-Projects\QCA-AID\QCA_AID_assets\QCA_Utils.py", line 1602, in create_completion
    token_counter.track_error(self.model_name)
    ^^^^^^^^^^^^^^^^^^^^^^^^^
[18:49:34] AttributeError: 'TokenTracker' object has no attribute 'track_error'
  ‚ÑπÔ∏è Pr√úfe 5 relevante Segmente auf Mehrfachkodierung...
[LAUNCH] Parallele Mehrfachkodierungs-Pruefung: 5 Segmente
Fehler bei paralleler Mehrfachkodierungs-Pr√ºfung: 'set' object is not subscriptable
[18:49:34] Traceback (most recent call last):
[18:49:34]   File "C:\Users\justu\OneDrive\Projekte\Forschung\R-Projects\QCA-AID\QCA_AID_assets\analysis\relevance_checker.py", line 121, in check_multiple_category_relevance
    'examples': cat_def.examples[:2] if cat_def.examples else []
                ~~~~~~~~~~~~~~~~^^^^
[18:49:34] TypeError: 'set' object is not subscriptable

üïµÔ∏è Verarbeite Segment dummy_solar_media.txt_chunk_0 mit Kontext
[SEARCH] Relevanzpruefung: 1 neue Segmente
   üì¶ Verwende normale Batch-Methode f√ºr 1 Segmente
Fehler bei paralleler Relevanzpr√ºfung: 'TokenTracker' object has no attribute 'track_error'
[18:49:34] Traceback (most recent call last):
[18:49:34]   File "C:\Users\justu\OneDrive\Projekte\Forschung\R-Projects\QCA-AID\QCA_AID_assets\QCA_Utils.py", line 1599, in create_completion
    response = await self.client.chat.completions.create(**params)
               ^^^^^^^^^^^^^^^^^^^^^^^^^^^^^^^^^^^^^^^^^^^^^^^^^^^
[18:49:34]   File "C:\Users\justu\AppData\Local\Packages\PythonSoftwareFoundation.Python.3.11_qbz5n2kfra8p0\LocalCache\local-packages\Python311\site-packages\openai\resources\chat\completions\completions.py", line 2028, in create
    return await self._post(
           ^^^^^^^^^^^^^^^^^
[18:49:34]   File "C:\Users\justu\AppData\Local\Packages\PythonSoftwareFoundation.Python.3.11_qbz5n2kfra8p0\LocalCache\local-packages\Python311\site-packages\openai\_base_client.py", line 1742, in post
    return await self.request(cast_to, opts, stream=stream, stream_cls=stream_cls)
           ^^^^^^^^^^^^^^^^^^^^^^^^^^^^^^^^^^^^^^^^^^^^^^^^^^^^^^^^^^^^^^^^^^^^^^^
[18:49:34]   File "C:\Users\justu\AppData\Local\Packages\PythonSoftwareFoundation.Python.3.11_qbz5n2kfra8p0\LocalCache\local-packages\Python311\site-packages\openai\_base_client.py", line 1549, in request
    raise self._make_status_error_from_response(err.response) from None
[18:49:34] openai.BadRequestError: Error code: 400 - {'error': {'message': "Unsupported value: 'temperature' does not support 0.3 with this model. Only the default (1) value is supported.", 'type': 'invalid_request_error', 'param': 'temperature', 'code': 'unsupported_value'}}
[18:49:34] 
During handling of the above exception, another exception occurred:

[18:49:34] Traceback (most recent call last):
[18:49:34]   File "C:\Users\justu\OneDrive\Projekte\Forschung\R-Projects\QCA-AID\QCA_AID_assets\analysis\relevance_checker.py", line 273, in check_relevance_batch
    response = await self.llm_provider.create_completion(
               ^^^^^^^^^^^^^^^^^^^^^^^^^^^^^^^^^^^^^^^^^^
[18:49:34]   File "C:\Users\justu\OneDrive\Projekte\Forschung\R-Projects\QCA-AID\QCA_AID_assets\QCA_Utils.py", line 1602, in create_completion
    token_counter.track_error(self.model_name)
    ^^^^^^^^^^^^^^^^^^^^^^^^^
[18:49:34] AttributeError: 'TokenTracker' object has no attribute 'track_error'

Deduktiver Kodierer ü§ñ **auto_1** verarbeitet Chunk mit progressivem Kontext...
Dokumentfortschritt: ca. 0.0%
Summary-Reifephase: PHASE 1 (Sammlung), max. √Ñnderung: 50%
Fehler bei der Kodierung durch auto_1: 'TokenTracker' object has no attribute 'track_error'
Details:
[18:49:35] Traceback (most recent call last):
[18:49:35]   File "C:\Users\justu\OneDrive\Projekte\Forschung\R-Projects\QCA-AID\QCA_AID_assets\QCA_Utils.py", line 1599, in create_completion
    response = await self.client.chat.completions.create(**params)
               ^^^^^^^^^^^^^^^^^^^^^^^^^^^^^^^^^^^^^^^^^^^^^^^^^^^
[18:49:35]   File "C:\Users\justu\AppData\Local\Packages\PythonSoftwareFoundation.Python.3.11_qbz5n2kfra8p0\LocalCache\local-packages\Python311\site-packages\openai\resources\chat\completions\completions.py", line 2028, in create
    return await self._post(
           ^^^^^^^^^^^^^^^^^
[18:49:35]   File "C:\Users\justu\AppData\Local\Packages\PythonSoftwareFoundation.Python.3.11_qbz5n2kfra8p0\LocalCache\local-packages\Python311\site-packages\openai\_base_client.py", line 1742, in post
    return await self.request(cast_to, opts, stream=stream, stream_cls=stream_cls)
           ^^^^^^^^^^^^^^^^^^^^^^^^^^^^^^^^^^^^^^^^^^^^^^^^^^^^^^^^^^^^^^^^^^^^^^^
[18:49:35]   File "C:\Users\justu\AppData\Local\Packages\PythonSoftwareFoundation.Python.3.11_qbz5n2kfra8p0\LocalCache\local-packages\Python311\site-packages\openai\_base_client.py", line 1549, in request
    raise self._make_status_error_from_response(err.response) from None
[18:49:35] openai.BadRequestError: Error code: 400 - {'error': {'message': "Unsupported value: 'temperature' does not support 0.3 with this model. Only the default (1) value is supported.", 'type': 'invalid_request_error', 'param': 'temperature', 'code': 'unsupported_value'}}
[18:49:35] 
During handling of the above exception, another exception occurred:

[18:49:35] Traceback (most recent call last):
[18:49:35]   File "C:\Users\justu\OneDrive\Projekte\Forschung\R-Projects\QCA-AID\QCA_AID_assets\analysis\deductive_coding.py", line 568, in code_chunk_with_progressive_context
    response = await self.llm_provider.create_completion(
               ^^^^^^^^^^^^^^^^^^^^^^^^^^^^^^^^^^^^^^^^^^
[18:49:35]   File "C:\Users\justu\OneDrive\Projekte\Forschung\R-Projects\QCA-AID\QCA_AID_assets\QCA_Utils.py", line 1602, in create_completion
    token_counter.track_error(self.model_name)
    ^^^^^^^^^^^^^^^^^^^^^^^^^
[18:49:35] AttributeError: 'TokenTracker' object has no attribute 'track_error'
  √¢≈°¬† Keine Kodierung von auto_1 erhalten

Deduktiver Kodierer ü§ñ **auto_2** verarbeitet Chunk mit progressivem Kontext...
Dokumentfortschritt: ca. 0.0%
Summary-Reifephase: PHASE 1 (Sammlung), max. √Ñnderung: 50%
Fehler bei der Kodierung durch auto_2: 'TokenTracker' object has no attribute 'track_error'
Details:
[18:49:35] Traceback (most recent call last):
[18:49:35]   File "C:\Users\justu\OneDrive\Projekte\Forschung\R-Projects\QCA-AID\QCA_AID_assets\QCA_Utils.py", line 1599, in create_completion
    response = await self.client.chat.completions.create(**params)
               ^^^^^^^^^^^^^^^^^^^^^^^^^^^^^^^^^^^^^^^^^^^^^^^^^^^
[18:49:35]   File "C:\Users\justu\AppData\Local\Packages\PythonSoftwareFoundation.Python.3.11_qbz5n2kfra8p0\LocalCache\local-packages\Python311\site-packages\openai\resources\chat\completions\completions.py", line 2028, in create
    return await self._post(
           ^^^^^^^^^^^^^^^^^
[18:49:35]   File "C:\Users\justu\AppData\Local\Packages\PythonSoftwareFoundation.Python.3.11_qbz5n2kfra8p0\LocalCache\local-packages\Python311\site-packages\openai\_base_client.py", line 1742, in post
    return await self.request(cast_to, opts, stream=stream, stream_cls=stream_cls)
           ^^^^^^^^^^^^^^^^^^^^^^^^^^^^^^^^^^^^^^^^^^^^^^^^^^^^^^^^^^^^^^^^^^^^^^^
[18:49:35]   File "C:\Users\justu\AppData\Local\Packages\PythonSoftwareFoundation.Python.3.11_qbz5n2kfra8p0\LocalCache\local-packages\Python311\site-packages\openai\_base_client.py", line 1549, in request
    raise self._make_status_error_from_response(err.response) from None
[18:49:35] openai.BadRequestError: Error code: 400 - {'error': {'message': "Unsupported value: 'temperature' does not support 0.5 with this model. Only the default (1) value is supported.", 'type': 'invalid_request_error', 'param': 'temperature', 'code': 'unsupported_value'}}
[18:49:35] 
During handling of the above exception, another exception occurred:

[18:49:35] Traceback (most recent call last):
[18:49:35]   File "C:\Users\justu\OneDrive\Projekte\Forschung\R-Projects\QCA-AID\QCA_AID_assets\analysis\deductive_coding.py", line 568, in code_chunk_with_progressive_context
    response = await self.llm_provider.create_completion(
               ^^^^^^^^^^^^^^^^^^^^^^^^^^^^^^^^^^^^^^^^^^
[18:49:35]   File "C:\Users\justu\OneDrive\Projekte\Forschung\R-Projects\QCA-AID\QCA_AID_assets\QCA_Utils.py", line 1602, in create_completion
    token_counter.track_error(self.model_name)
    ^^^^^^^^^^^^^^^^^^^^^^^^^
[18:49:35] AttributeError: 'TokenTracker' object has no attribute 'track_error'
  √¢≈°¬† Keine Kodierung von auto_2 erhalten

üïµÔ∏è Verarbeite Segment text_demo_wiss.pdf_chunk_0 mit Kontext
[SEARCH] Relevanzpruefung: 1 neue Segmente
   üì¶ Verwende normale Batch-Methode f√ºr 1 Segmente
Fehler bei paralleler Relevanzpr√ºfung: 'TokenTracker' object has no attribute 'track_error'
[18:49:35] Traceback (most recent call last):
[18:49:35]   File "C:\Users\justu\OneDrive\Projekte\Forschung\R-Projects\QCA-AID\QCA_AID_assets\QCA_Utils.py", line 1599, in create_completion
    response = await self.client.chat.completions.create(**params)
               ^^^^^^^^^^^^^^^^^^^^^^^^^^^^^^^^^^^^^^^^^^^^^^^^^^^
[18:49:35]   File "C:\Users\justu\AppData\Local\Packages\PythonSoftwareFoundation.Python.3.11_qbz5n2kfra8p0\LocalCache\local-packages\Python311\site-packages\openai\resources\chat\completions\completions.py", line 2028, in create
    return await self._post(
           ^^^^^^^^^^^^^^^^^
[18:49:35]   File "C:\Users\justu\AppData\Local\Packages\PythonSoftwareFoundation.Python.3.11_qbz5n2kfra8p0\LocalCache\local-packages\Python311\site-packages\openai\_base_client.py", line 1742, in post
    return await self.request(cast_to, opts, stream=stream, stream_cls=stream_cls)
           ^^^^^^^^^^^^^^^^^^^^^^^^^^^^^^^^^^^^^^^^^^^^^^^^^^^^^^^^^^^^^^^^^^^^^^^
[18:49:35]   File "C:\Users\justu\AppData\Local\Packages\PythonSoftwareFoundation.Python.3.11_qbz5n2kfra8p0\LocalCache\local-packages\Python311\site-packages\openai\_base_client.py", line 1549, in request
    raise self._make_status_error_from_response(err.response) from None
[18:49:35] openai.BadRequestError: Error code: 400 - {'error': {'message': "Unsupported value: 'temperature' does not support 0.3 with this model. Only the default (1) value is supported.", 'type': 'invalid_request_error', 'param': 'temperature', 'code': 'unsupported_value'}}
[18:49:35] 
During handling of the above exception, another exception occurred:

[18:49:35] Traceback (most recent call last):
[18:49:35]   File "C:\Users\justu\OneDrive\Projekte\Forschung\R-Projects\QCA-AID\QCA_AID_assets\analysis\relevance_checker.py", line 273, in check_relevance_batch
    response = await self.llm_provider.create_completion(
               ^^^^^^^^^^^^^^^^^^^^^^^^^^^^^^^^^^^^^^^^^^
[18:49:35]   File "C:\Users\justu\OneDrive\Projekte\Forschung\R-Projects\QCA-AID\QCA_AID_assets\QCA_Utils.py", line 1602, in create_completion
    token_counter.track_error(self.model_name)
    ^^^^^^^^^^^^^^^^^^^^^^^^^
[18:49:35] AttributeError: 'TokenTracker' object has no attribute 'track_error'

Deduktiver Kodierer ü§ñ **auto_1** verarbeitet Chunk mit progressivem Kontext...
Dokumentfortschritt: ca. 0.0%
Summary-Reifephase: PHASE 1 (Sammlung), max. √Ñnderung: 50%
Fehler bei der Kodierung durch auto_1: 'TokenTracker' object has no attribute 'track_error'
Details:
[18:49:36] Traceback (most recent call last):
[18:49:36]   File "C:\Users\justu\OneDrive\Projekte\Forschung\R-Projects\QCA-AID\QCA_AID_assets\QCA_Utils.py", line 1599, in create_completion
    response = await self.client.chat.completions.create(**params)
               ^^^^^^^^^^^^^^^^^^^^^^^^^^^^^^^^^^^^^^^^^^^^^^^^^^^
[18:49:36]   File "C:\Users\justu\AppData\Local\Packages\PythonSoftwareFoundation.Python.3.11_qbz5n2kfra8p0\LocalCache\local-packages\Python311\site-packages\openai\resources\chat\completions\completions.py", line 2028, in create
    return await self._post(
           ^^^^^^^^^^^^^^^^^
[18:49:36]   File "C:\Users\justu\AppData\Local\Packages\PythonSoftwareFoundation.Python.3.11_qbz5n2kfra8p0\LocalCache\local-packages\Python311\site-packages\openai\_base_client.py", line 1742, in post
    return await self.request(cast_to, opts, stream=stream, stream_cls=stream_cls)
           ^^^^^^^^^^^^^^^^^^^^^^^^^^^^^^^^^^^^^^^^^^^^^^^^^^^^^^^^^^^^^^^^^^^^^^^
[18:49:36]   File "C:\Users\justu\AppData\Local\Packages\PythonSoftwareFoundation.Python.3.11_qbz5n2kfra8p0\LocalCache\local-packages\Python311\site-packages\openai\_base_client.py", line 1549, in request
    raise self._make_status_error_from_response(err.response) from None
[18:49:36] openai.BadRequestError: Error code: 400 - {'error': {'message': "Unsupported value: 'temperature' does not support 0.3 with this model. Only the default (1) value is supported.", 'type': 'invalid_request_error', 'param': 'temperature', 'code': 'unsupported_value'}}
[18:49:36] 
During handling of the above exception, another exception occurred:

[18:49:36] Traceback (most recent call last):
[18:49:36]   File "C:\Users\justu\OneDrive\Projekte\Forschung\R-Projects\QCA-AID\QCA_AID_assets\analysis\deductive_coding.py", line 568, in code_chunk_with_progressive_context
    response = await self.llm_provider.create_completion(
               ^^^^^^^^^^^^^^^^^^^^^^^^^^^^^^^^^^^^^^^^^^
[18:49:36]   File "C:\Users\justu\OneDrive\Projekte\Forschung\R-Projects\QCA-AID\QCA_AID_assets\QCA_Utils.py", line 1602, in create_completion
    token_counter.track_error(self.model_name)
    ^^^^^^^^^^^^^^^^^^^^^^^^^
[18:49:36] AttributeError: 'TokenTracker' object has no attribute 'track_error'
  √¢≈°¬† Keine Kodierung von auto_1 erhalten

Deduktiver Kodierer ü§ñ **auto_2** verarbeitet Chunk mit progressivem Kontext...
Dokumentfortschritt: ca. 0.0%
Summary-Reifephase: PHASE 1 (Sammlung), max. √Ñnderung: 50%
Fehler bei der Kodierung durch auto_2: 'TokenTracker' object has no attribute 'track_error'
Details:
[18:49:36] Traceback (most recent call last):
[18:49:36]   File "C:\Users\justu\OneDrive\Projekte\Forschung\R-Projects\QCA-AID\QCA_AID_assets\QCA_Utils.py", line 1599, in create_completion
    response = await self.client.chat.completions.create(**params)
               ^^^^^^^^^^^^^^^^^^^^^^^^^^^^^^^^^^^^^^^^^^^^^^^^^^^
[18:49:36]   File "C:\Users\justu\AppData\Local\Packages\PythonSoftwareFoundation.Python.3.11_qbz5n2kfra8p0\LocalCache\local-packages\Python311\site-packages\openai\resources\chat\completions\completions.py", line 2028, in create
    return await self._post(
           ^^^^^^^^^^^^^^^^^
[18:49:36]   File "C:\Users\justu\AppData\Local\Packages\PythonSoftwareFoundation.Python.3.11_qbz5n2kfra8p0\LocalCache\local-packages\Python311\site-packages\openai\_base_client.py", line 1742, in post
    return await self.request(cast_to, opts, stream=stream, stream_cls=stream_cls)
           ^^^^^^^^^^^^^^^^^^^^^^^^^^^^^^^^^^^^^^^^^^^^^^^^^^^^^^^^^^^^^^^^^^^^^^^
[18:49:36]   File "C:\Users\justu\AppData\Local\Packages\PythonSoftwareFoundation.Python.3.11_qbz5n2kfra8p0\LocalCache\local-packages\Python311\site-packages\openai\_base_client.py", line 1549, in request
    raise self._make_status_error_from_response(err.response) from None
[18:49:36] openai.BadRequestError: Error code: 400 - {'error': {'message': "Unsupported value: 'temperature' does not support 0.5 with this model. Only the default (1) value is supported.", 'type': 'invalid_request_error', 'param': 'temperature', 'code': 'unsupported_value'}}
[18:49:36] 
During handling of the above exception, another exception occurred:

[18:49:36] Traceback (most recent call last):
[18:49:36]   File "C:\Users\justu\OneDrive\Projekte\Forschung\R-Projects\QCA-AID\QCA_AID_assets\analysis\deductive_coding.py", line 568, in code_chunk_with_progressive_context
    response = await self.llm_provider.create_completion(
               ^^^^^^^^^^^^^^^^^^^^^^^^^^^^^^^^^^^^^^^^^^
[18:49:36]   File "C:\Users\justu\OneDrive\Projekte\Forschung\R-Projects\QCA-AID\QCA_AID_assets\QCA_Utils.py", line 1602, in create_completion
    token_counter.track_error(self.model_name)
    ^^^^^^^^^^^^^^^^^^^^^^^^^
[18:49:36] AttributeError: 'TokenTracker' object has no attribute 'track_error'
  √¢≈°¬† Keine Kodierung von auto_2 erhalten

üïµÔ∏è Verarbeite Segment text_demo_wiss.pdf_chunk_1 mit Kontext
[SEARCH] Relevanzpruefung: 1 neue Segmente
   üì¶ Verwende normale Batch-Methode f√ºr 1 Segmente
Fehler bei paralleler Relevanzpr√ºfung: 'TokenTracker' object has no attribute 'track_error'
[18:49:36] Traceback (most recent call last):
[18:49:36]   File "C:\Users\justu\OneDrive\Projekte\Forschung\R-Projects\QCA-AID\QCA_AID_assets\QCA_Utils.py", line 1599, in create_completion
    response = await self.client.chat.completions.create(**params)
               ^^^^^^^^^^^^^^^^^^^^^^^^^^^^^^^^^^^^^^^^^^^^^^^^^^^
[18:49:36]   File "C:\Users\justu\AppData\Local\Packages\PythonSoftwareFoundation.Python.3.11_qbz5n2kfra8p0\LocalCache\local-packages\Python311\site-packages\openai\resources\chat\completions\completions.py", line 2028, in create
    return await self._post(
           ^^^^^^^^^^^^^^^^^
[18:49:36]   File "C:\Users\justu\AppData\Local\Packages\PythonSoftwareFoundation.Python.3.11_qbz5n2kfra8p0\LocalCache\local-packages\Python311\site-packages\openai\_base_client.py", line 1742, in post
    return await self.request(cast_to, opts, stream=stream, stream_cls=stream_cls)
           ^^^^^^^^^^^^^^^^^^^^^^^^^^^^^^^^^^^^^^^^^^^^^^^^^^^^^^^^^^^^^^^^^^^^^^^
[18:49:36]   File "C:\Users\justu\AppData\Local\Packages\PythonSoftwareFoundation.Python.3.11_qbz5n2kfra8p0\LocalCache\local-packages\Python311\site-packages\openai\_base_client.py", line 1549, in request
    raise self._make_status_error_from_response(err.response) from None
[18:49:36] openai.BadRequestError: Error code: 400 - {'error': {'message': "Unsupported value: 'temperature' does not support 0.3 with this model. Only the default (1) value is supported.", 'type': 'invalid_request_error', 'param': 'temperature', 'code': 'unsupported_value'}}
[18:49:36] 
During handling of the above exception, another exception occurred:

[18:49:36] Traceback (most recent call last):
[18:49:36]   File "C:\Users\justu\OneDrive\Projekte\Forschung\R-Projects\QCA-AID\QCA_AID_assets\analysis\relevance_checker.py", line 273, in check_relevance_batch
    response = await self.llm_provider.create_completion(
               ^^^^^^^^^^^^^^^^^^^^^^^^^^^^^^^^^^^^^^^^^^
[18:49:36]   File "C:\Users\justu\OneDrive\Projekte\Forschung\R-Projects\QCA-AID\QCA_AID_assets\QCA_Utils.py", line 1602, in create_completion
    token_counter.track_error(self.model_name)
    ^^^^^^^^^^^^^^^^^^^^^^^^^
[18:49:36] AttributeError: 'TokenTracker' object has no attribute 'track_error'

Deduktiver Kodierer ü§ñ **auto_1** verarbeitet Chunk mit progressivem Kontext...
Dokumentfortschritt: ca. 5.0%
Summary-Reifephase: PHASE 1 (Sammlung), max. √Ñnderung: 50%
Fehler bei der Kodierung durch auto_1: 'TokenTracker' object has no attribute 'track_error'
Details:
[18:49:36] Traceback (most recent call last):
[18:49:36]   File "C:\Users\justu\OneDrive\Projekte\Forschung\R-Projects\QCA-AID\QCA_AID_assets\QCA_Utils.py", line 1599, in create_completion
    response = await self.client.chat.completions.create(**params)
               ^^^^^^^^^^^^^^^^^^^^^^^^^^^^^^^^^^^^^^^^^^^^^^^^^^^
[18:49:36]   File "C:\Users\justu\AppData\Local\Packages\PythonSoftwareFoundation.Python.3.11_qbz5n2kfra8p0\LocalCache\local-packages\Python311\site-packages\openai\resources\chat\completions\completions.py", line 2028, in create
    return await self._post(
           ^^^^^^^^^^^^^^^^^
[18:49:36]   File "C:\Users\justu\AppData\Local\Packages\PythonSoftwareFoundation.Python.3.11_qbz5n2kfra8p0\LocalCache\local-packages\Python311\site-packages\openai\_base_client.py", line 1742, in post
    return await self.request(cast_to, opts, stream=stream, stream_cls=stream_cls)
           ^^^^^^^^^^^^^^^^^^^^^^^^^^^^^^^^^^^^^^^^^^^^^^^^^^^^^^^^^^^^^^^^^^^^^^^
[18:49:36]   File "C:\Users\justu\AppData\Local\Packages\PythonSoftwareFoundation.Python.3.11_qbz5n2kfra8p0\LocalCache\local-packages\Python311\site-packages\openai\_base_client.py", line 1549, in request
    raise self._make_status_error_from_response(err.response) from None
[18:49:36] openai.BadRequestError: Error code: 400 - {'error': {'message': "Unsupported value: 'temperature' does not support 0.3 with this model. Only the default (1) value is supported.", 'type': 'invalid_request_error', 'param': 'temperature', 'code': 'unsupported_value'}}
[18:49:36] 
During handling of the above exception, another exception occurred:

[18:49:36] Traceback (most recent call last):
[18:49:36]   File "C:\Users\justu\OneDrive\Projekte\Forschung\R-Projects\QCA-AID\QCA_AID_assets\analysis\deductive_coding.py", line 568, in code_chunk_with_progressive_context
    response = await self.llm_provider.create_completion(
               ^^^^^^^^^^^^^^^^^^^^^^^^^^^^^^^^^^^^^^^^^^
[18:49:36]   File "C:\Users\justu\OneDrive\Projekte\Forschung\R-Projects\QCA-AID\QCA_AID_assets\QCA_Utils.py", line 1602, in create_completion
    token_counter.track_error(self.model_name)
    ^^^^^^^^^^^^^^^^^^^^^^^^^
[18:49:36] AttributeError: 'TokenTracker' object has no attribute 'track_error'
  √¢≈°¬† Keine Kodierung von auto_1 erhalten

Deduktiver Kodierer ü§ñ **auto_2** verarbeitet Chunk mit progressivem Kontext...
Dokumentfortschritt: ca. 5.0%
Summary-Reifephase: PHASE 1 (Sammlung), max. √Ñnderung: 50%
Fehler bei der Kodierung durch auto_2: 'TokenTracker' object has no attribute 'track_error'
Details:
[18:49:37] Traceback (most recent call last):
[18:49:37]   File "C:\Users\justu\OneDrive\Projekte\Forschung\R-Projects\QCA-AID\QCA_AID_assets\QCA_Utils.py", line 1599, in create_completion
    response = await self.client.chat.completions.create(**params)
               ^^^^^^^^^^^^^^^^^^^^^^^^^^^^^^^^^^^^^^^^^^^^^^^^^^^
[18:49:37]   File "C:\Users\justu\AppData\Local\Packages\PythonSoftwareFoundation.Python.3.11_qbz5n2kfra8p0\LocalCache\local-packages\Python311\site-packages\openai\resources\chat\completions\completions.py", line 2028, in create
    return await self._post(
           ^^^^^^^^^^^^^^^^^
[18:49:37]   File "C:\Users\justu\AppData\Local\Packages\PythonSoftwareFoundation.Python.3.11_qbz5n2kfra8p0\LocalCache\local-packages\Python311\site-packages\openai\_base_client.py", line 1742, in post
    return await self.request(cast_to, opts, stream=stream, stream_cls=stream_cls)
           ^^^^^^^^^^^^^^^^^^^^^^^^^^^^^^^^^^^^^^^^^^^^^^^^^^^^^^^^^^^^^^^^^^^^^^^
[18:49:37]   File "C:\Users\justu\AppData\Local\Packages\PythonSoftwareFoundation.Python.3.11_qbz5n2kfra8p0\LocalCache\local-packages\Python311\site-packages\openai\_base_client.py", line 1549, in request
    raise self._make_status_error_from_response(err.response) from None
[18:49:37] openai.BadRequestError: Error code: 400 - {'error': {'message': "Unsupported value: 'temperature' does not support 0.5 with this model. Only the default (1) value is supported.", 'type': 'invalid_request_error', 'param': 'temperature', 'code': 'unsupported_value'}}
[18:49:37] 
During handling of the above exception, another exception occurred:

[18:49:37] Traceback (most recent call last):
[18:49:37]   File "C:\Users\justu\OneDrive\Projekte\Forschung\R-Projects\QCA-AID\QCA_AID_assets\analysis\deductive_coding.py", line 568, in code_chunk_with_progressive_context
    response = await self.llm_provider.create_completion(
               ^^^^^^^^^^^^^^^^^^^^^^^^^^^^^^^^^^^^^^^^^^
[18:49:37]   File "C:\Users\justu\OneDrive\Projekte\Forschung\R-Projects\QCA-AID\QCA_AID_assets\QCA_Utils.py", line 1602, in create_completion
    token_counter.track_error(self.model_name)
    ^^^^^^^^^^^^^^^^^^^^^^^^^
[18:49:37] AttributeError: 'TokenTracker' object has no attribute 'track_error'
  √¢≈°¬† Keine Kodierung von auto_2 erhalten

üïµÔ∏è Verarbeite Segment text_demo_wiss.pdf_chunk_2 mit Kontext
[SEARCH] Relevanzpruefung: 1 neue Segmente
   üì¶ Verwende normale Batch-Methode f√ºr 1 Segmente
Fehler bei paralleler Relevanzpr√ºfung: 'TokenTracker' object has no attribute 'track_error'
[18:49:37] Traceback (most recent call last):
[18:49:37]   File "C:\Users\justu\OneDrive\Projekte\Forschung\R-Projects\QCA-AID\QCA_AID_assets\QCA_Utils.py", line 1599, in create_completion
    response = await self.client.chat.completions.create(**params)
               ^^^^^^^^^^^^^^^^^^^^^^^^^^^^^^^^^^^^^^^^^^^^^^^^^^^
[18:49:37]   File "C:\Users\justu\AppData\Local\Packages\PythonSoftwareFoundation.Python.3.11_qbz5n2kfra8p0\LocalCache\local-packages\Python311\site-packages\openai\resources\chat\completions\completions.py", line 2028, in create
    return await self._post(
           ^^^^^^^^^^^^^^^^^
[18:49:37]   File "C:\Users\justu\AppData\Local\Packages\PythonSoftwareFoundation.Python.3.11_qbz5n2kfra8p0\LocalCache\local-packages\Python311\site-packages\openai\_base_client.py", line 1742, in post
    return await self.request(cast_to, opts, stream=stream, stream_cls=stream_cls)
           ^^^^^^^^^^^^^^^^^^^^^^^^^^^^^^^^^^^^^^^^^^^^^^^^^^^^^^^^^^^^^^^^^^^^^^^
[18:49:37]   File "C:\Users\justu\AppData\Local\Packages\PythonSoftwareFoundation.Python.3.11_qbz5n2kfra8p0\LocalCache\local-packages\Python311\site-packages\openai\_base_client.py", line 1549, in request
    raise self._make_status_error_from_response(err.response) from None
[18:49:37] openai.BadRequestError: Error code: 400 - {'error': {'message': "Unsupported value: 'temperature' does not support 0.3 with this model. Only the default (1) value is supported.", 'type': 'invalid_request_error', 'param': 'temperature', 'code': 'unsupported_value'}}
[18:49:37] 
During handling of the above exception, another exception occurred:

[18:49:37] Traceback (most recent call last):
[18:49:37]   File "C:\Users\justu\OneDrive\Projekte\Forschung\R-Projects\QCA-AID\QCA_AID_assets\analysis\relevance_checker.py", line 273, in check_relevance_batch
    response = await self.llm_provider.create_completion(
               ^^^^^^^^^^^^^^^^^^^^^^^^^^^^^^^^^^^^^^^^^^
[18:49:37]   File "C:\Users\justu\OneDrive\Projekte\Forschung\R-Projects\QCA-AID\QCA_AID_assets\QCA_Utils.py", line 1602, in create_completion
    token_counter.track_error(self.model_name)
    ^^^^^^^^^^^^^^^^^^^^^^^^^
[18:49:37] AttributeError: 'TokenTracker' object has no attribute 'track_error'

Deduktiver Kodierer ü§ñ **auto_1** verarbeitet Chunk mit progressivem Kontext...
Dokumentfortschritt: ca. 10.0%
Summary-Reifephase: PHASE 1 (Sammlung), max. √Ñnderung: 50%
Fehler bei der Kodierung durch auto_1: 'TokenTracker' object has no attribute 'track_error'
Details:
[18:49:37] Traceback (most recent call last):
[18:49:37]   File "C:\Users\justu\OneDrive\Projekte\Forschung\R-Projects\QCA-AID\QCA_AID_assets\QCA_Utils.py", line 1599, in create_completion
    response = await self.client.chat.completions.create(**params)
               ^^^^^^^^^^^^^^^^^^^^^^^^^^^^^^^^^^^^^^^^^^^^^^^^^^^
[18:49:37]   File "C:\Users\justu\AppData\Local\Packages\PythonSoftwareFoundation.Python.3.11_qbz5n2kfra8p0\LocalCache\local-packages\Python311\site-packages\openai\resources\chat\completions\completions.py", line 2028, in create
    return await self._post(
           ^^^^^^^^^^^^^^^^^
[18:49:37]   File "C:\Users\justu\AppData\Local\Packages\PythonSoftwareFoundation.Python.3.11_qbz5n2kfra8p0\LocalCache\local-packages\Python311\site-packages\openai\_base_client.py", line 1742, in post
    return await self.request(cast_to, opts, stream=stream, stream_cls=stream_cls)
           ^^^^^^^^^^^^^^^^^^^^^^^^^^^^^^^^^^^^^^^^^^^^^^^^^^^^^^^^^^^^^^^^^^^^^^^
[18:49:37]   File "C:\Users\justu\AppData\Local\Packages\PythonSoftwareFoundation.Python.3.11_qbz5n2kfra8p0\LocalCache\local-packages\Python311\site-packages\openai\_base_client.py", line 1549, in request
    raise self._make_status_error_from_response(err.response) from None
[18:49:37] openai.BadRequestError: Error code: 400 - {'error': {'message': "Unsupported value: 'temperature' does not support 0.3 with this model. Only the default (1) value is supported.", 'type': 'invalid_request_error', 'param': 'temperature', 'code': 'unsupported_value'}}
[18:49:37] 
During handling of the above exception, another exception occurred:

[18:49:37] Traceback (most recent call last):
[18:49:37]   File "C:\Users\justu\OneDrive\Projekte\Forschung\R-Projects\QCA-AID\QCA_AID_assets\analysis\deductive_coding.py", line 568, in code_chunk_with_progressive_context
    response = await self.llm_provider.create_completion(
               ^^^^^^^^^^^^^^^^^^^^^^^^^^^^^^^^^^^^^^^^^^
[18:49:37]   File "C:\Users\justu\OneDrive\Projekte\Forschung\R-Projects\QCA-AID\QCA_AID_assets\QCA_Utils.py", line 1602, in create_completion
    token_counter.track_error(self.model_name)
    ^^^^^^^^^^^^^^^^^^^^^^^^^
[18:49:37] AttributeError: 'TokenTracker' object has no attribute 'track_error'
  √¢≈°¬† Keine Kodierung von auto_1 erhalten

Deduktiver Kodierer ü§ñ **auto_2** verarbeitet Chunk mit progressivem Kontext...
Dokumentfortschritt: ca. 10.0%
Summary-Reifephase: PHASE 1 (Sammlung), max. √Ñnderung: 50%
Fehler bei der Kodierung durch auto_2: 'TokenTracker' object has no attribute 'track_error'
Details:
[18:49:37] Traceback (most recent call last):
[18:49:37]   File "C:\Users\justu\OneDrive\Projekte\Forschung\R-Projects\QCA-AID\QCA_AID_assets\QCA_Utils.py", line 1599, in create_completion
    response = await self.client.chat.completions.create(**params)
               ^^^^^^^^^^^^^^^^^^^^^^^^^^^^^^^^^^^^^^^^^^^^^^^^^^^
[18:49:37]   File "C:\Users\justu\AppData\Local\Packages\PythonSoftwareFoundation.Python.3.11_qbz5n2kfra8p0\LocalCache\local-packages\Python311\site-packages\openai\resources\chat\completions\completions.py", line 2028, in create
    return await self._post(
           ^^^^^^^^^^^^^^^^^
[18:49:37]   File "C:\Users\justu\AppData\Local\Packages\PythonSoftwareFoundation.Python.3.11_qbz5n2kfra8p0\LocalCache\local-packages\Python311\site-packages\openai\_base_client.py", line 1742, in post
    return await self.request(cast_to, opts, stream=stream, stream_cls=stream_cls)
           ^^^^^^^^^^^^^^^^^^^^^^^^^^^^^^^^^^^^^^^^^^^^^^^^^^^^^^^^^^^^^^^^^^^^^^^
[18:49:37]   File "C:\Users\justu\AppData\Local\Packages\PythonSoftwareFoundation.Python.3.11_qbz5n2kfra8p0\LocalCache\local-packages\Python311\site-packages\openai\_base_client.py", line 1549, in request
    raise self._make_status_error_from_response(err.response) from None
[18:49:37] openai.BadRequestError: Error code: 400 - {'error': {'message': "Unsupported value: 'temperature' does not support 0.5 with this model. Only the default (1) value is supported.", 'type': 'invalid_request_error', 'param': 'temperature', 'code': 'unsupported_value'}}
[18:49:37] 
During handling of the above exception, another exception occurred:

[18:49:37] Traceback (most recent call last):
[18:49:37]   File "C:\Users\justu\OneDrive\Projekte\Forschung\R-Projects\QCA-AID\QCA_AID_assets\analysis\deductive_coding.py", line 568, in code_chunk_with_progressive_context
    response = await self.llm_provider.create_completion(
               ^^^^^^^^^^^^^^^^^^^^^^^^^^^^^^^^^^^^^^^^^^
[18:49:37]   File "C:\Users\justu\OneDrive\Projekte\Forschung\R-Projects\QCA-AID\QCA_AID_assets\QCA_Utils.py", line 1602, in create_completion
    token_counter.track_error(self.model_name)
    ^^^^^^^^^^^^^^^^^^^^^^^^^
[18:49:37] AttributeError: 'TokenTracker' object has no attribute 'track_error'
  √¢≈°¬† Keine Kodierung von auto_2 erhalten

üïµÔ∏è Verarbeite Segment text_demo_wiss.pdf_chunk_3 mit Kontext
[SEARCH] Relevanzpruefung: 1 neue Segmente
   üì¶ Verwende normale Batch-Methode f√ºr 1 Segmente
Fehler bei paralleler Relevanzpr√ºfung: 'TokenTracker' object has no attribute 'track_error'
[18:49:38] Traceback (most recent call last):
[18:49:38]   File "C:\Users\justu\OneDrive\Projekte\Forschung\R-Projects\QCA-AID\QCA_AID_assets\QCA_Utils.py", line 1599, in create_completion
    response = await self.client.chat.completions.create(**params)
               ^^^^^^^^^^^^^^^^^^^^^^^^^^^^^^^^^^^^^^^^^^^^^^^^^^^
[18:49:38]   File "C:\Users\justu\AppData\Local\Packages\PythonSoftwareFoundation.Python.3.11_qbz5n2kfra8p0\LocalCache\local-packages\Python311\site-packages\openai\resources\chat\completions\completions.py", line 2028, in create
    return await self._post(
           ^^^^^^^^^^^^^^^^^
[18:49:38]   File "C:\Users\justu\AppData\Local\Packages\PythonSoftwareFoundation.Python.3.11_qbz5n2kfra8p0\LocalCache\local-packages\Python311\site-packages\openai\_base_client.py", line 1742, in post
    return await self.request(cast_to, opts, stream=stream, stream_cls=stream_cls)
           ^^^^^^^^^^^^^^^^^^^^^^^^^^^^^^^^^^^^^^^^^^^^^^^^^^^^^^^^^^^^^^^^^^^^^^^
[18:49:38]   File "C:\Users\justu\AppData\Local\Packages\PythonSoftwareFoundation.Python.3.11_qbz5n2kfra8p0\LocalCache\local-packages\Python311\site-packages\openai\_base_client.py", line 1549, in request
    raise self._make_status_error_from_response(err.response) from None
[18:49:38] openai.BadRequestError: Error code: 400 - {'error': {'message': "Unsupported value: 'temperature' does not support 0.3 with this model. Only the default (1) value is supported.", 'type': 'invalid_request_error', 'param': 'temperature', 'code': 'unsupported_value'}}
[18:49:38] 
During handling of the above exception, another exception occurred:

[18:49:38] Traceback (most recent call last):
[18:49:38]   File "C:\Users\justu\OneDrive\Projekte\Forschung\R-Projects\QCA-AID\QCA_AID_assets\analysis\relevance_checker.py", line 273, in check_relevance_batch
    response = await self.llm_provider.create_completion(
               ^^^^^^^^^^^^^^^^^^^^^^^^^^^^^^^^^^^^^^^^^^
[18:49:38]   File "C:\Users\justu\OneDrive\Projekte\Forschung\R-Projects\QCA-AID\QCA_AID_assets\QCA_Utils.py", line 1602, in create_completion
    token_counter.track_error(self.model_name)
    ^^^^^^^^^^^^^^^^^^^^^^^^^
[18:49:38] AttributeError: 'TokenTracker' object has no attribute 'track_error'

Deduktiver Kodierer ü§ñ **auto_1** verarbeitet Chunk mit progressivem Kontext...
Dokumentfortschritt: ca. 15.0%
Summary-Reifephase: PHASE 1 (Sammlung), max. √Ñnderung: 50%
Fehler bei der Kodierung durch auto_1: 'TokenTracker' object has no attribute 'track_error'
Details:
[18:49:38] Traceback (most recent call last):
[18:49:38]   File "C:\Users\justu\OneDrive\Projekte\Forschung\R-Projects\QCA-AID\QCA_AID_assets\QCA_Utils.py", line 1599, in create_completion
    response = await self.client.chat.completions.create(**params)
               ^^^^^^^^^^^^^^^^^^^^^^^^^^^^^^^^^^^^^^^^^^^^^^^^^^^
[18:49:38]   File "C:\Users\justu\AppData\Local\Packages\PythonSoftwareFoundation.Python.3.11_qbz5n2kfra8p0\LocalCache\local-packages\Python311\site-packages\openai\resources\chat\completions\completions.py", line 2028, in create
    return await self._post(
           ^^^^^^^^^^^^^^^^^
[18:49:38]   File "C:\Users\justu\AppData\Local\Packages\PythonSoftwareFoundation.Python.3.11_qbz5n2kfra8p0\LocalCache\local-packages\Python311\site-packages\openai\_base_client.py", line 1742, in post
    return await self.request(cast_to, opts, stream=stream, stream_cls=stream_cls)
           ^^^^^^^^^^^^^^^^^^^^^^^^^^^^^^^^^^^^^^^^^^^^^^^^^^^^^^^^^^^^^^^^^^^^^^^
[18:49:38]   File "C:\Users\justu\AppData\Local\Packages\PythonSoftwareFoundation.Python.3.11_qbz5n2kfra8p0\LocalCache\local-packages\Python311\site-packages\openai\_base_client.py", line 1549, in request
    raise self._make_status_error_from_response(err.response) from None
[18:49:38] openai.BadRequestError: Error code: 400 - {'error': {'message': "Unsupported value: 'temperature' does not support 0.3 with this model. Only the default (1) value is supported.", 'type': 'invalid_request_error', 'param': 'temperature', 'code': 'unsupported_value'}}
[18:49:38] 
During handling of the above exception, another exception occurred:

[18:49:38] Traceback (most recent call last):
[18:49:38]   File "C:\Users\justu\OneDrive\Projekte\Forschung\R-Projects\QCA-AID\QCA_AID_assets\analysis\deductive_coding.py", line 568, in code_chunk_with_progressive_context
    response = await self.llm_provider.create_completion(
               ^^^^^^^^^^^^^^^^^^^^^^^^^^^^^^^^^^^^^^^^^^
[18:49:38]   File "C:\Users\justu\OneDrive\Projekte\Forschung\R-Projects\QCA-AID\QCA_AID_assets\QCA_Utils.py", line 1602, in create_completion
    token_counter.track_error(self.model_name)
    ^^^^^^^^^^^^^^^^^^^^^^^^^
[18:49:38] AttributeError: 'TokenTracker' object has no attribute 'track_error'
  √¢≈°¬† Keine Kodierung von auto_1 erhalten

Deduktiver Kodierer ü§ñ **auto_2** verarbeitet Chunk mit progressivem Kontext...
Dokumentfortschritt: ca. 15.0%
Summary-Reifephase: PHASE 1 (Sammlung), max. √Ñnderung: 50%
Fehler bei der Kodierung durch auto_2: 'TokenTracker' object has no attribute 'track_error'
Details:
[18:49:38] Traceback (most recent call last):
[18:49:38]   File "C:\Users\justu\OneDrive\Projekte\Forschung\R-Projects\QCA-AID\QCA_AID_assets\QCA_Utils.py", line 1599, in create_completion
    response = await self.client.chat.completions.create(**params)
               ^^^^^^^^^^^^^^^^^^^^^^^^^^^^^^^^^^^^^^^^^^^^^^^^^^^
[18:49:38]   File "C:\Users\justu\AppData\Local\Packages\PythonSoftwareFoundation.Python.3.11_qbz5n2kfra8p0\LocalCache\local-packages\Python311\site-packages\openai\resources\chat\completions\completions.py", line 2028, in create
    return await self._post(
           ^^^^^^^^^^^^^^^^^
[18:49:38]   File "C:\Users\justu\AppData\Local\Packages\PythonSoftwareFoundation.Python.3.11_qbz5n2kfra8p0\LocalCache\local-packages\Python311\site-packages\openai\_base_client.py", line 1742, in post
    return await self.request(cast_to, opts, stream=stream, stream_cls=stream_cls)
           ^^^^^^^^^^^^^^^^^^^^^^^^^^^^^^^^^^^^^^^^^^^^^^^^^^^^^^^^^^^^^^^^^^^^^^^
[18:49:38]   File "C:\Users\justu\AppData\Local\Packages\PythonSoftwareFoundation.Python.3.11_qbz5n2kfra8p0\LocalCache\local-packages\Python311\site-packages\openai\_base_client.py", line 1549, in request
    raise self._make_status_error_from_response(err.response) from None
[18:49:38] openai.BadRequestError: Error code: 400 - {'error': {'message': "Unsupported value: 'temperature' does not support 0.5 with this model. Only the default (1) value is supported.", 'type': 'invalid_request_error', 'param': 'temperature', 'code': 'unsupported_value'}}
[18:49:38] 
During handling of the above exception, another exception occurred:

[18:49:38] Traceback (most recent call last):
[18:49:38]   File "C:\Users\justu\OneDrive\Projekte\Forschung\R-Projects\QCA-AID\QCA_AID_assets\analysis\deductive_coding.py", line 568, in code_chunk_with_progressive_context
    response = await self.llm_provider.create_completion(
               ^^^^^^^^^^^^^^^^^^^^^^^^^^^^^^^^^^^^^^^^^^
[18:49:38]   File "C:\Users\justu\OneDrive\Projekte\Forschung\R-Projects\QCA-AID\QCA_AID_assets\QCA_Utils.py", line 1602, in create_completion
    token_counter.track_error(self.model_name)
    ^^^^^^^^^^^^^^^^^^^^^^^^^
[18:49:38] AttributeError: 'TokenTracker' object has no attribute 'track_error'
  √¢≈°¬† Keine Kodierung von auto_2 erhalten

üßæ S√Ñttigungsstatus:
   [TARGET] Theoretische S√Ñttigung: 53.6%
   ‚ÑπÔ∏è Materialabdeckung: 45.5%

‚ÑπÔ∏è Fortschritt:
   - Verarbeitete Segmente: 5/11
   - Aktuelle Kategorien: 8
   - Kodierungen: 0
   - Batch-Zeit: 5.56s

============================================================
üßæ BATCH 2: 5 Segmente
‚ÑπÔ∏è Material verarbeitet: 45.5%
============================================================

üïµÔ∏è Schritt 1: Erweiterte Relevanzpr√úfung fuer Forschungsfrage...
[REVIEW] Erweiterte Relevanzpruefung mit Kategorie-Vorauswahl fuer 5 Segmente...
Fehler bei erweiterter Relevanzpr√ºfung: 'TokenTracker' object has no attribute 'track_error'
[SEARCH] Relevanzpruefung: 5 neue Segmente
   üì¶ Verwende normale Batch-Methode f√ºr 5 Segmente
Fehler bei paralleler Relevanzpr√ºfung: 'TokenTracker' object has no attribute 'track_error'
[18:49:39] Traceback (most recent call last):
[18:49:39]   File "C:\Users\justu\OneDrive\Projekte\Forschung\R-Projects\QCA-AID\QCA_AID_assets\QCA_Utils.py", line 1599, in create_completion
    response = await self.client.chat.completions.create(**params)
               ^^^^^^^^^^^^^^^^^^^^^^^^^^^^^^^^^^^^^^^^^^^^^^^^^^^
[18:49:39]   File "C:\Users\justu\AppData\Local\Packages\PythonSoftwareFoundation.Python.3.11_qbz5n2kfra8p0\LocalCache\local-packages\Python311\site-packages\openai\resources\chat\completions\completions.py", line 2028, in create
    return await self._post(
           ^^^^^^^^^^^^^^^^^
[18:49:39]   File "C:\Users\justu\AppData\Local\Packages\PythonSoftwareFoundation.Python.3.11_qbz5n2kfra8p0\LocalCache\local-packages\Python311\site-packages\openai\_base_client.py", line 1742, in post
    return await self.request(cast_to, opts, stream=stream, stream_cls=stream_cls)
           ^^^^^^^^^^^^^^^^^^^^^^^^^^^^^^^^^^^^^^^^^^^^^^^^^^^^^^^^^^^^^^^^^^^^^^^
[18:49:39]   File "C:\Users\justu\AppData\Local\Packages\PythonSoftwareFoundation.Python.3.11_qbz5n2kfra8p0\LocalCache\local-packages\Python311\site-packages\openai\_base_client.py", line 1549, in request
    raise self._make_status_error_from_response(err.response) from None
[18:49:39] openai.BadRequestError: Error code: 400 - {'error': {'message': "Unsupported value: 'temperature' does not support 0.3 with this model. Only the default (1) value is supported.", 'type': 'invalid_request_error', 'param': 'temperature', 'code': 'unsupported_value'}}
[18:49:39] 
During handling of the above exception, another exception occurred:

[18:49:39] Traceback (most recent call last):
[18:49:39]   File "C:\Users\justu\OneDrive\Projekte\Forschung\R-Projects\QCA-AID\QCA_AID_assets\analysis\relevance_checker.py", line 273, in check_relevance_batch
    response = await self.llm_provider.create_completion(
               ^^^^^^^^^^^^^^^^^^^^^^^^^^^^^^^^^^^^^^^^^^
[18:49:39]   File "C:\Users\justu\OneDrive\Projekte\Forschung\R-Projects\QCA-AID\QCA_AID_assets\QCA_Utils.py", line 1602, in create_completion
    token_counter.track_error(self.model_name)
    ^^^^^^^^^^^^^^^^^^^^^^^^^
[18:49:39] AttributeError: 'TokenTracker' object has no attribute 'track_error'
üßæ Erweiterte Relevanz: 5 von 5 Segmenten relevant
üéØ Kategorie-Pr√Ñferenzen: {}

üìù N√Ñchster Schritt: Deduktive Kodierung aller 5 Segmente...
üéØ Kontext-Kodierung: 5 Segmente haben Kategorie-Pr√Ñferenzen
[SEARCH] Relevanzpruefung: 5 neue Segmente
   üì¶ Verwende normale Batch-Methode f√ºr 5 Segmente
Fehler bei paralleler Relevanzpr√ºfung: 'TokenTracker' object has no attribute 'track_error'
[18:49:39] Traceback (most recent call last):
[18:49:39]   File "C:\Users\justu\OneDrive\Projekte\Forschung\R-Projects\QCA-AID\QCA_AID_assets\QCA_Utils.py", line 1599, in create_completion
    response = await self.client.chat.completions.create(**params)
               ^^^^^^^^^^^^^^^^^^^^^^^^^^^^^^^^^^^^^^^^^^^^^^^^^^^
[18:49:39]   File "C:\Users\justu\AppData\Local\Packages\PythonSoftwareFoundation.Python.3.11_qbz5n2kfra8p0\LocalCache\local-packages\Python311\site-packages\openai\resources\chat\completions\completions.py", line 2028, in create
    return await self._post(
           ^^^^^^^^^^^^^^^^^
[18:49:39]   File "C:\Users\justu\AppData\Local\Packages\PythonSoftwareFoundation.Python.3.11_qbz5n2kfra8p0\LocalCache\local-packages\Python311\site-packages\openai\_base_client.py", line 1742, in post
    return await self.request(cast_to, opts, stream=stream, stream_cls=stream_cls)
           ^^^^^^^^^^^^^^^^^^^^^^^^^^^^^^^^^^^^^^^^^^^^^^^^^^^^^^^^^^^^^^^^^^^^^^^
[18:49:39]   File "C:\Users\justu\AppData\Local\Packages\PythonSoftwareFoundation.Python.3.11_qbz5n2kfra8p0\LocalCache\local-packages\Python311\site-packages\openai\_base_client.py", line 1549, in request
    raise self._make_status_error_from_response(err.response) from None
[18:49:39] openai.BadRequestError: Error code: 400 - {'error': {'message': "Unsupported value: 'temperature' does not support 0.3 with this model. Only the default (1) value is supported.", 'type': 'invalid_request_error', 'param': 'temperature', 'code': 'unsupported_value'}}
[18:49:39] 
During handling of the above exception, another exception occurred:

[18:49:39] Traceback (most recent call last):
[18:49:39]   File "C:\Users\justu\OneDrive\Projekte\Forschung\R-Projects\QCA-AID\QCA_AID_assets\analysis\relevance_checker.py", line 273, in check_relevance_batch
    response = await self.llm_provider.create_completion(
               ^^^^^^^^^^^^^^^^^^^^^^^^^^^^^^^^^^^^^^^^^^
[18:49:39]   File "C:\Users\justu\OneDrive\Projekte\Forschung\R-Projects\QCA-AID\QCA_AID_assets\QCA_Utils.py", line 1602, in create_completion
    token_counter.track_error(self.model_name)
    ^^^^^^^^^^^^^^^^^^^^^^^^^
[18:49:39] AttributeError: 'TokenTracker' object has no attribute 'track_error'
  ‚ÑπÔ∏è Pr√úfe 5 relevante Segmente auf Mehrfachkodierung...
[LAUNCH] Parallele Mehrfachkodierungs-Pruefung: 5 Segmente
Fehler bei paralleler Mehrfachkodierungs-Pr√ºfung: 'set' object is not subscriptable
[18:49:39] Traceback (most recent call last):
[18:49:39]   File "C:\Users\justu\OneDrive\Projekte\Forschung\R-Projects\QCA-AID\QCA_AID_assets\analysis\relevance_checker.py", line 121, in check_multiple_category_relevance
    'examples': cat_def.examples[:2] if cat_def.examples else []
                ~~~~~~~~~~~~~~~~^^^^
[18:49:39] TypeError: 'set' object is not subscriptable

üïµÔ∏è Verarbeite Segment text_demo_wiss.pdf_chunk_4 mit Kontext
[SEARCH] Relevanzpruefung: 1 neue Segmente
   üì¶ Verwende normale Batch-Methode f√ºr 1 Segmente
Fehler bei paralleler Relevanzpr√ºfung: 'TokenTracker' object has no attribute 'track_error'
[18:49:39] Traceback (most recent call last):
[18:49:39]   File "C:\Users\justu\OneDrive\Projekte\Forschung\R-Projects\QCA-AID\QCA_AID_assets\QCA_Utils.py", line 1599, in create_completion
    response = await self.client.chat.completions.create(**params)
               ^^^^^^^^^^^^^^^^^^^^^^^^^^^^^^^^^^^^^^^^^^^^^^^^^^^
[18:49:39]   File "C:\Users\justu\AppData\Local\Packages\PythonSoftwareFoundation.Python.3.11_qbz5n2kfra8p0\LocalCache\local-packages\Python311\site-packages\openai\resources\chat\completions\completions.py", line 2028, in create
    return await self._post(
           ^^^^^^^^^^^^^^^^^
[18:49:39]   File "C:\Users\justu\AppData\Local\Packages\PythonSoftwareFoundation.Python.3.11_qbz5n2kfra8p0\LocalCache\local-packages\Python311\site-packages\openai\_base_client.py", line 1742, in post
    return await self.request(cast_to, opts, stream=stream, stream_cls=stream_cls)
           ^^^^^^^^^^^^^^^^^^^^^^^^^^^^^^^^^^^^^^^^^^^^^^^^^^^^^^^^^^^^^^^^^^^^^^^
[18:49:39]   File "C:\Users\justu\AppData\Local\Packages\PythonSoftwareFoundation.Python.3.11_qbz5n2kfra8p0\LocalCache\local-packages\Python311\site-packages\openai\_base_client.py", line 1549, in request
    raise self._make_status_error_from_response(err.response) from None
[18:49:39] openai.BadRequestError: Error code: 400 - {'error': {'message': "Unsupported value: 'temperature' does not support 0.3 with this model. Only the default (1) value is supported.", 'type': 'invalid_request_error', 'param': 'temperature', 'code': 'unsupported_value'}}
[18:49:39] 
During handling of the above exception, another exception occurred:

[18:49:39] Traceback (most recent call last):
[18:49:39]   File "C:\Users\justu\OneDrive\Projekte\Forschung\R-Projects\QCA-AID\QCA_AID_assets\analysis\relevance_checker.py", line 273, in check_relevance_batch
    response = await self.llm_provider.create_completion(
               ^^^^^^^^^^^^^^^^^^^^^^^^^^^^^^^^^^^^^^^^^^
[18:49:39]   File "C:\Users\justu\OneDrive\Projekte\Forschung\R-Projects\QCA-AID\QCA_AID_assets\QCA_Utils.py", line 1602, in create_completion
    token_counter.track_error(self.model_name)
    ^^^^^^^^^^^^^^^^^^^^^^^^^
[18:49:39] AttributeError: 'TokenTracker' object has no attribute 'track_error'

Deduktiver Kodierer ü§ñ **auto_1** verarbeitet Chunk mit progressivem Kontext...
Dokumentfortschritt: ca. 20.0%
Summary-Reifephase: PHASE 1 (Sammlung), max. √Ñnderung: 50%


============================================================
üõë ESCAPE-TASTE GEDR√úCKT - KODIERUNG UNTERBRECHEN?
============================================================

Aktueller Status:
- Verarbeitete Segmente: 10
- Erstellte Kodierungen: 0
- Verstrichene Zeit: 6.8 Sekunden

‚ö†Ô∏è  Noch keine Kodierungen vorhanden
   Ein Export w√ºrde leere Ergebnisse erzeugen.

============================================================
OPTIONEN:
j + ENTER = Kodierung beenden und Zwischenergebnisse exportieren
n + ENTER = Kodierung fortsetzen
ESC       = Sofort beenden ohne Export
============================================================

Ihre Wahl (Timeout in 30 Sekunden): 
ESC

üõë Sofortiger Abbruch ohne Export...
[ABORT] Abbruch-Signal gesendet...
Fehler bei der Kodierung durch auto_1: 'TokenTracker' object has no attribute 'track_error'
Details:
[18:49:40] Traceback (most recent call last):
[18:49:40]   File "C:\Users\justu\OneDrive\Projekte\Forschung\R-Projects\QCA-AID\QCA_AID_assets\QCA_Utils.py", line 1599, in create_completion
    response = await self.client.chat.completions.create(**params)
               ^^^^^^^^^^^^^^^^^^^^^^^^^^^^^^^^^^^^^^^^^^^^^^^^^^^
[18:49:40]   File "C:\Users\justu\AppData\Local\Packages\PythonSoftwareFoundation.Python.3.11_qbz5n2kfra8p0\LocalCache\local-packages\Python311\site-packages\openai\resources\chat\completions\completions.py", line 2028, in create
    return await self._post(
           ^^^^^^^^^^^^^^^^^
[18:49:40]   File "C:\Users\justu\AppData\Local\Packages\PythonSoftwareFoundation.Python.3.11_qbz5n2kfra8p0\LocalCache\local-packages\Python311\site-packages\openai\_base_client.py", line 1742, in post
    return await self.request(cast_to, opts, stream=stream, stream_cls=stream_cls)
           ^^^^^^^^^^^^^^^^^^^^^^^^^^^^^^^^^^^^^^^^^^^^^^^^^^^^^^^^^^^^^^^^^^^^^^^
[18:49:40]   File "C:\Users\justu\AppData\Local\Packages\PythonSoftwareFoundation.Python.3.11_qbz5n2kfra8p0\LocalCache\local-packages\Python311\site-packages\openai\_base_client.py", line 1549, in request
    raise self._make_status_error_from_response(err.response) from None
[18:49:40] openai.BadRequestError: Error code: 400 - {'error': {'message': "Unsupported value: 'temperature' does not support 0.3 with this model. Only the default (1) value is supported.", 'type': 'invalid_request_error', 'param': 'temperature', 'code': 'unsupported_value'}}
[18:49:40] 
During handling of the above exception, another exception occurred:

[18:49:40] Traceback (most recent call last):
[18:49:40]   File "C:\Users\justu\OneDrive\Projekte\Forschung\R-Projects\QCA-AID\QCA_AID_assets\analysis\deductive_coding.py", line 568, in code_chunk_with_progressive_context
    response = await self.llm_provider.create_completion(
               ^^^^^^^^^^^^^^^^^^^^^^^^^^^^^^^^^^^^^^^^^^
[18:49:40]   File "C:\Users\justu\OneDrive\Projekte\Forschung\R-Projects\QCA-AID\QCA_AID_assets\QCA_Utils.py", line 1602, in create_completion
    token_counter.track_error(self.model_name)
    ^^^^^^^^^^^^^^^^^^^^^^^^^
[18:49:40] AttributeError: 'TokenTracker' object has no attribute 'track_error'
  √¢≈°¬† Keine Kodierung von auto_1 erhalten

Deduktiver Kodierer ü§ñ **auto_2** verarbeitet Chunk mit progressivem Kontext...
Dokumentfortschritt: ca. 20.0%
Summary-Reifephase: PHASE 1 (Sammlung), max. √Ñnderung: 50%
Fehler bei der Kodierung durch auto_2: 'TokenTracker' object has no attribute 'track_error'
Details:
[18:49:40] Traceback (most recent call last):
[18:49:40]   File "C:\Users\justu\OneDrive\Projekte\Forschung\R-Projects\QCA-AID\QCA_AID_assets\QCA_Utils.py", line 1599, in create_completion
    response = await self.client.chat.completions.create(**params)
               ^^^^^^^^^^^^^^^^^^^^^^^^^^^^^^^^^^^^^^^^^^^^^^^^^^^
[18:49:40]   File "C:\Users\justu\AppData\Local\Packages\PythonSoftwareFoundation.Python.3.11_qbz5n2kfra8p0\LocalCache\local-packages\Python311\site-packages\openai\resources\chat\completions\completions.py", line 2028, in create
    return await self._post(
           ^^^^^^^^^^^^^^^^^
[18:49:40]   File "C:\Users\justu\AppData\Local\Packages\PythonSoftwareFoundation.Python.3.11_qbz5n2kfra8p0\LocalCache\local-packages\Python311\site-packages\openai\_base_client.py", line 1742, in post
    return await self.request(cast_to, opts, stream=stream, stream_cls=stream_cls)
           ^^^^^^^^^^^^^^^^^^^^^^^^^^^^^^^^^^^^^^^^^^^^^^^^^^^^^^^^^^^^^^^^^^^^^^^
[18:49:40]   File "C:\Users\justu\AppData\Local\Packages\PythonSoftwareFoundation.Python.3.11_qbz5n2kfra8p0\LocalCache\local-packages\Python311\site-packages\openai\_base_client.py", line 1549, in request
    raise self._make_status_error_from_response(err.response) from None
[18:49:40] openai.BadRequestError: Error code: 400 - {'error': {'message': "Unsupported value: 'temperature' does not support 0.5 with this model. Only the default (1) value is supported.", 'type': 'invalid_request_error', 'param': 'temperature', 'code': 'unsupported_value'}}
[18:49:40] 
During handling of the above exception, another exception occurred:

[18:49:40] Traceback (most recent call last):
[18:49:40]   File "C:\Users\justu\OneDrive\Projekte\Forschung\R-Projects\QCA-AID\QCA_AID_assets\analysis\deductive_coding.py", line 568, in code_chunk_with_progressive_context
    response = await self.llm_provider.create_completion(
               ^^^^^^^^^^^^^^^^^^^^^^^^^^^^^^^^^^^^^^^^^^
[18:49:40]   File "C:\Users\justu\OneDrive\Projekte\Forschung\R-Projects\QCA-AID\QCA_AID_assets\QCA_Utils.py", line 1602, in create_completion
    token_counter.track_error(self.model_name)
    ^^^^^^^^^^^^^^^^^^^^^^^^^
[18:49:40] AttributeError: 'TokenTracker' object has no attribute 'track_error'
  √¢≈°¬† Keine Kodierung von auto_2 erhalten

üïµÔ∏è Verarbeite Segment trial_case_iv_2.pdf_chunk_0 mit Kontext
[SEARCH] Relevanzpruefung: 1 neue Segmente
   üì¶ Verwende normale Batch-Methode f√ºr 1 Segmente
Fehler bei paralleler Relevanzpr√ºfung: 'TokenTracker' object has no attribute 'track_error'
[18:49:40] Traceback (most recent call last):
[18:49:40]   File "C:\Users\justu\OneDrive\Projekte\Forschung\R-Projects\QCA-AID\QCA_AID_assets\QCA_Utils.py", line 1599, in create_completion
    response = await self.client.chat.completions.create(**params)
               ^^^^^^^^^^^^^^^^^^^^^^^^^^^^^^^^^^^^^^^^^^^^^^^^^^^
[18:49:40]   File "C:\Users\justu\AppData\Local\Packages\PythonSoftwareFoundation.Python.3.11_qbz5n2kfra8p0\LocalCache\local-packages\Python311\site-packages\openai\resources\chat\completions\completions.py", line 2028, in create
    return await self._post(
           ^^^^^^^^^^^^^^^^^
[18:49:40]   File "C:\Users\justu\AppData\Local\Packages\PythonSoftwareFoundation.Python.3.11_qbz5n2kfra8p0\LocalCache\local-packages\Python311\site-packages\openai\_base_client.py", line 1742, in post
    return await self.request(cast_to, opts, stream=stream, stream_cls=stream_cls)
           ^^^^^^^^^^^^^^^^^^^^^^^^^^^^^^^^^^^^^^^^^^^^^^^^^^^^^^^^^^^^^^^^^^^^^^^
[18:49:40]   File "C:\Users\justu\AppData\Local\Packages\PythonSoftwareFoundation.Python.3.11_qbz5n2kfra8p0\LocalCache\local-packages\Python311\site-packages\openai\_base_client.py", line 1549, in request
    raise self._make_status_error_from_response(err.response) from None
[18:49:40] openai.BadRequestError: Error code: 400 - {'error': {'message': "Unsupported value: 'temperature' does not support 0.3 with this model. Only the default (1) value is supported.", 'type': 'invalid_request_error', 'param': 'temperature', 'code': 'unsupported_value'}}
[18:49:40] 
During handling of the above exception, another exception occurred:

[18:49:40] Traceback (most recent call last):
[18:49:40]   File "C:\Users\justu\OneDrive\Projekte\Forschung\R-Projects\QCA-AID\QCA_AID_assets\analysis\relevance_checker.py", line 273, in check_relevance_batch
    response = await self.llm_provider.create_completion(
               ^^^^^^^^^^^^^^^^^^^^^^^^^^^^^^^^^^^^^^^^^^
[18:49:40]   File "C:\Users\justu\OneDrive\Projekte\Forschung\R-Projects\QCA-AID\QCA_AID_assets\QCA_Utils.py", line 1602, in create_completion
    token_counter.track_error(self.model_name)
    ^^^^^^^^^^^^^^^^^^^^^^^^^
[18:49:40] AttributeError: 'TokenTracker' object has no attribute 'track_error'

Deduktiver Kodierer ü§ñ **auto_1** verarbeitet Chunk mit progressivem Kontext...
Dokumentfortschritt: ca. 0.0%
Summary-Reifephase: PHASE 1 (Sammlung), max. √Ñnderung: 50%
Fehler bei der Kodierung durch auto_1: 'TokenTracker' object has no attribute 'track_error'
Details:
[18:49:41] Traceback (most recent call last):
[18:49:41]   File "C:\Users\justu\OneDrive\Projekte\Forschung\R-Projects\QCA-AID\QCA_AID_assets\QCA_Utils.py", line 1599, in create_completion
    response = await self.client.chat.completions.create(**params)
               ^^^^^^^^^^^^^^^^^^^^^^^^^^^^^^^^^^^^^^^^^^^^^^^^^^^
[18:49:41]   File "C:\Users\justu\AppData\Local\Packages\PythonSoftwareFoundation.Python.3.11_qbz5n2kfra8p0\LocalCache\local-packages\Python311\site-packages\openai\resources\chat\completions\completions.py", line 2028, in create
    return await self._post(
           ^^^^^^^^^^^^^^^^^
[18:49:41]   File "C:\Users\justu\AppData\Local\Packages\PythonSoftwareFoundation.Python.3.11_qbz5n2kfra8p0\LocalCache\local-packages\Python311\site-packages\openai\_base_client.py", line 1742, in post
    return await self.request(cast_to, opts, stream=stream, stream_cls=stream_cls)
           ^^^^^^^^^^^^^^^^^^^^^^^^^^^^^^^^^^^^^^^^^^^^^^^^^^^^^^^^^^^^^^^^^^^^^^^
[18:49:41]   File "C:\Users\justu\AppData\Local\Packages\PythonSoftwareFoundation.Python.3.11_qbz5n2kfra8p0\LocalCache\local-packages\Python311\site-packages\openai\_base_client.py", line 1549, in request
    raise self._make_status_error_from_response(err.response) from None
[18:49:41] openai.BadRequestError: Error code: 400 - {'error': {'message': "Unsupported value: 'temperature' does not support 0.3 with this model. Only the default (1) value is supported.", 'type': 'invalid_request_error', 'param': 'temperature', 'code': 'unsupported_value'}}
[18:49:41] 
During handling of the above exception, another exception occurred:

[18:49:41] Traceback (most recent call last):
[18:49:41]   File "C:\Users\justu\OneDrive\Projekte\Forschung\R-Projects\QCA-AID\QCA_AID_assets\analysis\deductive_coding.py", line 568, in code_chunk_with_progressive_context
    response = await self.llm_provider.create_completion(
               ^^^^^^^^^^^^^^^^^^^^^^^^^^^^^^^^^^^^^^^^^^
[18:49:41]   File "C:\Users\justu\OneDrive\Projekte\Forschung\R-Projects\QCA-AID\QCA_AID_assets\QCA_Utils.py", line 1602, in create_completion
    token_counter.track_error(self.model_name)
    ^^^^^^^^^^^^^^^^^^^^^^^^^
[18:49:41] AttributeError: 'TokenTracker' object has no attribute 'track_error'
  √¢≈°¬† Keine Kodierung von auto_1 erhalten

Deduktiver Kodierer ü§ñ **auto_2** verarbeitet Chunk mit progressivem Kontext...
Dokumentfortschritt: ca. 0.0%
Summary-Reifephase: PHASE 1 (Sammlung), max. √Ñnderung: 50%
Fehler bei der Kodierung durch auto_2: 'TokenTracker' object has no attribute 'track_error'
Details:
[18:49:41] Traceback (most recent call last):
[18:49:41]   File "C:\Users\justu\OneDrive\Projekte\Forschung\R-Projects\QCA-AID\QCA_AID_assets\QCA_Utils.py", line 1599, in create_completion
    response = await self.client.chat.completions.create(**params)
               ^^^^^^^^^^^^^^^^^^^^^^^^^^^^^^^^^^^^^^^^^^^^^^^^^^^
[18:49:41]   File "C:\Users\justu\AppData\Local\Packages\PythonSoftwareFoundation.Python.3.11_qbz5n2kfra8p0\LocalCache\local-packages\Python311\site-packages\openai\resources\chat\completions\completions.py", line 2028, in create
    return await self._post(
           ^^^^^^^^^^^^^^^^^
[18:49:41]   File "C:\Users\justu\AppData\Local\Packages\PythonSoftwareFoundation.Python.3.11_qbz5n2kfra8p0\LocalCache\local-packages\Python311\site-packages\openai\_base_client.py", line 1742, in post
    return await self.request(cast_to, opts, stream=stream, stream_cls=stream_cls)
           ^^^^^^^^^^^^^^^^^^^^^^^^^^^^^^^^^^^^^^^^^^^^^^^^^^^^^^^^^^^^^^^^^^^^^^^
[18:49:41]   File "C:\Users\justu\AppData\Local\Packages\PythonSoftwareFoundation.Python.3.11_qbz5n2kfra8p0\LocalCache\local-packages\Python311\site-packages\openai\_base_client.py", line 1549, in request
    raise self._make_status_error_from_response(err.response) from None
[18:49:41] openai.BadRequestError: Error code: 400 - {'error': {'message': "Unsupported value: 'temperature' does not support 0.5 with this model. Only the default (1) value is supported.", 'type': 'invalid_request_error', 'param': 'temperature', 'code': 'unsupported_value'}}
[18:49:41] 
During handling of the above exception, another exception occurred:

[18:49:41] Traceback (most recent call last):
[18:49:41]   File "C:\Users\justu\OneDrive\Projekte\Forschung\R-Projects\QCA-AID\QCA_AID_assets\analysis\deductive_coding.py", line 568, in code_chunk_with_progressive_context
    response = await self.llm_provider.create_completion(
               ^^^^^^^^^^^^^^^^^^^^^^^^^^^^^^^^^^^^^^^^^^
[18:49:41]   File "C:\Users\justu\OneDrive\Projekte\Forschung\R-Projects\QCA-AID\QCA_AID_assets\QCA_Utils.py", line 1602, in create_completion
    token_counter.track_error(self.model_name)
    ^^^^^^^^^^^^^^^^^^^^^^^^^
[18:49:41] AttributeError: 'TokenTracker' object has no attribute 'track_error'
  √¢≈°¬† Keine Kodierung von auto_2 erhalten

üïµÔ∏è Verarbeite Segment trial_case_iv_2.pdf_chunk_1 mit Kontext
[SEARCH] Relevanzpruefung: 1 neue Segmente
   üì¶ Verwende normale Batch-Methode f√ºr 1 Segmente
Fehler bei paralleler Relevanzpr√ºfung: 'TokenTracker' object has no attribute 'track_error'
[18:49:41] Traceback (most recent call last):
[18:49:41]   File "C:\Users\justu\OneDrive\Projekte\Forschung\R-Projects\QCA-AID\QCA_AID_assets\QCA_Utils.py", line 1599, in create_completion
    response = await self.client.chat.completions.create(**params)
               ^^^^^^^^^^^^^^^^^^^^^^^^^^^^^^^^^^^^^^^^^^^^^^^^^^^
[18:49:41]   File "C:\Users\justu\AppData\Local\Packages\PythonSoftwareFoundation.Python.3.11_qbz5n2kfra8p0\LocalCache\local-packages\Python311\site-packages\openai\resources\chat\completions\completions.py", line 2028, in create
    return await self._post(
           ^^^^^^^^^^^^^^^^^
[18:49:41]   File "C:\Users\justu\AppData\Local\Packages\PythonSoftwareFoundation.Python.3.11_qbz5n2kfra8p0\LocalCache\local-packages\Python311\site-packages\openai\_base_client.py", line 1742, in post
    return await self.request(cast_to, opts, stream=stream, stream_cls=stream_cls)
           ^^^^^^^^^^^^^^^^^^^^^^^^^^^^^^^^^^^^^^^^^^^^^^^^^^^^^^^^^^^^^^^^^^^^^^^
[18:49:41]   File "C:\Users\justu\AppData\Local\Packages\PythonSoftwareFoundation.Python.3.11_qbz5n2kfra8p0\LocalCache\local-packages\Python311\site-packages\openai\_base_client.py", line 1549, in request
    raise self._make_status_error_from_response(err.response) from None
[18:49:41] openai.BadRequestError: Error code: 400 - {'error': {'message': "Unsupported value: 'temperature' does not support 0.3 with this model. Only the default (1) value is supported.", 'type': 'invalid_request_error', 'param': 'temperature', 'code': 'unsupported_value'}}
[18:49:41] 
During handling of the above exception, another exception occurred:

[18:49:41] Traceback (most recent call last):
[18:49:41]   File "C:\Users\justu\OneDrive\Projekte\Forschung\R-Projects\QCA-AID\QCA_AID_assets\analysis\relevance_checker.py", line 273, in check_relevance_batch
    response = await self.llm_provider.create_completion(
               ^^^^^^^^^^^^^^^^^^^^^^^^^^^^^^^^^^^^^^^^^^
[18:49:41]   File "C:\Users\justu\OneDrive\Projekte\Forschung\R-Projects\QCA-AID\QCA_AID_assets\QCA_Utils.py", line 1602, in create_completion
    token_counter.track_error(self.model_name)
    ^^^^^^^^^^^^^^^^^^^^^^^^^
[18:49:41] AttributeError: 'TokenTracker' object has no attribute 'track_error'

Deduktiver Kodierer ü§ñ **auto_1** verarbeitet Chunk mit progressivem Kontext...
Dokumentfortschritt: ca. 5.0%
Summary-Reifephase: PHASE 1 (Sammlung), max. √Ñnderung: 50%
Fehler bei der Kodierung durch auto_1: 'TokenTracker' object has no attribute 'track_error'
Details:
[18:49:41] Traceback (most recent call last):
[18:49:41]   File "C:\Users\justu\OneDrive\Projekte\Forschung\R-Projects\QCA-AID\QCA_AID_assets\QCA_Utils.py", line 1599, in create_completion
    response = await self.client.chat.completions.create(**params)
               ^^^^^^^^^^^^^^^^^^^^^^^^^^^^^^^^^^^^^^^^^^^^^^^^^^^
[18:49:41]   File "C:\Users\justu\AppData\Local\Packages\PythonSoftwareFoundation.Python.3.11_qbz5n2kfra8p0\LocalCache\local-packages\Python311\site-packages\openai\resources\chat\completions\completions.py", line 2028, in create
    return await self._post(
           ^^^^^^^^^^^^^^^^^
[18:49:41]   File "C:\Users\justu\AppData\Local\Packages\PythonSoftwareFoundation.Python.3.11_qbz5n2kfra8p0\LocalCache\local-packages\Python311\site-packages\openai\_base_client.py", line 1742, in post
    return await self.request(cast_to, opts, stream=stream, stream_cls=stream_cls)
           ^^^^^^^^^^^^^^^^^^^^^^^^^^^^^^^^^^^^^^^^^^^^^^^^^^^^^^^^^^^^^^^^^^^^^^^
[18:49:41]   File "C:\Users\justu\AppData\Local\Packages\PythonSoftwareFoundation.Python.3.11_qbz5n2kfra8p0\LocalCache\local-packages\Python311\site-packages\openai\_base_client.py", line 1549, in request
    raise self._make_status_error_from_response(err.response) from None
[18:49:41] openai.BadRequestError: Error code: 400 - {'error': {'message': "Unsupported value: 'temperature' does not support 0.3 with this model. Only the default (1) value is supported.", 'type': 'invalid_request_error', 'param': 'temperature', 'code': 'unsupported_value'}}
[18:49:41] 
During handling of the above exception, another exception occurred:

[18:49:41] Traceback (most recent call last):
[18:49:41]   File "C:\Users\justu\OneDrive\Projekte\Forschung\R-Projects\QCA-AID\QCA_AID_assets\analysis\deductive_coding.py", line 568, in code_chunk_with_progressive_context
    response = await self.llm_provider.create_completion(
               ^^^^^^^^^^^^^^^^^^^^^^^^^^^^^^^^^^^^^^^^^^
[18:49:41]   File "C:\Users\justu\OneDrive\Projekte\Forschung\R-Projects\QCA-AID\QCA_AID_assets\QCA_Utils.py", line 1602, in create_completion
    token_counter.track_error(self.model_name)
    ^^^^^^^^^^^^^^^^^^^^^^^^^
[18:49:41] AttributeError: 'TokenTracker' object has no attribute 'track_error'
  √¢≈°¬† Keine Kodierung von auto_1 erhalten

Deduktiver Kodierer ü§ñ **auto_2** verarbeitet Chunk mit progressivem Kontext...
Dokumentfortschritt: ca. 5.0%
Summary-Reifephase: PHASE 1 (Sammlung), max. √Ñnderung: 50%
Fehler bei der Kodierung durch auto_2: 'TokenTracker' object has no attribute 'track_error'
Details:
[18:49:41] Traceback (most recent call last):
[18:49:41]   File "C:\Users\justu\OneDrive\Projekte\Forschung\R-Projects\QCA-AID\QCA_AID_assets\QCA_Utils.py", line 1599, in create_completion
    response = await self.client.chat.completions.create(**params)
               ^^^^^^^^^^^^^^^^^^^^^^^^^^^^^^^^^^^^^^^^^^^^^^^^^^^
[18:49:41]   File "C:\Users\justu\AppData\Local\Packages\PythonSoftwareFoundation.Python.3.11_qbz5n2kfra8p0\LocalCache\local-packages\Python311\site-packages\openai\resources\chat\completions\completions.py", line 2028, in create
    return await self._post(
           ^^^^^^^^^^^^^^^^^
[18:49:41]   File "C:\Users\justu\AppData\Local\Packages\PythonSoftwareFoundation.Python.3.11_qbz5n2kfra8p0\LocalCache\local-packages\Python311\site-packages\openai\_base_client.py", line 1742, in post
    return await self.request(cast_to, opts, stream=stream, stream_cls=stream_cls)
           ^^^^^^^^^^^^^^^^^^^^^^^^^^^^^^^^^^^^^^^^^^^^^^^^^^^^^^^^^^^^^^^^^^^^^^^
[18:49:41]   File "C:\Users\justu\AppData\Local\Packages\PythonSoftwareFoundation.Python.3.11_qbz5n2kfra8p0\LocalCache\local-packages\Python311\site-packages\openai\_base_client.py", line 1549, in request
    raise self._make_status_error_from_response(err.response) from None
[18:49:41] openai.BadRequestError: Error code: 400 - {'error': {'message': "Unsupported value: 'temperature' does not support 0.5 with this model. Only the default (1) value is supported.", 'type': 'invalid_request_error', 'param': 'temperature', 'code': 'unsupported_value'}}
[18:49:41] 
During handling of the above exception, another exception occurred:

[18:49:41] Traceback (most recent call last):
[18:49:41]   File "C:\Users\justu\OneDrive\Projekte\Forschung\R-Projects\QCA-AID\QCA_AID_assets\analysis\deductive_coding.py", line 568, in code_chunk_with_progressive_context
    response = await self.llm_provider.create_completion(
               ^^^^^^^^^^^^^^^^^^^^^^^^^^^^^^^^^^^^^^^^^^
[18:49:41]   File "C:\Users\justu\OneDrive\Projekte\Forschung\R-Projects\QCA-AID\QCA_AID_assets\QCA_Utils.py", line 1602, in create_completion
    token_counter.track_error(self.model_name)
    ^^^^^^^^^^^^^^^^^^^^^^^^^
[18:49:41] AttributeError: 'TokenTracker' object has no attribute 'track_error'
  √¢≈°¬† Keine Kodierung von auto_2 erhalten

üïµÔ∏è Verarbeite Segment trial_case_iv_2.pdf_chunk_2 mit Kontext
[SEARCH] Relevanzpruefung: 1 neue Segmente
   üì¶ Verwende normale Batch-Methode f√ºr 1 Segmente
Fehler bei paralleler Relevanzpr√ºfung: 'TokenTracker' object has no attribute 'track_error'
[18:49:42] Traceback (most recent call last):
[18:49:42]   File "C:\Users\justu\OneDrive\Projekte\Forschung\R-Projects\QCA-AID\QCA_AID_assets\QCA_Utils.py", line 1599, in create_completion
    response = await self.client.chat.completions.create(**params)
               ^^^^^^^^^^^^^^^^^^^^^^^^^^^^^^^^^^^^^^^^^^^^^^^^^^^
[18:49:42]   File "C:\Users\justu\AppData\Local\Packages\PythonSoftwareFoundation.Python.3.11_qbz5n2kfra8p0\LocalCache\local-packages\Python311\site-packages\openai\resources\chat\completions\completions.py", line 2028, in create
    return await self._post(
           ^^^^^^^^^^^^^^^^^
[18:49:42]   File "C:\Users\justu\AppData\Local\Packages\PythonSoftwareFoundation.Python.3.11_qbz5n2kfra8p0\LocalCache\local-packages\Python311\site-packages\openai\_base_client.py", line 1742, in post
    return await self.request(cast_to, opts, stream=stream, stream_cls=stream_cls)
           ^^^^^^^^^^^^^^^^^^^^^^^^^^^^^^^^^^^^^^^^^^^^^^^^^^^^^^^^^^^^^^^^^^^^^^^
[18:49:42]   File "C:\Users\justu\AppData\Local\Packages\PythonSoftwareFoundation.Python.3.11_qbz5n2kfra8p0\LocalCache\local-packages\Python311\site-packages\openai\_base_client.py", line 1549, in request
    raise self._make_status_error_from_response(err.response) from None
[18:49:42] openai.BadRequestError: Error code: 400 - {'error': {'message': "Unsupported value: 'temperature' does not support 0.3 with this model. Only the default (1) value is supported.", 'type': 'invalid_request_error', 'param': 'temperature', 'code': 'unsupported_value'}}
[18:49:42] 
During handling of the above exception, another exception occurred:

[18:49:42] Traceback (most recent call last):
[18:49:42]   File "C:\Users\justu\OneDrive\Projekte\Forschung\R-Projects\QCA-AID\QCA_AID_assets\analysis\relevance_checker.py", line 273, in check_relevance_batch
    response = await self.llm_provider.create_completion(
               ^^^^^^^^^^^^^^^^^^^^^^^^^^^^^^^^^^^^^^^^^^
[18:49:42]   File "C:\Users\justu\OneDrive\Projekte\Forschung\R-Projects\QCA-AID\QCA_AID_assets\QCA_Utils.py", line 1602, in create_completion
    token_counter.track_error(self.model_name)
    ^^^^^^^^^^^^^^^^^^^^^^^^^
[18:49:42] AttributeError: 'TokenTracker' object has no attribute 'track_error'

Deduktiver Kodierer ü§ñ **auto_1** verarbeitet Chunk mit progressivem Kontext...
Dokumentfortschritt: ca. 10.0%
Summary-Reifephase: PHASE 1 (Sammlung), max. √Ñnderung: 50%
Fehler bei der Kodierung durch auto_1: 'TokenTracker' object has no attribute 'track_error'
Details:
[18:49:42] Traceback (most recent call last):
[18:49:42]   File "C:\Users\justu\OneDrive\Projekte\Forschung\R-Projects\QCA-AID\QCA_AID_assets\QCA_Utils.py", line 1599, in create_completion
    response = await self.client.chat.completions.create(**params)
               ^^^^^^^^^^^^^^^^^^^^^^^^^^^^^^^^^^^^^^^^^^^^^^^^^^^
[18:49:42]   File "C:\Users\justu\AppData\Local\Packages\PythonSoftwareFoundation.Python.3.11_qbz5n2kfra8p0\LocalCache\local-packages\Python311\site-packages\openai\resources\chat\completions\completions.py", line 2028, in create
    return await self._post(
           ^^^^^^^^^^^^^^^^^
[18:49:42]   File "C:\Users\justu\AppData\Local\Packages\PythonSoftwareFoundation.Python.3.11_qbz5n2kfra8p0\LocalCache\local-packages\Python311\site-packages\openai\_base_client.py", line 1742, in post
    return await self.request(cast_to, opts, stream=stream, stream_cls=stream_cls)
           ^^^^^^^^^^^^^^^^^^^^^^^^^^^^^^^^^^^^^^^^^^^^^^^^^^^^^^^^^^^^^^^^^^^^^^^
[18:49:42]   File "C:\Users\justu\AppData\Local\Packages\PythonSoftwareFoundation.Python.3.11_qbz5n2kfra8p0\LocalCache\local-packages\Python311\site-packages\openai\_base_client.py", line 1549, in request
    raise self._make_status_error_from_response(err.response) from None
[18:49:42] openai.BadRequestError: Error code: 400 - {'error': {'message': "Unsupported value: 'temperature' does not support 0.3 with this model. Only the default (1) value is supported.", 'type': 'invalid_request_error', 'param': 'temperature', 'code': 'unsupported_value'}}
[18:49:42] 
During handling of the above exception, another exception occurred:

[18:49:42] Traceback (most recent call last):
[18:49:42]   File "C:\Users\justu\OneDrive\Projekte\Forschung\R-Projects\QCA-AID\QCA_AID_assets\analysis\deductive_coding.py", line 568, in code_chunk_with_progressive_context
    response = await self.llm_provider.create_completion(
               ^^^^^^^^^^^^^^^^^^^^^^^^^^^^^^^^^^^^^^^^^^
[18:49:42]   File "C:\Users\justu\OneDrive\Projekte\Forschung\R-Projects\QCA-AID\QCA_AID_assets\QCA_Utils.py", line 1602, in create_completion
    token_counter.track_error(self.model_name)
    ^^^^^^^^^^^^^^^^^^^^^^^^^
[18:49:42] AttributeError: 'TokenTracker' object has no attribute 'track_error'
  √¢≈°¬† Keine Kodierung von auto_1 erhalten

Deduktiver Kodierer ü§ñ **auto_2** verarbeitet Chunk mit progressivem Kontext...
Dokumentfortschritt: ca. 10.0%
Summary-Reifephase: PHASE 1 (Sammlung), max. √Ñnderung: 50%
Fehler bei der Kodierung durch auto_2: 'TokenTracker' object has no attribute 'track_error'
Details:
[18:49:42] Traceback (most recent call last):
[18:49:42]   File "C:\Users\justu\OneDrive\Projekte\Forschung\R-Projects\QCA-AID\QCA_AID_assets\QCA_Utils.py", line 1599, in create_completion
    response = await self.client.chat.completions.create(**params)
               ^^^^^^^^^^^^^^^^^^^^^^^^^^^^^^^^^^^^^^^^^^^^^^^^^^^
[18:49:42]   File "C:\Users\justu\AppData\Local\Packages\PythonSoftwareFoundation.Python.3.11_qbz5n2kfra8p0\LocalCache\local-packages\Python311\site-packages\openai\resources\chat\completions\completions.py", line 2028, in create
    return await self._post(
           ^^^^^^^^^^^^^^^^^
[18:49:42]   File "C:\Users\justu\AppData\Local\Packages\PythonSoftwareFoundation.Python.3.11_qbz5n2kfra8p0\LocalCache\local-packages\Python311\site-packages\openai\_base_client.py", line 1742, in post
    return await self.request(cast_to, opts, stream=stream, stream_cls=stream_cls)
           ^^^^^^^^^^^^^^^^^^^^^^^^^^^^^^^^^^^^^^^^^^^^^^^^^^^^^^^^^^^^^^^^^^^^^^^
[18:49:42]   File "C:\Users\justu\AppData\Local\Packages\PythonSoftwareFoundation.Python.3.11_qbz5n2kfra8p0\LocalCache\local-packages\Python311\site-packages\openai\_base_client.py", line 1549, in request
    raise self._make_status_error_from_response(err.response) from None
[18:49:42] openai.BadRequestError: Error code: 400 - {'error': {'message': "Unsupported value: 'temperature' does not support 0.5 with this model. Only the default (1) value is supported.", 'type': 'invalid_request_error', 'param': 'temperature', 'code': 'unsupported_value'}}
[18:49:42] 
During handling of the above exception, another exception occurred:

[18:49:42] Traceback (most recent call last):
[18:49:42]   File "C:\Users\justu\OneDrive\Projekte\Forschung\R-Projects\QCA-AID\QCA_AID_assets\analysis\deductive_coding.py", line 568, in code_chunk_with_progressive_context
    response = await self.llm_provider.create_completion(
               ^^^^^^^^^^^^^^^^^^^^^^^^^^^^^^^^^^^^^^^^^^
[18:49:42]   File "C:\Users\justu\OneDrive\Projekte\Forschung\R-Projects\QCA-AID\QCA_AID_assets\QCA_Utils.py", line 1602, in create_completion
    token_counter.track_error(self.model_name)
    ^^^^^^^^^^^^^^^^^^^^^^^^^
[18:49:42] AttributeError: 'TokenTracker' object has no attribute 'track_error'
  √¢≈°¬† Keine Kodierung von auto_2 erhalten

üïµÔ∏è Verarbeite Segment trial_case_iv_2.pdf_chunk_3 mit Kontext
[SEARCH] Relevanzpruefung: 1 neue Segmente
   üì¶ Verwende normale Batch-Methode f√ºr 1 Segmente
Fehler bei paralleler Relevanzpr√ºfung: 'TokenTracker' object has no attribute 'track_error'
[18:49:43] Traceback (most recent call last):
[18:49:43]   File "C:\Users\justu\OneDrive\Projekte\Forschung\R-Projects\QCA-AID\QCA_AID_assets\QCA_Utils.py", line 1599, in create_completion
    response = await self.client.chat.completions.create(**params)
               ^^^^^^^^^^^^^^^^^^^^^^^^^^^^^^^^^^^^^^^^^^^^^^^^^^^
[18:49:43]   File "C:\Users\justu\AppData\Local\Packages\PythonSoftwareFoundation.Python.3.11_qbz5n2kfra8p0\LocalCache\local-packages\Python311\site-packages\openai\resources\chat\completions\completions.py", line 2028, in create
    return await self._post(
           ^^^^^^^^^^^^^^^^^
[18:49:43]   File "C:\Users\justu\AppData\Local\Packages\PythonSoftwareFoundation.Python.3.11_qbz5n2kfra8p0\LocalCache\local-packages\Python311\site-packages\openai\_base_client.py", line 1742, in post
    return await self.request(cast_to, opts, stream=stream, stream_cls=stream_cls)
           ^^^^^^^^^^^^^^^^^^^^^^^^^^^^^^^^^^^^^^^^^^^^^^^^^^^^^^^^^^^^^^^^^^^^^^^
[18:49:43]   File "C:\Users\justu\AppData\Local\Packages\PythonSoftwareFoundation.Python.3.11_qbz5n2kfra8p0\LocalCache\local-packages\Python311\site-packages\openai\_base_client.py", line 1549, in request
    raise self._make_status_error_from_response(err.response) from None
[18:49:43] openai.BadRequestError: Error code: 400 - {'error': {'message': "Unsupported value: 'temperature' does not support 0.3 with this model. Only the default (1) value is supported.", 'type': 'invalid_request_error', 'param': 'temperature', 'code': 'unsupported_value'}}
[18:49:43] 
During handling of the above exception, another exception occurred:

[18:49:43] Traceback (most recent call last):
[18:49:43]   File "C:\Users\justu\OneDrive\Projekte\Forschung\R-Projects\QCA-AID\QCA_AID_assets\analysis\relevance_checker.py", line 273, in check_relevance_batch
    response = await self.llm_provider.create_completion(
               ^^^^^^^^^^^^^^^^^^^^^^^^^^^^^^^^^^^^^^^^^^
[18:49:43]   File "C:\Users\justu\OneDrive\Projekte\Forschung\R-Projects\QCA-AID\QCA_AID_assets\QCA_Utils.py", line 1602, in create_completion
    token_counter.track_error(self.model_name)
    ^^^^^^^^^^^^^^^^^^^^^^^^^
[18:49:43] AttributeError: 'TokenTracker' object has no attribute 'track_error'

Deduktiver Kodierer ü§ñ **auto_1** verarbeitet Chunk mit progressivem Kontext...
Dokumentfortschritt: ca. 15.0%
Summary-Reifephase: PHASE 1 (Sammlung), max. √Ñnderung: 50%
Fehler bei der Kodierung durch auto_1: 'TokenTracker' object has no attribute 'track_error'
Details:
[18:49:43] Traceback (most recent call last):
[18:49:43]   File "C:\Users\justu\OneDrive\Projekte\Forschung\R-Projects\QCA-AID\QCA_AID_assets\QCA_Utils.py", line 1599, in create_completion
    response = await self.client.chat.completions.create(**params)
               ^^^^^^^^^^^^^^^^^^^^^^^^^^^^^^^^^^^^^^^^^^^^^^^^^^^
[18:49:43]   File "C:\Users\justu\AppData\Local\Packages\PythonSoftwareFoundation.Python.3.11_qbz5n2kfra8p0\LocalCache\local-packages\Python311\site-packages\openai\resources\chat\completions\completions.py", line 2028, in create
    return await self._post(
           ^^^^^^^^^^^^^^^^^
[18:49:43]   File "C:\Users\justu\AppData\Local\Packages\PythonSoftwareFoundation.Python.3.11_qbz5n2kfra8p0\LocalCache\local-packages\Python311\site-packages\openai\_base_client.py", line 1742, in post
    return await self.request(cast_to, opts, stream=stream, stream_cls=stream_cls)
           ^^^^^^^^^^^^^^^^^^^^^^^^^^^^^^^^^^^^^^^^^^^^^^^^^^^^^^^^^^^^^^^^^^^^^^^
[18:49:43]   File "C:\Users\justu\AppData\Local\Packages\PythonSoftwareFoundation.Python.3.11_qbz5n2kfra8p0\LocalCache\local-packages\Python311\site-packages\openai\_base_client.py", line 1549, in request
    raise self._make_status_error_from_response(err.response) from None
[18:49:43] openai.BadRequestError: Error code: 400 - {'error': {'message': "Unsupported value: 'temperature' does not support 0.3 with this model. Only the default (1) value is supported.", 'type': 'invalid_request_error', 'param': 'temperature', 'code': 'unsupported_value'}}
[18:49:43] 
During handling of the above exception, another exception occurred:

[18:49:43] Traceback (most recent call last):
[18:49:43]   File "C:\Users\justu\OneDrive\Projekte\Forschung\R-Projects\QCA-AID\QCA_AID_assets\analysis\deductive_coding.py", line 568, in code_chunk_with_progressive_context
    response = await self.llm_provider.create_completion(
               ^^^^^^^^^^^^^^^^^^^^^^^^^^^^^^^^^^^^^^^^^^
[18:49:43]   File "C:\Users\justu\OneDrive\Projekte\Forschung\R-Projects\QCA-AID\QCA_AID_assets\QCA_Utils.py", line 1602, in create_completion
    token_counter.track_error(self.model_name)
    ^^^^^^^^^^^^^^^^^^^^^^^^^
[18:49:43] AttributeError: 'TokenTracker' object has no attribute 'track_error'
  √¢≈°¬† Keine Kodierung von auto_1 erhalten

Deduktiver Kodierer ü§ñ **auto_2** verarbeitet Chunk mit progressivem Kontext...
Dokumentfortschritt: ca. 15.0%
Summary-Reifephase: PHASE 1 (Sammlung), max. √Ñnderung: 50%
Fehler bei der Kodierung durch auto_2: 'TokenTracker' object has no attribute 'track_error'
Details:
[18:49:43] Traceback (most recent call last):
[18:49:43]   File "C:\Users\justu\OneDrive\Projekte\Forschung\R-Projects\QCA-AID\QCA_AID_assets\QCA_Utils.py", line 1599, in create_completion
    response = await self.client.chat.completions.create(**params)
               ^^^^^^^^^^^^^^^^^^^^^^^^^^^^^^^^^^^^^^^^^^^^^^^^^^^
[18:49:43]   File "C:\Users\justu\AppData\Local\Packages\PythonSoftwareFoundation.Python.3.11_qbz5n2kfra8p0\LocalCache\local-packages\Python311\site-packages\openai\resources\chat\completions\completions.py", line 2028, in create
    return await self._post(
           ^^^^^^^^^^^^^^^^^
[18:49:43]   File "C:\Users\justu\AppData\Local\Packages\PythonSoftwareFoundation.Python.3.11_qbz5n2kfra8p0\LocalCache\local-packages\Python311\site-packages\openai\_base_client.py", line 1742, in post
    return await self.request(cast_to, opts, stream=stream, stream_cls=stream_cls)
           ^^^^^^^^^^^^^^^^^^^^^^^^^^^^^^^^^^^^^^^^^^^^^^^^^^^^^^^^^^^^^^^^^^^^^^^
[18:49:43]   File "C:\Users\justu\AppData\Local\Packages\PythonSoftwareFoundation.Python.3.11_qbz5n2kfra8p0\LocalCache\local-packages\Python311\site-packages\openai\_base_client.py", line 1549, in request
    raise self._make_status_error_from_response(err.response) from None
[18:49:43] openai.BadRequestError: Error code: 400 - {'error': {'message': "Unsupported value: 'temperature' does not support 0.5 with this model. Only the default (1) value is supported.", 'type': 'invalid_request_error', 'param': 'temperature', 'code': 'unsupported_value'}}
[18:49:43] 
During handling of the above exception, another exception occurred:

[18:49:43] Traceback (most recent call last):
[18:49:43]   File "C:\Users\justu\OneDrive\Projekte\Forschung\R-Projects\QCA-AID\QCA_AID_assets\analysis\deductive_coding.py", line 568, in code_chunk_with_progressive_context
    response = await self.llm_provider.create_completion(
               ^^^^^^^^^^^^^^^^^^^^^^^^^^^^^^^^^^^^^^^^^^
[18:49:43]   File "C:\Users\justu\OneDrive\Projekte\Forschung\R-Projects\QCA-AID\QCA_AID_assets\QCA_Utils.py", line 1602, in create_completion
    token_counter.track_error(self.model_name)
    ^^^^^^^^^^^^^^^^^^^^^^^^^
[18:49:43] AttributeError: 'TokenTracker' object has no attribute 'track_error'
  √¢≈°¬† Keine Kodierung von auto_2 erhalten

üßæ S√Ñttigungsstatus:
   [TARGET] Theoretische S√Ñttigung: 53.6%
   ‚ÑπÔ∏è Materialabdeckung: 90.9%

‚ÑπÔ∏è Fortschritt:
   - Verarbeitete Segmente: 10/11
   - Aktuelle Kategorien: 8
   - Kodierungen: 0
   - Batch-Zeit: 5.13s

üèÅ Abbruch durch Benutzer erkannt...

üßæ Exportiere Zwischenergebnisse...

Codebook gespeichert unter: C:\Users\justu\OneDrive\Projekte\Forschung\R-Projects\QCA-AID\output\codebook_intermediate_20251117_184943.json
- Deduktive Kategorien: 8
- Induktive Kategorien: 0
- Grounded Kategorien: 0
üîÄ¬Å Zwischenkategorien gespeichert: 8 Kategorien
‚ùå  Keine Kodierungen zum Exportieren vorhanden

Fortschritts√úberwachung beendet.

Gesamtzahl Kodierungen: 0

Keine Kodierungen fuer Reliabilit√Ñtsberechnung

9. F√úhre kategorie-zentrierten Review-Prozess durch...
üîÄ‚Äπ Review-Modus: consensus
üìà Eingabe: 0 urspr√úngliche Kodierungen

=== REVIEW-PROZESS (CONSENSUS) ===
‚ÑπÔ∏è Erstelle kategorie-spezifische Segmente...
[OK] 0 kategorie-spezifische Segmente erstellt
üïµÔ∏è F√úhre Consensus-Review durch...
Review abgeschlossen: 0 finale Kodierungen
[OK] Review abgeschlossen: 0 finale Kodierungen
============================================================
=== QCA-AID Console Log beendet: 2025-11-17 18:49:43 ===
